[ 2017-05-05T17:23:47+08:00 ] 127.0.0.1 /shop/
INFO: [ app_init ] --START--
INFO: Run Behavior\BuildLiteBehavior [ RunTime:0.000000s ]
INFO: [ app_init ] --END-- [ RunTime:0.000000s ]
INFO: [ app_begin ] --START--
INFO: Run Behavior\ReadHtmlCacheBehavior [ RunTime:0.001000s ]
INFO: [ app_begin ] --END-- [ RunTime:0.001000s ]
SQL: SHOW COLUMNS FROM `shop_ad` [ RunTime:0.0020s ]
SQL: SELECT * FROM `shop_ad`  [ RunTime:0.0000s ]
SQL: SHOW COLUMNS FROM `shop_goods` [ RunTime:0.0000s ]
SQL: SELECT * FROM `shop_goods` WHERE `is_hot` = 1 AND `is_delete` = 0 LIMIT 4   [ RunTime:0.0010s ]
SQL: SELECT * FROM `shop_goods` WHERE `is_new` = 1 AND `is_delete` = 0 LIMIT 4   [ RunTime:0.0010s ]
SQL: SELECT * FROM `shop_goods` WHERE `is_delete` = 0  [ RunTime:0.0000s ]
SQL: SHOW COLUMNS FROM `shop_category` [ RunTime:0.0010s ]
SQL: SELECT * FROM `shop_category`  [ RunTime:0.0010s ]
INFO: [ view_parse ] --START--
INFO: [ template_filter ] --START--
INFO: Run Behavior\ContentReplaceBehavior [ RunTime:0.000000s ]
INFO: [ template_filter ] --END-- [ RunTime:0.001000s ]
NOTIC: [8] Undefined variable: page_seo C:\wamp64\www\shop\Application\Runtime\Cache\Home\2a94b8bda04ff446dcedd42276fc99ee.php 第 5 行.
NOTIC: [8] Undefined variable: page_seo C:\wamp64\www\shop\Application\Runtime\Cache\Home\2a94b8bda04ff446dcedd42276fc99ee.php 第 6 行.
NOTIC: [8] Undefined variable: visitor C:\wamp64\www\shop\Application\Runtime\Cache\Home\2a94b8bda04ff446dcedd42276fc99ee.php 第 251 行.
NOTIC: [8] Undefined variable: async_sendmail C:\wamp64\www\shop\Application\Runtime\Cache\Home\2a94b8bda04ff446dcedd42276fc99ee.php 第 252 行.
INFO: Run Behavior\ParseTemplateBehavior [ RunTime:0.014000s ]
INFO: [ view_parse ] --END-- [ RunTime:0.014000s ]
INFO: [ view_filter ] --START--
INFO: Run Behavior\WriteHtmlCacheBehavior [ RunTime:0.001000s ]
INFO: [ view_filter ] --END-- [ RunTime:0.001000s ]
INFO: [ app_end ] --START--
INFO: Run Behavior\ShowPageTraceBehavior [ RunTime:0.001000s ]
INFO: [ app_end ] --END-- [ RunTime:0.001000s ]

[ 2017-05-05T17:24:53+08:00 ] 127.0.0.1 /shop/
INFO: [ app_init ] --START--
INFO: Run Behavior\BuildLiteBehavior [ RunTime:0.000000s ]
INFO: [ app_init ] --END-- [ RunTime:0.000000s ]
INFO: [ app_begin ] --START--
INFO: Run Behavior\ReadHtmlCacheBehavior [ RunTime:0.001000s ]
INFO: [ app_begin ] --END-- [ RunTime:0.001000s ]
SQL: SHOW COLUMNS FROM `shop_ad` [ RunTime:0.0010s ]
SQL: SELECT * FROM `shop_ad`  [ RunTime:0.0010s ]
SQL: SHOW COLUMNS FROM `shop_goods` [ RunTime:0.0010s ]
SQL: SELECT * FROM `shop_goods` WHERE `is_hot` = 1 AND `is_delete` = 0 LIMIT 4   [ RunTime:0.0010s ]
SQL: SELECT * FROM `shop_goods` WHERE `is_new` = 1 AND `is_delete` = 0 LIMIT 4   [ RunTime:0.0010s ]
SQL: SELECT * FROM `shop_goods` WHERE `is_delete` = 0  [ RunTime:0.0010s ]
SQL: SHOW COLUMNS FROM `shop_category` [ RunTime:0.0000s ]
SQL: SELECT * FROM `shop_category`  [ RunTime:0.0010s ]
INFO: [ view_parse ] --START--
INFO: [ template_filter ] --START--
INFO: Run Behavior\ContentReplaceBehavior [ RunTime:0.000000s ]
INFO: [ template_filter ] --END-- [ RunTime:0.000000s ]
NOTIC: [8] Undefined variable: page_seo C:\wamp64\www\shop\Application\Runtime\Cache\Home\2a94b8bda04ff446dcedd42276fc99ee.php 第 5 行.
NOTIC: [8] Undefined variable: page_seo C:\wamp64\www\shop\Application\Runtime\Cache\Home\2a94b8bda04ff446dcedd42276fc99ee.php 第 6 行.
NOTIC: [8] Undefined variable: visitor C:\wamp64\www\shop\Application\Runtime\Cache\Home\2a94b8bda04ff446dcedd42276fc99ee.php 第 251 行.
NOTIC: [8] Undefined variable: async_sendmail C:\wamp64\www\shop\Application\Runtime\Cache\Home\2a94b8bda04ff446dcedd42276fc99ee.php 第 252 行.
INFO: Run Behavior\ParseTemplateBehavior [ RunTime:0.014001s ]
INFO: [ view_parse ] --END-- [ RunTime:0.014001s ]
INFO: [ view_filter ] --START--
INFO: Run Behavior\WriteHtmlCacheBehavior [ RunTime:0.000000s ]
INFO: [ view_filter ] --END-- [ RunTime:0.000000s ]
INFO: [ app_end ] --START--
INFO: Run Behavior\ShowPageTraceBehavior [ RunTime:0.001000s ]
INFO: [ app_end ] --END-- [ RunTime:0.001000s ]

[ 2017-05-05T17:25:46+08:00 ] 127.0.0.1 /shop/index.php/Home/Index/index.html
INFO: [ app_init ] --START--
INFO: Run Behavior\BuildLiteBehavior [ RunTime:0.000000s ]
INFO: [ app_init ] --END-- [ RunTime:0.000000s ]
INFO: [ app_begin ] --START--
INFO: Run Behavior\ReadHtmlCacheBehavior [ RunTime:0.001000s ]
INFO: [ app_begin ] --END-- [ RunTime:0.001000s ]
SQL: SHOW COLUMNS FROM `shop_ad` [ RunTime:0.0000s ]
SQL: SELECT * FROM `shop_ad`  [ RunTime:0.0010s ]
SQL: SHOW COLUMNS FROM `shop_goods` [ RunTime:0.0010s ]
SQL: SELECT * FROM `shop_goods` WHERE `is_hot` = 1 AND `is_delete` = 0 LIMIT 4   [ RunTime:0.0000s ]
SQL: SELECT * FROM `shop_goods` WHERE `is_new` = 1 AND `is_delete` = 0 LIMIT 4   [ RunTime:0.0010s ]
SQL: SELECT * FROM `shop_goods` WHERE `is_delete` = 0  [ RunTime:0.0000s ]
SQL: SHOW COLUMNS FROM `shop_category` [ RunTime:0.0010s ]
SQL: SELECT * FROM `shop_category`  [ RunTime:0.0000s ]
INFO: [ view_parse ] --START--
INFO: [ template_filter ] --START--
INFO: Run Behavior\ContentReplaceBehavior [ RunTime:0.000000s ]
INFO: [ template_filter ] --END-- [ RunTime:0.000000s ]
NOTIC: [8] Undefined variable: page_seo C:\wamp64\www\shop\Application\Runtime\Cache\Home\2a94b8bda04ff446dcedd42276fc99ee.php 第 5 行.
NOTIC: [8] Undefined variable: page_seo C:\wamp64\www\shop\Application\Runtime\Cache\Home\2a94b8bda04ff446dcedd42276fc99ee.php 第 6 行.
NOTIC: [8] Undefined variable: visitor C:\wamp64\www\shop\Application\Runtime\Cache\Home\2a94b8bda04ff446dcedd42276fc99ee.php 第 251 行.
NOTIC: [8] Undefined variable: async_sendmail C:\wamp64\www\shop\Application\Runtime\Cache\Home\2a94b8bda04ff446dcedd42276fc99ee.php 第 252 行.
INFO: Run Behavior\ParseTemplateBehavior [ RunTime:0.013001s ]
INFO: [ view_parse ] --END-- [ RunTime:0.013001s ]
INFO: [ view_filter ] --START--
INFO: Run Behavior\WriteHtmlCacheBehavior [ RunTime:0.001000s ]
INFO: [ view_filter ] --END-- [ RunTime:0.001000s ]
INFO: [ app_end ] --START--
INFO: Run Behavior\ShowPageTraceBehavior [ RunTime:0.001000s ]
INFO: [ app_end ] --END-- [ RunTime:0.001000s ]

[ 2017-05-05T17:26:12+08:00 ] 127.0.0.1 /shop/index.php/Home/User/index.html
INFO: [ app_init ] --START--
INFO: Run Behavior\BuildLiteBehavior [ RunTime:0.000000s ]
INFO: [ app_init ] --END-- [ RunTime:0.001000s ]
INFO: [ app_begin ] --START--
INFO: Run Behavior\ReadHtmlCacheBehavior [ RunTime:0.001000s ]
INFO: [ app_begin ] --END-- [ RunTime:0.001000s ]
SQL: SHOW COLUMNS FROM `shop_order` [ RunTime:0.0010s ]
SQL: SELECT * FROM `shop_order` WHERE `status` = 1 AND `uid` = 3 ORDER BY id desc  [ RunTime:0.0010s ]
SQL: SHOW COLUMNS FROM `shop_order_detail` [ RunTime:0.0000s ]
INFO: [ view_parse ] --START--
INFO: [ template_filter ] --START--
INFO: Run Behavior\ContentReplaceBehavior [ RunTime:0.000000s ]
INFO: [ template_filter ] --END-- [ RunTime:0.000000s ]
NOTIC: [8] Undefined variable: page_seo C:\wamp64\www\shop\Application\Runtime\Cache\Home\6830cbac89ff06451c77cd8769d6d4ca.php 第 6 行.
NOTIC: [8] Undefined variable: page_seo C:\wamp64\www\shop\Application\Runtime\Cache\Home\6830cbac89ff06451c77cd8769d6d4ca.php 第 7 行.
NOTIC: [8] Undefined variable: category C:\wamp64\www\shop\Application\Runtime\Cache\Home\6830cbac89ff06451c77cd8769d6d4ca.php 第 53 行.
NOTIC: [8] Undefined variable: visitor C:\wamp64\www\shop\Application\Runtime\Cache\Home\6830cbac89ff06451c77cd8769d6d4ca.php 第 86 行.
NOTIC: [8] Undefined variable: visitor C:\wamp64\www\shop\Application\Runtime\Cache\Home\6830cbac89ff06451c77cd8769d6d4ca.php 第 189 行.
NOTIC: [8] Undefined variable: async_sendmail C:\wamp64\www\shop\Application\Runtime\Cache\Home\6830cbac89ff06451c77cd8769d6d4ca.php 第 190 行.
INFO: Run Behavior\ParseTemplateBehavior [ RunTime:0.011000s ]
INFO: [ view_parse ] --END-- [ RunTime:0.011000s ]
INFO: [ view_filter ] --START--
INFO: Run Behavior\WriteHtmlCacheBehavior [ RunTime:0.000000s ]
INFO: [ view_filter ] --END-- [ RunTime:0.000000s ]
INFO: [ app_end ] --START--
INFO: Run Behavior\ShowPageTraceBehavior [ RunTime:0.001000s ]
INFO: [ app_end ] --END-- [ RunTime:0.001000s ]

[ 2017-05-05T17:26:13+08:00 ] 127.0.0.1 /shop/
INFO: [ app_init ] --START--
INFO: Run Behavior\BuildLiteBehavior [ RunTime:0.000000s ]
INFO: [ app_init ] --END-- [ RunTime:0.000000s ]
INFO: [ app_begin ] --START--
INFO: Run Behavior\ReadHtmlCacheBehavior [ RunTime:0.001000s ]
INFO: [ app_begin ] --END-- [ RunTime:0.001000s ]
SQL: SHOW COLUMNS FROM `shop_ad` [ RunTime:0.0000s ]
SQL: SELECT * FROM `shop_ad`  [ RunTime:0.0000s ]
SQL: SHOW COLUMNS FROM `shop_goods` [ RunTime:0.0010s ]
SQL: SELECT * FROM `shop_goods` WHERE `is_hot` = 1 AND `is_delete` = 0 LIMIT 4   [ RunTime:0.0000s ]
SQL: SELECT * FROM `shop_goods` WHERE `is_new` = 1 AND `is_delete` = 0 LIMIT 4   [ RunTime:0.0010s ]
SQL: SELECT * FROM `shop_goods` WHERE `is_delete` = 0  [ RunTime:0.0000s ]
SQL: SHOW COLUMNS FROM `shop_category` [ RunTime:0.0010s ]
SQL: SELECT * FROM `shop_category`  [ RunTime:0.0000s ]
INFO: [ view_parse ] --START--
INFO: [ template_filter ] --START--
INFO: Run Behavior\ContentReplaceBehavior [ RunTime:0.000000s ]
INFO: [ template_filter ] --END-- [ RunTime:0.001000s ]
NOTIC: [8] Undefined variable: page_seo C:\wamp64\www\shop\Application\Runtime\Cache\Home\2a94b8bda04ff446dcedd42276fc99ee.php 第 5 行.
NOTIC: [8] Undefined variable: page_seo C:\wamp64\www\shop\Application\Runtime\Cache\Home\2a94b8bda04ff446dcedd42276fc99ee.php 第 6 行.
NOTIC: [8] Undefined variable: visitor C:\wamp64\www\shop\Application\Runtime\Cache\Home\2a94b8bda04ff446dcedd42276fc99ee.php 第 251 行.
NOTIC: [8] Undefined variable: async_sendmail C:\wamp64\www\shop\Application\Runtime\Cache\Home\2a94b8bda04ff446dcedd42276fc99ee.php 第 252 行.
INFO: Run Behavior\ParseTemplateBehavior [ RunTime:0.013001s ]
INFO: [ view_parse ] --END-- [ RunTime:0.013001s ]
INFO: [ view_filter ] --START--
INFO: Run Behavior\WriteHtmlCacheBehavior [ RunTime:0.001000s ]
INFO: [ view_filter ] --END-- [ RunTime:0.001000s ]
INFO: [ app_end ] --START--
INFO: Run Behavior\ShowPageTraceBehavior [ RunTime:0.001000s ]
INFO: [ app_end ] --END-- [ RunTime:0.001000s ]

[ 2017-05-05T17:26:30+08:00 ] 127.0.0.1 /shop/index.php/Home/Cart/index.html
INFO: [ app_init ] --START--
INFO: Run Behavior\BuildLiteBehavior [ RunTime:0.000000s ]
INFO: [ app_init ] --END-- [ RunTime:0.001000s ]
INFO: [ app_begin ] --START--
INFO: Run Behavior\ReadHtmlCacheBehavior [ RunTime:0.000000s ]
INFO: [ app_begin ] --END-- [ RunTime:0.000000s ]
INFO: [ view_parse ] --START--
INFO: [ template_filter ] --START--
INFO: Run Behavior\ContentReplaceBehavior [ RunTime:0.000000s ]
INFO: [ template_filter ] --END-- [ RunTime:0.000000s ]
NOTIC: [8] Undefined variable: category C:\wamp64\www\shop\Application\Runtime\Cache\Home\6f105010063b4e4da2af04cb5dd2d5a4.php 第 40 行.
NOTIC: [8] Undefined variable: visitor C:\wamp64\www\shop\Application\Runtime\Cache\Home\6f105010063b4e4da2af04cb5dd2d5a4.php 第 131 行.
NOTIC: [8] Undefined variable: async_sendmail C:\wamp64\www\shop\Application\Runtime\Cache\Home\6f105010063b4e4da2af04cb5dd2d5a4.php 第 132 行.
INFO: Run Behavior\ParseTemplateBehavior [ RunTime:0.007001s ]
INFO: [ view_parse ] --END-- [ RunTime:0.007001s ]
INFO: [ view_filter ] --START--
INFO: Run Behavior\WriteHtmlCacheBehavior [ RunTime:0.001000s ]
INFO: [ view_filter ] --END-- [ RunTime:0.001000s ]
INFO: [ app_end ] --START--
INFO: Run Behavior\ShowPageTraceBehavior [ RunTime:0.000000s ]
INFO: [ app_end ] --END-- [ RunTime:0.000000s ]

[ 2017-05-05T17:26:40+08:00 ] 127.0.0.1 /shop/index.php/Home/Index/index.html
INFO: [ app_init ] --START--
INFO: Run Behavior\BuildLiteBehavior [ RunTime:0.000000s ]
INFO: [ app_init ] --END-- [ RunTime:0.001000s ]
INFO: [ app_begin ] --START--
INFO: Run Behavior\ReadHtmlCacheBehavior [ RunTime:0.000000s ]
INFO: [ app_begin ] --END-- [ RunTime:0.000000s ]
SQL: SHOW COLUMNS FROM `shop_ad` [ RunTime:0.0010s ]
SQL: SELECT * FROM `shop_ad`  [ RunTime:0.0000s ]
SQL: SHOW COLUMNS FROM `shop_goods` [ RunTime:0.0010s ]
SQL: SELECT * FROM `shop_goods` WHERE `is_hot` = 1 AND `is_delete` = 0 LIMIT 4   [ RunTime:0.0010s ]
SQL: SELECT * FROM `shop_goods` WHERE `is_new` = 1 AND `is_delete` = 0 LIMIT 4   [ RunTime:0.0000s ]
SQL: SELECT * FROM `shop_goods` WHERE `is_delete` = 0  [ RunTime:0.0010s ]
SQL: SHOW COLUMNS FROM `shop_category` [ RunTime:0.0000s ]
SQL: SELECT * FROM `shop_category`  [ RunTime:0.0010s ]
INFO: [ view_parse ] --START--
INFO: [ template_filter ] --START--
INFO: Run Behavior\ContentReplaceBehavior [ RunTime:0.001000s ]
INFO: [ template_filter ] --END-- [ RunTime:0.001000s ]
NOTIC: [8] Undefined variable: page_seo C:\wamp64\www\shop\Application\Runtime\Cache\Home\2a94b8bda04ff446dcedd42276fc99ee.php 第 5 行.
NOTIC: [8] Undefined variable: page_seo C:\wamp64\www\shop\Application\Runtime\Cache\Home\2a94b8bda04ff446dcedd42276fc99ee.php 第 6 行.
NOTIC: [8] Undefined variable: visitor C:\wamp64\www\shop\Application\Runtime\Cache\Home\2a94b8bda04ff446dcedd42276fc99ee.php 第 251 行.
NOTIC: [8] Undefined variable: async_sendmail C:\wamp64\www\shop\Application\Runtime\Cache\Home\2a94b8bda04ff446dcedd42276fc99ee.php 第 252 行.
INFO: Run Behavior\ParseTemplateBehavior [ RunTime:0.013000s ]
INFO: [ view_parse ] --END-- [ RunTime:0.013000s ]
INFO: [ view_filter ] --START--
INFO: Run Behavior\WriteHtmlCacheBehavior [ RunTime:0.001001s ]
INFO: [ view_filter ] --END-- [ RunTime:0.001001s ]
INFO: [ app_end ] --START--
INFO: Run Behavior\ShowPageTraceBehavior [ RunTime:0.000000s ]
INFO: [ app_end ] --END-- [ RunTime:0.000000s ]

[ 2017-05-05T17:26:53+08:00 ] 127.0.0.1 /shop/index.php/Home/Goods/search/cid/8/cat_name/%E5%9C%B0%E6%96%B9%E9%9B%B6%E9%A3%9F.html
INFO: [ app_init ] --START--
INFO: Run Behavior\BuildLiteBehavior [ RunTime:0.000000s ]
INFO: [ app_init ] --END-- [ RunTime:0.000000s ]
INFO: [ app_begin ] --START--
INFO: Run Behavior\ReadHtmlCacheBehavior [ RunTime:0.001000s ]
INFO: [ app_begin ] --END-- [ RunTime:0.001000s ]
SQL: SHOW COLUMNS FROM `shop_category` [ RunTime:0.0010s ]
SQL: SELECT * FROM `shop_category`  [ RunTime:0.0000s ]
SQL: SHOW COLUMNS FROM `shop_goods` [ RunTime:0.0010s ]
SQL: SELECT * FROM `shop_goods` WHERE `cat_id` = 8  [ RunTime:0.0000s ]
INFO: [ view_parse ] --START--
INFO: [ template_filter ] --START--
INFO: Run Behavior\ContentReplaceBehavior [ RunTime:0.000000s ]
INFO: [ template_filter ] --END-- [ RunTime:0.000000s ]
NOTIC: [8] Undefined variable: page_seo C:\wamp64\www\shop\Application\Runtime\Cache\Home\27f14699caceec7a5d3969036a8d398a.php 第 5 行.
NOTIC: [8] Undefined variable: page_seo C:\wamp64\www\shop\Application\Runtime\Cache\Home\27f14699caceec7a5d3969036a8d398a.php 第 6 行.
NOTIC: [8] Undefined variable: goods_name C:\wamp64\www\shop\Application\Runtime\Cache\Home\27f14699caceec7a5d3969036a8d398a.php 第 105 行.
NOTIC: [8] Undefined variable: goods_name C:\wamp64\www\shop\Application\Runtime\Cache\Home\27f14699caceec7a5d3969036a8d398a.php 第 124 行.
NOTIC: [8] Undefined variable: visitor C:\wamp64\www\shop\Application\Runtime\Cache\Home\27f14699caceec7a5d3969036a8d398a.php 第 167 行.
NOTIC: [8] Undefined variable: async_sendmail C:\wamp64\www\shop\Application\Runtime\Cache\Home\27f14699caceec7a5d3969036a8d398a.php 第 168 行.
INFO: Run Behavior\ParseTemplateBehavior [ RunTime:0.008001s ]
INFO: [ view_parse ] --END-- [ RunTime:0.008001s ]
INFO: [ view_filter ] --START--
INFO: Run Behavior\WriteHtmlCacheBehavior [ RunTime:0.000000s ]
INFO: [ view_filter ] --END-- [ RunTime:0.000000s ]
INFO: [ app_end ] --START--
INFO: Run Behavior\ShowPageTraceBehavior [ RunTime:0.001000s ]
INFO: [ app_end ] --END-- [ RunTime:0.001000s ]

[ 2017-05-05T17:26:57+08:00 ] 127.0.0.1 /shop/index.php/Home/Goods/search/cid/5/cat_name/%E8%87%AA%E5%88%B6%E8%82%89%E7%B1%BB.html
INFO: [ app_init ] --START--
INFO: Run Behavior\BuildLiteBehavior [ RunTime:0.000000s ]
INFO: [ app_init ] --END-- [ RunTime:0.000000s ]
INFO: [ app_begin ] --START--
INFO: Run Behavior\ReadHtmlCacheBehavior [ RunTime:0.001000s ]
INFO: [ app_begin ] --END-- [ RunTime:0.001000s ]
SQL: SHOW COLUMNS FROM `shop_category` [ RunTime:0.0010s ]
SQL: SELECT * FROM `shop_category`  [ RunTime:0.0000s ]
SQL: SHOW COLUMNS FROM `shop_goods` [ RunTime:0.0010s ]
SQL: SELECT * FROM `shop_goods` WHERE `cat_id` = 5  [ RunTime:0.0010s ]
INFO: [ view_parse ] --START--
INFO: [ template_filter ] --START--
INFO: Run Behavior\ContentReplaceBehavior [ RunTime:0.000000s ]
INFO: [ template_filter ] --END-- [ RunTime:0.000000s ]
NOTIC: [8] Undefined variable: page_seo C:\wamp64\www\shop\Application\Runtime\Cache\Home\27f14699caceec7a5d3969036a8d398a.php 第 5 行.
NOTIC: [8] Undefined variable: page_seo C:\wamp64\www\shop\Application\Runtime\Cache\Home\27f14699caceec7a5d3969036a8d398a.php 第 6 行.
NOTIC: [8] Undefined variable: goods_name C:\wamp64\www\shop\Application\Runtime\Cache\Home\27f14699caceec7a5d3969036a8d398a.php 第 105 行.
NOTIC: [8] Undefined variable: goods_name C:\wamp64\www\shop\Application\Runtime\Cache\Home\27f14699caceec7a5d3969036a8d398a.php 第 124 行.
NOTIC: [8] Undefined variable: visitor C:\wamp64\www\shop\Application\Runtime\Cache\Home\27f14699caceec7a5d3969036a8d398a.php 第 167 行.
NOTIC: [8] Undefined variable: async_sendmail C:\wamp64\www\shop\Application\Runtime\Cache\Home\27f14699caceec7a5d3969036a8d398a.php 第 168 行.
INFO: Run Behavior\ParseTemplateBehavior [ RunTime:0.008000s ]
INFO: [ view_parse ] --END-- [ RunTime:0.008000s ]
INFO: [ view_filter ] --START--
INFO: Run Behavior\WriteHtmlCacheBehavior [ RunTime:0.000000s ]
INFO: [ view_filter ] --END-- [ RunTime:0.000000s ]
INFO: [ app_end ] --START--
INFO: Run Behavior\ShowPageTraceBehavior [ RunTime:0.000000s ]
INFO: [ app_end ] --END-- [ RunTime:0.000000s ]

[ 2017-05-05T17:27:24+08:00 ] 127.0.0.1 /shop/index.php/Home/Goods/search.html?goods_name=%E5%B9%B4%E7%B3%95
INFO: [ app_init ] --START--
INFO: Run Behavior\BuildLiteBehavior [ RunTime:0.000000s ]
INFO: [ app_init ] --END-- [ RunTime:0.000000s ]
INFO: [ app_begin ] --START--
INFO: Run Behavior\ReadHtmlCacheBehavior [ RunTime:0.001000s ]
INFO: [ app_begin ] --END-- [ RunTime:0.001000s ]
SQL: SHOW COLUMNS FROM `shop_goods` [ RunTime:0.0010s ]
SQL: SELECT * FROM `shop_goods` WHERE `goods_name` LIKE '%年糕%'  [ RunTime:0.0000s ]
INFO: [ view_parse ] --START--
INFO: [ template_filter ] --START--
INFO: Run Behavior\ContentReplaceBehavior [ RunTime:0.000000s ]
INFO: [ template_filter ] --END-- [ RunTime:0.000000s ]
NOTIC: [8] Undefined variable: page_seo C:\wamp64\www\shop\Application\Runtime\Cache\Home\27f14699caceec7a5d3969036a8d398a.php 第 5 行.
NOTIC: [8] Undefined variable: page_seo C:\wamp64\www\shop\Application\Runtime\Cache\Home\27f14699caceec7a5d3969036a8d398a.php 第 6 行.
NOTIC: [8] Undefined variable: category C:\wamp64\www\shop\Application\Runtime\Cache\Home\27f14699caceec7a5d3969036a8d398a.php 第 46 行.
NOTIC: [8] Undefined variable: cat_name C:\wamp64\www\shop\Application\Runtime\Cache\Home\27f14699caceec7a5d3969036a8d398a.php 第 124 行.
NOTIC: [8] Undefined variable: visitor C:\wamp64\www\shop\Application\Runtime\Cache\Home\27f14699caceec7a5d3969036a8d398a.php 第 167 行.
NOTIC: [8] Undefined variable: async_sendmail C:\wamp64\www\shop\Application\Runtime\Cache\Home\27f14699caceec7a5d3969036a8d398a.php 第 168 行.
INFO: Run Behavior\ParseTemplateBehavior [ RunTime:0.008001s ]
INFO: [ view_parse ] --END-- [ RunTime:0.009001s ]
INFO: [ view_filter ] --START--
INFO: Run Behavior\WriteHtmlCacheBehavior [ RunTime:0.000000s ]
INFO: [ view_filter ] --END-- [ RunTime:0.000000s ]
INFO: [ app_end ] --START--
INFO: Run Behavior\ShowPageTraceBehavior [ RunTime:0.001000s ]
INFO: [ app_end ] --END-- [ RunTime:0.001000s ]

[ 2017-05-05T17:34:10+08:00 ] 127.0.0.1 /shop/index.php/Home/Index/index.html
INFO: [ app_init ] --START--
INFO: Run Behavior\BuildLiteBehavior [ RunTime:0.000000s ]
INFO: [ app_init ] --END-- [ RunTime:0.000000s ]
INFO: [ app_begin ] --START--
INFO: Run Behavior\ReadHtmlCacheBehavior [ RunTime:0.001000s ]
INFO: [ app_begin ] --END-- [ RunTime:0.001000s ]
SQL: SHOW COLUMNS FROM `shop_ad` [ RunTime:0.0010s ]
SQL: SELECT * FROM `shop_ad`  [ RunTime:0.0010s ]
SQL: SHOW COLUMNS FROM `shop_goods` [ RunTime:0.0010s ]
SQL: SELECT * FROM `shop_goods` WHERE `is_hot` = 1 AND `is_delete` = 0 LIMIT 4   [ RunTime:0.0000s ]
SQL: SELECT * FROM `shop_goods` WHERE `is_new` = 1 AND `is_delete` = 0 LIMIT 4   [ RunTime:0.0010s ]
SQL: SELECT * FROM `shop_goods` WHERE `is_delete` = 0  [ RunTime:0.0000s ]
SQL: SHOW COLUMNS FROM `shop_category` [ RunTime:0.0000s ]
SQL: SELECT * FROM `shop_category`  [ RunTime:0.0010s ]
INFO: [ view_parse ] --START--
INFO: [ template_filter ] --START--
INFO: Run Behavior\ContentReplaceBehavior [ RunTime:0.000000s ]
INFO: [ template_filter ] --END-- [ RunTime:0.000000s ]
NOTIC: [8] Undefined variable: page_seo C:\wamp64\www\shop\Application\Runtime\Cache\Home\2a94b8bda04ff446dcedd42276fc99ee.php 第 5 行.
NOTIC: [8] Undefined variable: page_seo C:\wamp64\www\shop\Application\Runtime\Cache\Home\2a94b8bda04ff446dcedd42276fc99ee.php 第 6 行.
NOTIC: [8] Undefined variable: visitor C:\wamp64\www\shop\Application\Runtime\Cache\Home\2a94b8bda04ff446dcedd42276fc99ee.php 第 251 行.
NOTIC: [8] Undefined variable: async_sendmail C:\wamp64\www\shop\Application\Runtime\Cache\Home\2a94b8bda04ff446dcedd42276fc99ee.php 第 252 行.
INFO: Run Behavior\ParseTemplateBehavior [ RunTime:0.012001s ]
INFO: [ view_parse ] --END-- [ RunTime:0.012001s ]
INFO: [ view_filter ] --START--
INFO: Run Behavior\WriteHtmlCacheBehavior [ RunTime:0.001000s ]
INFO: [ view_filter ] --END-- [ RunTime:0.001000s ]
INFO: [ app_end ] --START--
INFO: Run Behavior\ShowPageTraceBehavior [ RunTime:0.000000s ]
INFO: [ app_end ] --END-- [ RunTime:0.000000s ]

[ 2017-05-05T17:34:16+08:00 ] 127.0.0.1 /shop/index.php/Home/Cart/index.html
INFO: [ app_init ] --START--
INFO: Run Behavior\BuildLiteBehavior [ RunTime:0.000000s ]
INFO: [ app_init ] --END-- [ RunTime:0.000000s ]
INFO: [ app_begin ] --START--
INFO: Run Behavior\ReadHtmlCacheBehavior [ RunTime:0.000000s ]
INFO: [ app_begin ] --END-- [ RunTime:0.000000s ]
INFO: [ view_parse ] --START--
INFO: [ template_filter ] --START--
INFO: Run Behavior\ContentReplaceBehavior [ RunTime:0.000000s ]
INFO: [ template_filter ] --END-- [ RunTime:0.000000s ]
NOTIC: [8] Undefined variable: category C:\wamp64\www\shop\Application\Runtime\Cache\Home\6f105010063b4e4da2af04cb5dd2d5a4.php 第 40 行.
NOTIC: [8] Undefined variable: visitor C:\wamp64\www\shop\Application\Runtime\Cache\Home\6f105010063b4e4da2af04cb5dd2d5a4.php 第 131 行.
NOTIC: [8] Undefined variable: async_sendmail C:\wamp64\www\shop\Application\Runtime\Cache\Home\6f105010063b4e4da2af04cb5dd2d5a4.php 第 132 行.
INFO: Run Behavior\ParseTemplateBehavior [ RunTime:0.009000s ]
INFO: [ view_parse ] --END-- [ RunTime:0.009000s ]
INFO: [ view_filter ] --START--
INFO: Run Behavior\WriteHtmlCacheBehavior [ RunTime:0.001001s ]
INFO: [ view_filter ] --END-- [ RunTime:0.001001s ]
INFO: [ app_end ] --START--
INFO: Run Behavior\ShowPageTraceBehavior [ RunTime:0.000000s ]
INFO: [ app_end ] --END-- [ RunTime:0.000000s ]

[ 2017-05-05T17:34:20+08:00 ] 127.0.0.1 /shop/index.php/Home/Index/index.html
INFO: [ app_init ] --START--
INFO: Run Behavior\BuildLiteBehavior [ RunTime:0.000000s ]
INFO: [ app_init ] --END-- [ RunTime:0.001000s ]
INFO: [ app_begin ] --START--
INFO: Run Behavior\ReadHtmlCacheBehavior [ RunTime:0.001000s ]
INFO: [ app_begin ] --END-- [ RunTime:0.001000s ]
SQL: SHOW COLUMNS FROM `shop_ad` [ RunTime:0.0000s ]
SQL: SELECT * FROM `shop_ad`  [ RunTime:0.0010s ]
SQL: SHOW COLUMNS FROM `shop_goods` [ RunTime:0.0000s ]
SQL: SELECT * FROM `shop_goods` WHERE `is_hot` = 1 AND `is_delete` = 0 LIMIT 4   [ RunTime:0.0010s ]
SQL: SELECT * FROM `shop_goods` WHERE `is_new` = 1 AND `is_delete` = 0 LIMIT 4   [ RunTime:0.0000s ]
SQL: SELECT * FROM `shop_goods` WHERE `is_delete` = 0  [ RunTime:0.0010s ]
SQL: SHOW COLUMNS FROM `shop_category` [ RunTime:0.0000s ]
SQL: SELECT * FROM `shop_category`  [ RunTime:0.0010s ]
INFO: [ view_parse ] --START--
INFO: [ template_filter ] --START--
INFO: Run Behavior\ContentReplaceBehavior [ RunTime:0.000000s ]
INFO: [ template_filter ] --END-- [ RunTime:0.000000s ]
NOTIC: [8] Undefined variable: page_seo C:\wamp64\www\shop\Application\Runtime\Cache\Home\2a94b8bda04ff446dcedd42276fc99ee.php 第 5 行.
NOTIC: [8] Undefined variable: page_seo C:\wamp64\www\shop\Application\Runtime\Cache\Home\2a94b8bda04ff446dcedd42276fc99ee.php 第 6 行.
NOTIC: [8] Undefined variable: visitor C:\wamp64\www\shop\Application\Runtime\Cache\Home\2a94b8bda04ff446dcedd42276fc99ee.php 第 251 行.
NOTIC: [8] Undefined variable: async_sendmail C:\wamp64\www\shop\Application\Runtime\Cache\Home\2a94b8bda04ff446dcedd42276fc99ee.php 第 252 行.
INFO: Run Behavior\ParseTemplateBehavior [ RunTime:0.015001s ]
INFO: [ view_parse ] --END-- [ RunTime:0.016001s ]
INFO: [ view_filter ] --START--
INFO: Run Behavior\WriteHtmlCacheBehavior [ RunTime:0.000000s ]
INFO: [ view_filter ] --END-- [ RunTime:0.000000s ]
INFO: [ app_end ] --START--
INFO: Run Behavior\ShowPageTraceBehavior [ RunTime:0.000000s ]
INFO: [ app_end ] --END-- [ RunTime:0.000000s ]

[ 2017-05-05T17:34:22+08:00 ] 127.0.0.1 /shop/index.php/Home/User/index.html
INFO: [ app_init ] --START--
INFO: Run Behavior\BuildLiteBehavior [ RunTime:0.000000s ]
INFO: [ app_init ] --END-- [ RunTime:0.001000s ]
INFO: [ app_begin ] --START--
INFO: Run Behavior\ReadHtmlCacheBehavior [ RunTime:0.000000s ]
INFO: [ app_begin ] --END-- [ RunTime:0.000000s ]
SQL: SHOW COLUMNS FROM `shop_order` [ RunTime:0.0010s ]
SQL: SELECT * FROM `shop_order` WHERE `status` = 1 AND `uid` = 3 ORDER BY id desc  [ RunTime:0.0010s ]
SQL: SHOW COLUMNS FROM `shop_order_detail` [ RunTime:0.0000s ]
INFO: [ view_parse ] --START--
INFO: [ template_filter ] --START--
INFO: Run Behavior\ContentReplaceBehavior [ RunTime:0.000000s ]
INFO: [ template_filter ] --END-- [ RunTime:0.000000s ]
NOTIC: [8] Undefined variable: page_seo C:\wamp64\www\shop\Application\Runtime\Cache\Home\6830cbac89ff06451c77cd8769d6d4ca.php 第 6 行.
NOTIC: [8] Undefined variable: page_seo C:\wamp64\www\shop\Application\Runtime\Cache\Home\6830cbac89ff06451c77cd8769d6d4ca.php 第 7 行.
NOTIC: [8] Undefined variable: category C:\wamp64\www\shop\Application\Runtime\Cache\Home\6830cbac89ff06451c77cd8769d6d4ca.php 第 53 行.
NOTIC: [8] Undefined variable: visitor C:\wamp64\www\shop\Application\Runtime\Cache\Home\6830cbac89ff06451c77cd8769d6d4ca.php 第 86 行.
NOTIC: [8] Undefined variable: visitor C:\wamp64\www\shop\Application\Runtime\Cache\Home\6830cbac89ff06451c77cd8769d6d4ca.php 第 189 行.
NOTIC: [8] Undefined variable: async_sendmail C:\wamp64\www\shop\Application\Runtime\Cache\Home\6830cbac89ff06451c77cd8769d6d4ca.php 第 190 行.
INFO: Run Behavior\ParseTemplateBehavior [ RunTime:0.010000s ]
INFO: [ view_parse ] --END-- [ RunTime:0.010000s ]
INFO: [ view_filter ] --START--
INFO: Run Behavior\WriteHtmlCacheBehavior [ RunTime:0.001000s ]
INFO: [ view_filter ] --END-- [ RunTime:0.001000s ]
INFO: [ app_end ] --START--
INFO: Run Behavior\ShowPageTraceBehavior [ RunTime:0.001000s ]
INFO: [ app_end ] --END-- [ RunTime:0.001000s ]

[ 2017-05-05T17:34:27+08:00 ] 127.0.0.1 /shop/index.php/Home/User/index.html
INFO: [ app_init ] --START--
INFO: Run Behavior\BuildLiteBehavior [ RunTime:0.000000s ]
INFO: [ app_init ] --END-- [ RunTime:0.001000s ]
INFO: [ app_begin ] --START--
INFO: Run Behavior\ReadHtmlCacheBehavior [ RunTime:0.001000s ]
INFO: [ app_begin ] --END-- [ RunTime:0.001000s ]
SQL: SHOW COLUMNS FROM `shop_order` [ RunTime:0.0000s ]
SQL: SELECT * FROM `shop_order` WHERE `status` = 1 AND `uid` = 3 ORDER BY id desc  [ RunTime:0.0000s ]
SQL: SHOW COLUMNS FROM `shop_order_detail` [ RunTime:0.0010s ]
INFO: [ view_parse ] --START--
INFO: [ template_filter ] --START--
INFO: Run Behavior\ContentReplaceBehavior [ RunTime:0.001000s ]
INFO: [ template_filter ] --END-- [ RunTime:0.001000s ]
NOTIC: [8] Undefined variable: page_seo C:\wamp64\www\shop\Application\Runtime\Cache\Home\6830cbac89ff06451c77cd8769d6d4ca.php 第 6 行.
NOTIC: [8] Undefined variable: page_seo C:\wamp64\www\shop\Application\Runtime\Cache\Home\6830cbac89ff06451c77cd8769d6d4ca.php 第 7 行.
NOTIC: [8] Undefined variable: category C:\wamp64\www\shop\Application\Runtime\Cache\Home\6830cbac89ff06451c77cd8769d6d4ca.php 第 53 行.
NOTIC: [8] Undefined variable: visitor C:\wamp64\www\shop\Application\Runtime\Cache\Home\6830cbac89ff06451c77cd8769d6d4ca.php 第 86 行.
NOTIC: [8] Undefined variable: visitor C:\wamp64\www\shop\Application\Runtime\Cache\Home\6830cbac89ff06451c77cd8769d6d4ca.php 第 189 行.
NOTIC: [8] Undefined variable: async_sendmail C:\wamp64\www\shop\Application\Runtime\Cache\Home\6830cbac89ff06451c77cd8769d6d4ca.php 第 190 行.
INFO: Run Behavior\ParseTemplateBehavior [ RunTime:0.010000s ]
INFO: [ view_parse ] --END-- [ RunTime:0.010000s ]
INFO: [ view_filter ] --START--
INFO: Run Behavior\WriteHtmlCacheBehavior [ RunTime:0.001000s ]
INFO: [ view_filter ] --END-- [ RunTime:0.001000s ]
INFO: [ app_end ] --START--
INFO: Run Behavior\ShowPageTraceBehavior [ RunTime:0.000000s ]
INFO: [ app_end ] --END-- [ RunTime:0.000000s ]

[ 2017-05-05T17:34:30+08:00 ] 127.0.0.1 /shop/index.php/Home/Index/index.html
INFO: [ app_init ] --START--
INFO: Run Behavior\BuildLiteBehavior [ RunTime:0.000000s ]
INFO: [ app_init ] --END-- [ RunTime:0.001000s ]
INFO: [ app_begin ] --START--
INFO: Run Behavior\ReadHtmlCacheBehavior [ RunTime:0.000000s ]
INFO: [ app_begin ] --END-- [ RunTime:0.000000s ]
SQL: SHOW COLUMNS FROM `shop_ad` [ RunTime:0.0010s ]
SQL: SELECT * FROM `shop_ad`  [ RunTime:0.0010s ]
SQL: SHOW COLUMNS FROM `shop_goods` [ RunTime:0.0020s ]
SQL: SELECT * FROM `shop_goods` WHERE `is_hot` = 1 AND `is_delete` = 0 LIMIT 4   [ RunTime:0.0010s ]
SQL: SELECT * FROM `shop_goods` WHERE `is_new` = 1 AND `is_delete` = 0 LIMIT 4   [ RunTime:0.0000s ]
SQL: SELECT * FROM `shop_goods` WHERE `is_delete` = 0  [ RunTime:0.0010s ]
SQL: SHOW COLUMNS FROM `shop_category` [ RunTime:0.0010s ]
SQL: SELECT * FROM `shop_category`  [ RunTime:0.0000s ]
INFO: [ view_parse ] --START--
INFO: [ template_filter ] --START--
INFO: Run Behavior\ContentReplaceBehavior [ RunTime:0.000000s ]
INFO: [ template_filter ] --END-- [ RunTime:0.000000s ]
NOTIC: [8] Undefined variable: page_seo C:\wamp64\www\shop\Application\Runtime\Cache\Home\2a94b8bda04ff446dcedd42276fc99ee.php 第 5 行.
NOTIC: [8] Undefined variable: page_seo C:\wamp64\www\shop\Application\Runtime\Cache\Home\2a94b8bda04ff446dcedd42276fc99ee.php 第 6 行.
NOTIC: [8] Undefined variable: visitor C:\wamp64\www\shop\Application\Runtime\Cache\Home\2a94b8bda04ff446dcedd42276fc99ee.php 第 251 行.
NOTIC: [8] Undefined variable: async_sendmail C:\wamp64\www\shop\Application\Runtime\Cache\Home\2a94b8bda04ff446dcedd42276fc99ee.php 第 252 行.
INFO: Run Behavior\ParseTemplateBehavior [ RunTime:0.015001s ]
INFO: [ view_parse ] --END-- [ RunTime:0.015001s ]
INFO: [ view_filter ] --START--
INFO: Run Behavior\WriteHtmlCacheBehavior [ RunTime:0.001000s ]
INFO: [ view_filter ] --END-- [ RunTime:0.001000s ]
INFO: [ app_end ] --START--
INFO: Run Behavior\ShowPageTraceBehavior [ RunTime:0.001000s ]
INFO: [ app_end ] --END-- [ RunTime:0.001000s ]

