[ 2018-02-26T23:13:35+08:00 ] 127.0.0.1 /
INFO: [ app_init ] --START--
INFO: Run Behavior\BuildLiteBehavior [ RunTime:0.000036s ]
INFO: [ app_init ] --END-- [ RunTime:0.001229s ]
INFO: [ app_begin ] --START--
INFO: Run Behavior\ReadHtmlCacheBehavior [ RunTime:0.013065s ]
INFO: [ app_begin ] --END-- [ RunTime:0.013158s ]
ERR: SQLSTATE[HY000] [1049] Unknown database 'shop'

[ 2018-02-26T23:15:14+08:00 ] 127.0.0.1 /
INFO: [ app_init ] --START--
INFO: Run Behavior\BuildLiteBehavior [ RunTime:0.000024s ]
INFO: [ app_init ] --END-- [ RunTime:0.000555s ]
INFO: [ app_begin ] --START--
INFO: Run Behavior\ReadHtmlCacheBehavior [ RunTime:0.000877s ]
INFO: [ app_begin ] --END-- [ RunTime:0.000980s ]
SQL: SHOW COLUMNS FROM `shop_ad` [ RunTime:0.0148s ]
SQL: SELECT * FROM `shop_ad`  [ RunTime:0.0002s ]
SQL: SHOW COLUMNS FROM `shop_goods` [ RunTime:0.0115s ]
SQL: SELECT * FROM `shop_goods` WHERE `is_hot` = 1 AND `is_delete` = 0 LIMIT 4   [ RunTime:0.0004s ]
SQL: SELECT * FROM `shop_goods` WHERE `is_new` = 1 AND `is_delete` = 0 LIMIT 4   [ RunTime:0.0003s ]
SQL: SELECT * FROM `shop_goods` WHERE `is_delete` = 0  [ RunTime:0.0003s ]
SQL: SHOW COLUMNS FROM `shop_category` [ RunTime:0.0109s ]
SQL: SELECT * FROM `shop_category`  [ RunTime:0.0002s ]
INFO: [ view_parse ] --START--
INFO: [ template_filter ] --START--
INFO: Run Behavior\ContentReplaceBehavior [ RunTime:0.000141s ]
INFO: [ template_filter ] --END-- [ RunTime:0.000234s ]
NOTIC: [8] Undefined variable: page_seo E:\code\PHP\shop\Application\Runtime\Cache\Home\2a94b8bda04ff446dcedd42276fc99ee.php 第 5 行.
NOTIC: [8] Undefined variable: page_seo E:\code\PHP\shop\Application\Runtime\Cache\Home\2a94b8bda04ff446dcedd42276fc99ee.php 第 6 行.
NOTIC: [8] Undefined variable: visitor E:\code\PHP\shop\Application\Runtime\Cache\Home\2a94b8bda04ff446dcedd42276fc99ee.php 第 251 行.
NOTIC: [8] Undefined variable: async_sendmail E:\code\PHP\shop\Application\Runtime\Cache\Home\2a94b8bda04ff446dcedd42276fc99ee.php 第 252 行.
INFO: Run Behavior\ParseTemplateBehavior [ RunTime:0.179137s ]
INFO: [ view_parse ] --END-- [ RunTime:0.179211s ]
INFO: [ view_filter ] --START--
INFO: Run Behavior\WriteHtmlCacheBehavior [ RunTime:0.001129s ]
INFO: [ view_filter ] --END-- [ RunTime:0.001196s ]
INFO: [ app_end ] --START--
INFO: Run Behavior\ShowPageTraceBehavior [ RunTime:0.002435s ]
INFO: [ app_end ] --END-- [ RunTime:0.002560s ]

[ 2018-02-26T23:15:18+08:00 ] 127.0.0.1 /index.php/Home/User/index.html
INFO: [ app_init ] --START--
INFO: Run Behavior\BuildLiteBehavior [ RunTime:0.000023s ]
INFO: [ app_init ] --END-- [ RunTime:0.000487s ]
INFO: [ app_begin ] --START--
INFO: Run Behavior\ReadHtmlCacheBehavior [ RunTime:0.000537s ]
INFO: [ app_begin ] --END-- [ RunTime:0.000620s ]
SQL: SHOW COLUMNS FROM `shop_order` [ RunTime:0.0151s ]
SQL: SELECT * FROM `shop_order` WHERE `status` = 1 AND `uid` = 3 ORDER BY id desc  [ RunTime:0.0003s ]
SQL: SHOW COLUMNS FROM `shop_order_detail` [ RunTime:0.0140s ]
INFO: [ view_parse ] --START--
INFO: [ template_filter ] --START--
INFO: Run Behavior\ContentReplaceBehavior [ RunTime:0.000099s ]
INFO: [ template_filter ] --END-- [ RunTime:0.000164s ]
NOTIC: [8] Undefined variable: page_seo E:\code\PHP\shop\Application\Runtime\Cache\Home\6830cbac89ff06451c77cd8769d6d4ca.php 第 6 行.
NOTIC: [8] Undefined variable: page_seo E:\code\PHP\shop\Application\Runtime\Cache\Home\6830cbac89ff06451c77cd8769d6d4ca.php 第 7 行.
NOTIC: [8] Undefined variable: category E:\code\PHP\shop\Application\Runtime\Cache\Home\6830cbac89ff06451c77cd8769d6d4ca.php 第 53 行.
NOTIC: [8] Undefined variable: visitor E:\code\PHP\shop\Application\Runtime\Cache\Home\6830cbac89ff06451c77cd8769d6d4ca.php 第 86 行.
NOTIC: [8] Undefined variable: visitor E:\code\PHP\shop\Application\Runtime\Cache\Home\6830cbac89ff06451c77cd8769d6d4ca.php 第 189 行.
NOTIC: [8] Undefined variable: async_sendmail E:\code\PHP\shop\Application\Runtime\Cache\Home\6830cbac89ff06451c77cd8769d6d4ca.php 第 190 行.
INFO: Run Behavior\ParseTemplateBehavior [ RunTime:0.078800s ]
INFO: [ view_parse ] --END-- [ RunTime:0.078867s ]
INFO: [ view_filter ] --START--
INFO: Run Behavior\WriteHtmlCacheBehavior [ RunTime:0.000323s ]
INFO: [ view_filter ] --END-- [ RunTime:0.000382s ]
INFO: [ app_end ] --START--
INFO: Run Behavior\ShowPageTraceBehavior [ RunTime:0.000473s ]
INFO: [ app_end ] --END-- [ RunTime:0.000535s ]

[ 2018-02-26T23:15:20+08:00 ] 127.0.0.1 /index.php/Home/User/index/status/2.html
INFO: [ app_init ] --START--
INFO: Run Behavior\BuildLiteBehavior [ RunTime:0.000023s ]
INFO: [ app_init ] --END-- [ RunTime:0.000503s ]
INFO: [ app_begin ] --START--
INFO: Run Behavior\ReadHtmlCacheBehavior [ RunTime:0.000566s ]
INFO: [ app_begin ] --END-- [ RunTime:0.000653s ]
SQL: SHOW COLUMNS FROM `shop_order` [ RunTime:0.0171s ]
SQL: SELECT * FROM `shop_order` WHERE `status` = 2 AND `uid` = 3 ORDER BY id desc  [ RunTime:0.0004s ]
SQL: SHOW COLUMNS FROM `shop_order_detail` [ RunTime:0.0129s ]
SQL: SELECT * FROM `shop_order_detail` WHERE `order_id` = '201704181443481092'  [ RunTime:0.0003s ]
SQL: SELECT * FROM `shop_order_detail` WHERE `order_id` = '201704181441201657'  [ RunTime:0.0002s ]
SQL: SELECT * FROM `shop_order_detail` WHERE `order_id` = '201704181201561312'  [ RunTime:0.0002s ]
SQL: SELECT * FROM `shop_order_detail` WHERE `order_id` = '201704172154111660'  [ RunTime:0.0002s ]
INFO: [ view_parse ] --START--
INFO: [ template_filter ] --START--
INFO: Run Behavior\ContentReplaceBehavior [ RunTime:0.000090s ]
INFO: [ template_filter ] --END-- [ RunTime:0.000157s ]
NOTIC: [8] Undefined variable: page_seo E:\code\PHP\shop\Application\Runtime\Cache\Home\6830cbac89ff06451c77cd8769d6d4ca.php 第 6 行.
NOTIC: [8] Undefined variable: page_seo E:\code\PHP\shop\Application\Runtime\Cache\Home\6830cbac89ff06451c77cd8769d6d4ca.php 第 7 行.
NOTIC: [8] Undefined variable: category E:\code\PHP\shop\Application\Runtime\Cache\Home\6830cbac89ff06451c77cd8769d6d4ca.php 第 53 行.
NOTIC: [8] Undefined variable: visitor E:\code\PHP\shop\Application\Runtime\Cache\Home\6830cbac89ff06451c77cd8769d6d4ca.php 第 86 行.
NOTIC: [8] Undefined variable: visitor E:\code\PHP\shop\Application\Runtime\Cache\Home\6830cbac89ff06451c77cd8769d6d4ca.php 第 189 行.
NOTIC: [8] Undefined variable: async_sendmail E:\code\PHP\shop\Application\Runtime\Cache\Home\6830cbac89ff06451c77cd8769d6d4ca.php 第 190 行.
INFO: Run Behavior\ParseTemplateBehavior [ RunTime:0.096675s ]
INFO: [ view_parse ] --END-- [ RunTime:0.096751s ]
INFO: [ view_filter ] --START--
INFO: Run Behavior\WriteHtmlCacheBehavior [ RunTime:0.000290s ]
INFO: [ view_filter ] --END-- [ RunTime:0.000352s ]
INFO: [ app_end ] --START--
INFO: Run Behavior\ShowPageTraceBehavior [ RunTime:0.000653s ]
INFO: [ app_end ] --END-- [ RunTime:0.000764s ]

[ 2018-02-26T23:15:20+08:00 ] 127.0.0.1 /index.php/Home/User/index/status/3.html
INFO: [ app_init ] --START--
INFO: Run Behavior\BuildLiteBehavior [ RunTime:0.000019s ]
INFO: [ app_init ] --END-- [ RunTime:0.000417s ]
INFO: [ app_begin ] --START--
INFO: Run Behavior\ReadHtmlCacheBehavior [ RunTime:0.000464s ]
INFO: [ app_begin ] --END-- [ RunTime:0.000535s ]
SQL: SHOW COLUMNS FROM `shop_order` [ RunTime:0.0163s ]
SQL: SELECT * FROM `shop_order` WHERE `status` = 3 AND `uid` = 3 ORDER BY id desc  [ RunTime:0.0003s ]
SQL: SHOW COLUMNS FROM `shop_order_detail` [ RunTime:0.0095s ]
INFO: [ view_parse ] --START--
INFO: [ template_filter ] --START--
INFO: Run Behavior\ContentReplaceBehavior [ RunTime:0.000089s ]
INFO: [ template_filter ] --END-- [ RunTime:0.000154s ]
NOTIC: [8] Undefined variable: page_seo E:\code\PHP\shop\Application\Runtime\Cache\Home\6830cbac89ff06451c77cd8769d6d4ca.php 第 6 行.
NOTIC: [8] Undefined variable: page_seo E:\code\PHP\shop\Application\Runtime\Cache\Home\6830cbac89ff06451c77cd8769d6d4ca.php 第 7 行.
NOTIC: [8] Undefined variable: category E:\code\PHP\shop\Application\Runtime\Cache\Home\6830cbac89ff06451c77cd8769d6d4ca.php 第 53 行.
NOTIC: [8] Undefined variable: visitor E:\code\PHP\shop\Application\Runtime\Cache\Home\6830cbac89ff06451c77cd8769d6d4ca.php 第 86 行.
NOTIC: [8] Undefined variable: visitor E:\code\PHP\shop\Application\Runtime\Cache\Home\6830cbac89ff06451c77cd8769d6d4ca.php 第 189 行.
NOTIC: [8] Undefined variable: async_sendmail E:\code\PHP\shop\Application\Runtime\Cache\Home\6830cbac89ff06451c77cd8769d6d4ca.php 第 190 行.
INFO: Run Behavior\ParseTemplateBehavior [ RunTime:0.080500s ]
INFO: [ view_parse ] --END-- [ RunTime:0.080566s ]
INFO: [ view_filter ] --START--
INFO: Run Behavior\WriteHtmlCacheBehavior [ RunTime:0.000272s ]
INFO: [ view_filter ] --END-- [ RunTime:0.000331s ]
INFO: [ app_end ] --START--
INFO: Run Behavior\ShowPageTraceBehavior [ RunTime:0.000443s ]
INFO: [ app_end ] --END-- [ RunTime:0.000504s ]

[ 2018-02-26T23:15:21+08:00 ] 127.0.0.1 /index.php/Home/User/index/status/2.html
INFO: [ app_init ] --START--
INFO: Run Behavior\BuildLiteBehavior [ RunTime:0.000023s ]
INFO: [ app_init ] --END-- [ RunTime:0.000487s ]
INFO: [ app_begin ] --START--
INFO: Run Behavior\ReadHtmlCacheBehavior [ RunTime:0.000539s ]
INFO: [ app_begin ] --END-- [ RunTime:0.000622s ]
SQL: SHOW COLUMNS FROM `shop_order` [ RunTime:0.0139s ]
SQL: SELECT * FROM `shop_order` WHERE `status` = 2 AND `uid` = 3 ORDER BY id desc  [ RunTime:0.0004s ]
SQL: SHOW COLUMNS FROM `shop_order_detail` [ RunTime:0.0100s ]
SQL: SELECT * FROM `shop_order_detail` WHERE `order_id` = '201704181443481092'  [ RunTime:0.0003s ]
SQL: SELECT * FROM `shop_order_detail` WHERE `order_id` = '201704181441201657'  [ RunTime:0.0002s ]
SQL: SELECT * FROM `shop_order_detail` WHERE `order_id` = '201704181201561312'  [ RunTime:0.0002s ]
SQL: SELECT * FROM `shop_order_detail` WHERE `order_id` = '201704172154111660'  [ RunTime:0.0002s ]
INFO: [ view_parse ] --START--
INFO: [ template_filter ] --START--
INFO: Run Behavior\ContentReplaceBehavior [ RunTime:0.000091s ]
INFO: [ template_filter ] --END-- [ RunTime:0.000160s ]
NOTIC: [8] Undefined variable: page_seo E:\code\PHP\shop\Application\Runtime\Cache\Home\6830cbac89ff06451c77cd8769d6d4ca.php 第 6 行.
NOTIC: [8] Undefined variable: page_seo E:\code\PHP\shop\Application\Runtime\Cache\Home\6830cbac89ff06451c77cd8769d6d4ca.php 第 7 行.
NOTIC: [8] Undefined variable: category E:\code\PHP\shop\Application\Runtime\Cache\Home\6830cbac89ff06451c77cd8769d6d4ca.php 第 53 行.
NOTIC: [8] Undefined variable: visitor E:\code\PHP\shop\Application\Runtime\Cache\Home\6830cbac89ff06451c77cd8769d6d4ca.php 第 86 行.
NOTIC: [8] Undefined variable: visitor E:\code\PHP\shop\Application\Runtime\Cache\Home\6830cbac89ff06451c77cd8769d6d4ca.php 第 189 行.
NOTIC: [8] Undefined variable: async_sendmail E:\code\PHP\shop\Application\Runtime\Cache\Home\6830cbac89ff06451c77cd8769d6d4ca.php 第 190 行.
INFO: Run Behavior\ParseTemplateBehavior [ RunTime:0.079158s ]
INFO: [ view_parse ] --END-- [ RunTime:0.079231s ]
INFO: [ view_filter ] --START--
INFO: Run Behavior\WriteHtmlCacheBehavior [ RunTime:0.000271s ]
INFO: [ view_filter ] --END-- [ RunTime:0.000331s ]
INFO: [ app_end ] --START--
INFO: Run Behavior\ShowPageTraceBehavior [ RunTime:0.000473s ]
INFO: [ app_end ] --END-- [ RunTime:0.000569s ]

[ 2018-02-26T23:15:22+08:00 ] 127.0.0.1 /index.php/Home/User/index/status/1.html
INFO: [ app_init ] --START--
INFO: Run Behavior\BuildLiteBehavior [ RunTime:0.000022s ]
INFO: [ app_init ] --END-- [ RunTime:0.000450s ]
INFO: [ app_begin ] --START--
INFO: Run Behavior\ReadHtmlCacheBehavior [ RunTime:0.000517s ]
INFO: [ app_begin ] --END-- [ RunTime:0.000599s ]
SQL: SHOW COLUMNS FROM `shop_order` [ RunTime:0.0142s ]
SQL: SELECT * FROM `shop_order` WHERE `status` = 1 AND `uid` = 3 ORDER BY id desc  [ RunTime:0.0003s ]
SQL: SHOW COLUMNS FROM `shop_order_detail` [ RunTime:0.0111s ]
INFO: [ view_parse ] --START--
INFO: [ template_filter ] --START--
INFO: Run Behavior\ContentReplaceBehavior [ RunTime:0.000116s ]
INFO: [ template_filter ] --END-- [ RunTime:0.000204s ]
NOTIC: [8] Undefined variable: page_seo E:\code\PHP\shop\Application\Runtime\Cache\Home\6830cbac89ff06451c77cd8769d6d4ca.php 第 6 行.
NOTIC: [8] Undefined variable: page_seo E:\code\PHP\shop\Application\Runtime\Cache\Home\6830cbac89ff06451c77cd8769d6d4ca.php 第 7 行.
NOTIC: [8] Undefined variable: category E:\code\PHP\shop\Application\Runtime\Cache\Home\6830cbac89ff06451c77cd8769d6d4ca.php 第 53 行.
NOTIC: [8] Undefined variable: visitor E:\code\PHP\shop\Application\Runtime\Cache\Home\6830cbac89ff06451c77cd8769d6d4ca.php 第 86 行.
NOTIC: [8] Undefined variable: visitor E:\code\PHP\shop\Application\Runtime\Cache\Home\6830cbac89ff06451c77cd8769d6d4ca.php 第 189 行.
NOTIC: [8] Undefined variable: async_sendmail E:\code\PHP\shop\Application\Runtime\Cache\Home\6830cbac89ff06451c77cd8769d6d4ca.php 第 190 行.
INFO: Run Behavior\ParseTemplateBehavior [ RunTime:0.101121s ]
INFO: [ view_parse ] --END-- [ RunTime:0.101194s ]
INFO: [ view_filter ] --START--
INFO: Run Behavior\WriteHtmlCacheBehavior [ RunTime:0.000309s ]
INFO: [ view_filter ] --END-- [ RunTime:0.000369s ]
INFO: [ app_end ] --START--
INFO: Run Behavior\ShowPageTraceBehavior [ RunTime:0.000447s ]
INFO: [ app_end ] --END-- [ RunTime:0.000507s ]

[ 2018-02-26T23:15:23+08:00 ] 127.0.0.1 /index.php/Home/User/index/status/4.html
INFO: [ app_init ] --START--
INFO: Run Behavior\BuildLiteBehavior [ RunTime:0.000021s ]
INFO: [ app_init ] --END-- [ RunTime:0.000453s ]
INFO: [ app_begin ] --START--
INFO: Run Behavior\ReadHtmlCacheBehavior [ RunTime:0.000521s ]
INFO: [ app_begin ] --END-- [ RunTime:0.000604s ]
SQL: SHOW COLUMNS FROM `shop_order` [ RunTime:0.0253s ]
SQL: SELECT * FROM `shop_order` WHERE `status` = 4 AND `uid` = 3 ORDER BY id desc  [ RunTime:0.0004s ]
SQL: SHOW COLUMNS FROM `shop_order_detail` [ RunTime:0.0975s ]
INFO: [ view_parse ] --START--
INFO: [ template_filter ] --START--
INFO: Run Behavior\ContentReplaceBehavior [ RunTime:0.000170s ]
INFO: [ template_filter ] --END-- [ RunTime:0.000290s ]
NOTIC: [8] Undefined variable: page_seo E:\code\PHP\shop\Application\Runtime\Cache\Home\6830cbac89ff06451c77cd8769d6d4ca.php 第 6 行.
NOTIC: [8] Undefined variable: page_seo E:\code\PHP\shop\Application\Runtime\Cache\Home\6830cbac89ff06451c77cd8769d6d4ca.php 第 7 行.
NOTIC: [8] Undefined variable: category E:\code\PHP\shop\Application\Runtime\Cache\Home\6830cbac89ff06451c77cd8769d6d4ca.php 第 53 行.
NOTIC: [8] Undefined variable: visitor E:\code\PHP\shop\Application\Runtime\Cache\Home\6830cbac89ff06451c77cd8769d6d4ca.php 第 86 行.
NOTIC: [8] Undefined variable: visitor E:\code\PHP\shop\Application\Runtime\Cache\Home\6830cbac89ff06451c77cd8769d6d4ca.php 第 189 行.
NOTIC: [8] Undefined variable: async_sendmail E:\code\PHP\shop\Application\Runtime\Cache\Home\6830cbac89ff06451c77cd8769d6d4ca.php 第 190 行.
INFO: Run Behavior\ParseTemplateBehavior [ RunTime:0.108463s ]
INFO: [ view_parse ] --END-- [ RunTime:0.108620s ]
INFO: [ view_filter ] --START--
INFO: Run Behavior\WriteHtmlCacheBehavior [ RunTime:0.000284s ]
INFO: [ view_filter ] --END-- [ RunTime:0.000357s ]
INFO: [ app_end ] --START--
INFO: Run Behavior\ShowPageTraceBehavior [ RunTime:0.000449s ]
INFO: [ app_end ] --END-- [ RunTime:0.000516s ]

[ 2018-02-26T23:15:25+08:00 ] 127.0.0.1 /index.php/Home/Cart/index.html
INFO: [ app_init ] --START--
INFO: Run Behavior\BuildLiteBehavior [ RunTime:0.000021s ]
INFO: [ app_init ] --END-- [ RunTime:0.000456s ]
INFO: [ app_begin ] --START--
INFO: Run Behavior\ReadHtmlCacheBehavior [ RunTime:0.000530s ]
INFO: [ app_begin ] --END-- [ RunTime:0.000614s ]
INFO: [ view_parse ] --START--
INFO: [ template_filter ] --START--
INFO: Run Behavior\ContentReplaceBehavior [ RunTime:0.000097s ]
INFO: [ template_filter ] --END-- [ RunTime:0.000188s ]
NOTIC: [8] Undefined variable: category E:\code\PHP\shop\Application\Runtime\Cache\Home\6f105010063b4e4da2af04cb5dd2d5a4.php 第 40 行.
NOTIC: [8] Undefined variable: visitor E:\code\PHP\shop\Application\Runtime\Cache\Home\6f105010063b4e4da2af04cb5dd2d5a4.php 第 131 行.
NOTIC: [8] Undefined variable: async_sendmail E:\code\PHP\shop\Application\Runtime\Cache\Home\6f105010063b4e4da2af04cb5dd2d5a4.php 第 132 行.
INFO: Run Behavior\ParseTemplateBehavior [ RunTime:0.073173s ]
INFO: [ view_parse ] --END-- [ RunTime:0.073252s ]
INFO: [ view_filter ] --START--
INFO: Run Behavior\WriteHtmlCacheBehavior [ RunTime:0.000274s ]
INFO: [ view_filter ] --END-- [ RunTime:0.000334s ]
INFO: [ app_end ] --START--
INFO: Run Behavior\ShowPageTraceBehavior [ RunTime:0.000445s ]
INFO: [ app_end ] --END-- [ RunTime:0.000505s ]

[ 2018-02-26T23:15:31+08:00 ] 127.0.0.1 /index.php/Home/Index/index.html
INFO: [ app_init ] --START--
INFO: Run Behavior\BuildLiteBehavior [ RunTime:0.000021s ]
INFO: [ app_init ] --END-- [ RunTime:0.000450s ]
INFO: [ app_begin ] --START--
INFO: Run Behavior\ReadHtmlCacheBehavior [ RunTime:0.000526s ]
INFO: [ app_begin ] --END-- [ RunTime:0.000609s ]
SQL: SHOW COLUMNS FROM `shop_ad` [ RunTime:0.0145s ]
SQL: SELECT * FROM `shop_ad`  [ RunTime:0.0003s ]
SQL: SHOW COLUMNS FROM `shop_goods` [ RunTime:0.0118s ]
SQL: SELECT * FROM `shop_goods` WHERE `is_hot` = 1 AND `is_delete` = 0 LIMIT 4   [ RunTime:0.0003s ]
SQL: SELECT * FROM `shop_goods` WHERE `is_new` = 1 AND `is_delete` = 0 LIMIT 4   [ RunTime:0.0003s ]
SQL: SELECT * FROM `shop_goods` WHERE `is_delete` = 0  [ RunTime:0.0002s ]
SQL: SHOW COLUMNS FROM `shop_category` [ RunTime:0.0120s ]
SQL: SELECT * FROM `shop_category`  [ RunTime:0.0003s ]
INFO: [ view_parse ] --START--
INFO: [ template_filter ] --START--
INFO: Run Behavior\ContentReplaceBehavior [ RunTime:0.000122s ]
INFO: [ template_filter ] --END-- [ RunTime:0.000210s ]
NOTIC: [8] Undefined variable: page_seo E:\code\PHP\shop\Application\Runtime\Cache\Home\2a94b8bda04ff446dcedd42276fc99ee.php 第 5 行.
NOTIC: [8] Undefined variable: page_seo E:\code\PHP\shop\Application\Runtime\Cache\Home\2a94b8bda04ff446dcedd42276fc99ee.php 第 6 行.
NOTIC: [8] Undefined variable: visitor E:\code\PHP\shop\Application\Runtime\Cache\Home\2a94b8bda04ff446dcedd42276fc99ee.php 第 251 行.
NOTIC: [8] Undefined variable: async_sendmail E:\code\PHP\shop\Application\Runtime\Cache\Home\2a94b8bda04ff446dcedd42276fc99ee.php 第 252 行.
INFO: Run Behavior\ParseTemplateBehavior [ RunTime:0.095541s ]
INFO: [ view_parse ] --END-- [ RunTime:0.095616s ]
INFO: [ view_filter ] --START--
INFO: Run Behavior\WriteHtmlCacheBehavior [ RunTime:0.000284s ]
INFO: [ view_filter ] --END-- [ RunTime:0.000345s ]
INFO: [ app_end ] --START--
INFO: Run Behavior\ShowPageTraceBehavior [ RunTime:0.000757s ]
INFO: [ app_end ] --END-- [ RunTime:0.000842s ]

[ 2018-02-26T23:15:34+08:00 ] 127.0.0.1 /index.php/Home/User/index.html
INFO: [ app_init ] --START--
INFO: Run Behavior\BuildLiteBehavior [ RunTime:0.000017s ]
INFO: [ app_init ] --END-- [ RunTime:0.000342s ]
INFO: [ app_begin ] --START--
INFO: Run Behavior\ReadHtmlCacheBehavior [ RunTime:0.000402s ]
INFO: [ app_begin ] --END-- [ RunTime:0.000465s ]
SQL: SHOW COLUMNS FROM `shop_order` [ RunTime:0.0132s ]
SQL: SELECT * FROM `shop_order` WHERE `status` = 1 AND `uid` = 3 ORDER BY id desc  [ RunTime:0.0003s ]
SQL: SHOW COLUMNS FROM `shop_order_detail` [ RunTime:0.0099s ]
INFO: [ view_parse ] --START--
INFO: [ template_filter ] --START--
INFO: Run Behavior\ContentReplaceBehavior [ RunTime:0.000094s ]
INFO: [ template_filter ] --END-- [ RunTime:0.000158s ]
NOTIC: [8] Undefined variable: page_seo E:\code\PHP\shop\Application\Runtime\Cache\Home\6830cbac89ff06451c77cd8769d6d4ca.php 第 6 行.
NOTIC: [8] Undefined variable: page_seo E:\code\PHP\shop\Application\Runtime\Cache\Home\6830cbac89ff06451c77cd8769d6d4ca.php 第 7 行.
NOTIC: [8] Undefined variable: category E:\code\PHP\shop\Application\Runtime\Cache\Home\6830cbac89ff06451c77cd8769d6d4ca.php 第 53 行.
NOTIC: [8] Undefined variable: visitor E:\code\PHP\shop\Application\Runtime\Cache\Home\6830cbac89ff06451c77cd8769d6d4ca.php 第 86 行.
NOTIC: [8] Undefined variable: visitor E:\code\PHP\shop\Application\Runtime\Cache\Home\6830cbac89ff06451c77cd8769d6d4ca.php 第 189 行.
NOTIC: [8] Undefined variable: async_sendmail E:\code\PHP\shop\Application\Runtime\Cache\Home\6830cbac89ff06451c77cd8769d6d4ca.php 第 190 行.
INFO: Run Behavior\ParseTemplateBehavior [ RunTime:0.104122s ]
INFO: [ view_parse ] --END-- [ RunTime:0.104266s ]
INFO: [ view_filter ] --START--
INFO: Run Behavior\WriteHtmlCacheBehavior [ RunTime:0.001089s ]
INFO: [ view_filter ] --END-- [ RunTime:0.001322s ]
INFO: [ app_end ] --START--
INFO: Run Behavior\ShowPageTraceBehavior [ RunTime:0.001476s ]
INFO: [ app_end ] --END-- [ RunTime:0.001690s ]

[ 2018-02-26T23:15:41+08:00 ] 127.0.0.1 /index.php/Home/Cart/index.html
INFO: [ app_init ] --START--
INFO: Run Behavior\BuildLiteBehavior [ RunTime:0.000021s ]
INFO: [ app_init ] --END-- [ RunTime:0.000457s ]
INFO: [ app_begin ] --START--
INFO: Run Behavior\ReadHtmlCacheBehavior [ RunTime:0.000519s ]
INFO: [ app_begin ] --END-- [ RunTime:0.000603s ]
INFO: [ view_parse ] --START--
INFO: [ template_filter ] --START--
INFO: Run Behavior\ContentReplaceBehavior [ RunTime:0.000074s ]
INFO: [ template_filter ] --END-- [ RunTime:0.000142s ]
NOTIC: [8] Undefined variable: category E:\code\PHP\shop\Application\Runtime\Cache\Home\6f105010063b4e4da2af04cb5dd2d5a4.php 第 40 行.
NOTIC: [8] Undefined variable: visitor E:\code\PHP\shop\Application\Runtime\Cache\Home\6f105010063b4e4da2af04cb5dd2d5a4.php 第 131 行.
NOTIC: [8] Undefined variable: async_sendmail E:\code\PHP\shop\Application\Runtime\Cache\Home\6f105010063b4e4da2af04cb5dd2d5a4.php 第 132 行.
INFO: Run Behavior\ParseTemplateBehavior [ RunTime:0.010692s ]
INFO: [ view_parse ] --END-- [ RunTime:0.010769s ]
INFO: [ view_filter ] --START--
INFO: Run Behavior\WriteHtmlCacheBehavior [ RunTime:0.000308s ]
INFO: [ view_filter ] --END-- [ RunTime:0.000370s ]
INFO: [ app_end ] --START--
INFO: Run Behavior\ShowPageTraceBehavior [ RunTime:0.000459s ]
INFO: [ app_end ] --END-- [ RunTime:0.000521s ]

[ 2018-02-26T23:15:43+08:00 ] 127.0.0.1 /index.php/Home/Index/index.html
INFO: [ app_init ] --START--
INFO: Run Behavior\BuildLiteBehavior [ RunTime:0.000022s ]
INFO: [ app_init ] --END-- [ RunTime:0.000452s ]
INFO: [ app_begin ] --START--
INFO: Run Behavior\ReadHtmlCacheBehavior [ RunTime:0.000530s ]
INFO: [ app_begin ] --END-- [ RunTime:0.000614s ]
SQL: SHOW COLUMNS FROM `shop_ad` [ RunTime:0.0147s ]
SQL: SELECT * FROM `shop_ad`  [ RunTime:0.0002s ]
SQL: SHOW COLUMNS FROM `shop_goods` [ RunTime:0.0101s ]
SQL: SELECT * FROM `shop_goods` WHERE `is_hot` = 1 AND `is_delete` = 0 LIMIT 4   [ RunTime:0.0003s ]
SQL: SELECT * FROM `shop_goods` WHERE `is_new` = 1 AND `is_delete` = 0 LIMIT 4   [ RunTime:0.0003s ]
SQL: SELECT * FROM `shop_goods` WHERE `is_delete` = 0  [ RunTime:0.0002s ]
SQL: SHOW COLUMNS FROM `shop_category` [ RunTime:0.0099s ]
SQL: SELECT * FROM `shop_category`  [ RunTime:0.0002s ]
INFO: [ view_parse ] --START--
INFO: [ template_filter ] --START--
INFO: Run Behavior\ContentReplaceBehavior [ RunTime:0.000093s ]
INFO: [ template_filter ] --END-- [ RunTime:0.000161s ]
NOTIC: [8] Undefined variable: page_seo E:\code\PHP\shop\Application\Runtime\Cache\Home\2a94b8bda04ff446dcedd42276fc99ee.php 第 5 行.
NOTIC: [8] Undefined variable: page_seo E:\code\PHP\shop\Application\Runtime\Cache\Home\2a94b8bda04ff446dcedd42276fc99ee.php 第 6 行.
NOTIC: [8] Undefined variable: visitor E:\code\PHP\shop\Application\Runtime\Cache\Home\2a94b8bda04ff446dcedd42276fc99ee.php 第 251 行.
NOTIC: [8] Undefined variable: async_sendmail E:\code\PHP\shop\Application\Runtime\Cache\Home\2a94b8bda04ff446dcedd42276fc99ee.php 第 252 行.
INFO: Run Behavior\ParseTemplateBehavior [ RunTime:0.085742s ]
INFO: [ view_parse ] --END-- [ RunTime:0.085838s ]
INFO: [ view_filter ] --START--
INFO: Run Behavior\WriteHtmlCacheBehavior [ RunTime:0.000510s ]
INFO: [ view_filter ] --END-- [ RunTime:0.000588s ]
INFO: [ app_end ] --START--
INFO: Run Behavior\ShowPageTraceBehavior [ RunTime:0.000634s ]
INFO: [ app_end ] --END-- [ RunTime:0.000708s ]

[ 2018-02-26T23:15:45+08:00 ] 127.0.0.1 /index.php/Home/Goods/index/id/3.html
INFO: [ app_init ] --START--
INFO: Run Behavior\BuildLiteBehavior [ RunTime:0.000022s ]
INFO: [ app_init ] --END-- [ RunTime:0.000467s ]
INFO: [ app_begin ] --START--
INFO: Run Behavior\ReadHtmlCacheBehavior [ RunTime:0.000537s ]
INFO: [ app_begin ] --END-- [ RunTime:0.000619s ]
SQL: SHOW COLUMNS FROM `shop_goods` [ RunTime:0.0174s ]
SQL: SELECT * FROM `shop_goods` WHERE `id` = 3 LIMIT 1   [ RunTime:0.0004s ]
SQL: SHOW COLUMNS FROM `shop_goods_imgs` [ RunTime:0.0142s ]
SQL: SELECT * FROM `shop_goods_imgs` WHERE `goods_id` = 3  [ RunTime:0.0003s ]
INFO: [ view_parse ] --START--
NOTIC: [2] file_get_contents(./Application/Home/View/Common/footer.html): failed to open stream: No such file or directory E:\code\PHP\shop\ThinkPHP\Library\Think\Template.class.php 第 696 行.
INFO: [ template_filter ] --START--
INFO: Run Behavior\ContentReplaceBehavior [ RunTime:0.000080s ]
INFO: [ template_filter ] --END-- [ RunTime:0.000151s ]
NOTIC: [8] Undefined variable: page_seo E:\code\PHP\shop\Application\Runtime\Cache\Home\63839bc489ada1b251c78e0251f28b7d.php 第 7 行.
NOTIC: [8] Undefined variable: page_seo E:\code\PHP\shop\Application\Runtime\Cache\Home\63839bc489ada1b251c78e0251f28b7d.php 第 8 行.
NOTIC: [8] Undefined variable: category E:\code\PHP\shop\Application\Runtime\Cache\Home\63839bc489ada1b251c78e0251f28b7d.php 第 54 行.
NOTIC: [8] Undefined index: brand E:\code\PHP\shop\Application\Runtime\Cache\Home\63839bc489ada1b251c78e0251f28b7d.php 第 227 行.
NOTIC: [8] Undefined index: buy_num E:\code\PHP\shop\Application\Runtime\Cache\Home\63839bc489ada1b251c78e0251f28b7d.php 第 228 行.
INFO: Run Behavior\ParseTemplateBehavior [ RunTime:0.092585s ]
INFO: [ view_parse ] --END-- [ RunTime:0.092662s ]
INFO: [ view_filter ] --START--
INFO: Run Behavior\WriteHtmlCacheBehavior [ RunTime:0.000287s ]
INFO: [ view_filter ] --END-- [ RunTime:0.000350s ]
INFO: [ app_end ] --START--
INFO: Run Behavior\ShowPageTraceBehavior [ RunTime:0.000513s ]
INFO: [ app_end ] --END-- [ RunTime:0.000609s ]

[ 2018-02-26T23:15:47+08:00 ] 127.0.0.1 /index.php/Home/Cart/add_cart.html
INFO: [ app_init ] --START--
INFO: Run Behavior\BuildLiteBehavior [ RunTime:0.000022s ]
INFO: [ app_init ] --END-- [ RunTime:0.000456s ]
INFO: [ app_begin ] --START--
INFO: Run Behavior\ReadHtmlCacheBehavior [ RunTime:0.000860s ]
INFO: [ app_begin ] --END-- [ RunTime:0.000937s ]
SQL: SHOW COLUMNS FROM `shop_goods` [ RunTime:0.0170s ]
SQL: SELECT `id`,`goods_name`,`img`,`price`,`goods_stock` FROM `shop_goods` WHERE `id` = 3 LIMIT 1   [ RunTime:0.0003s ]
INFO: [ app_end ] --START--
INFO: Run Behavior\ShowPageTraceBehavior [ RunTime:0.000857s ]
INFO: [ app_end ] --END-- [ RunTime:0.000932s ]

[ 2018-02-26T23:15:49+08:00 ] 127.0.0.1 /index.php/Home/Cart/index.html
INFO: [ app_init ] --START--
INFO: Run Behavior\BuildLiteBehavior [ RunTime:0.000026s ]
INFO: [ app_init ] --END-- [ RunTime:0.000605s ]
INFO: [ app_begin ] --START--
INFO: Run Behavior\ReadHtmlCacheBehavior [ RunTime:0.000594s ]
INFO: [ app_begin ] --END-- [ RunTime:0.000683s ]
INFO: [ view_parse ] --START--
INFO: [ template_filter ] --START--
INFO: Run Behavior\ContentReplaceBehavior [ RunTime:0.000102s ]
INFO: [ template_filter ] --END-- [ RunTime:0.000196s ]
NOTIC: [8] Undefined variable: category E:\code\PHP\shop\Application\Runtime\Cache\Home\6f105010063b4e4da2af04cb5dd2d5a4.php 第 40 行.
NOTIC: [8] Undefined index: goods_name E:\code\PHP\shop\Application\Runtime\Cache\Home\6f105010063b4e4da2af04cb5dd2d5a4.php 第 85 行.
NOTIC: [8] Undefined variable: visitor E:\code\PHP\shop\Application\Runtime\Cache\Home\6f105010063b4e4da2af04cb5dd2d5a4.php 第 131 行.
NOTIC: [8] Undefined variable: async_sendmail E:\code\PHP\shop\Application\Runtime\Cache\Home\6f105010063b4e4da2af04cb5dd2d5a4.php 第 132 行.
INFO: Run Behavior\ParseTemplateBehavior [ RunTime:0.015691s ]
INFO: [ view_parse ] --END-- [ RunTime:0.015767s ]
INFO: [ view_filter ] --START--
INFO: Run Behavior\WriteHtmlCacheBehavior [ RunTime:0.000437s ]
INFO: [ view_filter ] --END-- [ RunTime:0.000498s ]
INFO: [ app_end ] --START--
INFO: Run Behavior\ShowPageTraceBehavior [ RunTime:0.000450s ]
INFO: [ app_end ] --END-- [ RunTime:0.000513s ]

[ 2018-02-26T23:15:50+08:00 ] 127.0.0.1 /index.php/Home/order/jiesuan.html
INFO: [ app_init ] --START--
INFO: Run Behavior\BuildLiteBehavior [ RunTime:0.000026s ]
INFO: [ app_init ] --END-- [ RunTime:0.000504s ]
INFO: [ app_begin ] --START--
INFO: Run Behavior\ReadHtmlCacheBehavior [ RunTime:0.000638s ]
INFO: [ app_begin ] --END-- [ RunTime:0.000756s ]
SQL: SHOW COLUMNS FROM `shop_user_address` [ RunTime:0.0304s ]
SQL: SELECT * FROM `shop_user_address` WHERE `uid` = 3  [ RunTime:0.0003s ]
SQL: SHOW COLUMNS FROM `shop_goods` [ RunTime:0.0156s ]
SQL: SELECT `freight` FROM `shop_goods` WHERE `id` = 3 LIMIT 1   [ RunTime:0.0002s ]
NOTIC: [8] Undefined variable: free E:\code\PHP\shop\Application\Home\Controller\OrderController.class.php 第 117 行.
NOTIC: [8] Undefined variable: pingyou E:\code\PHP\shop\Application\Home\Controller\OrderController.class.php 第 132 行.
NOTIC: [8] Undefined variable: kuaidi E:\code\PHP\shop\Application\Home\Controller\OrderController.class.php 第 135 行.
NOTIC: [8] Undefined variable: ems E:\code\PHP\shop\Application\Home\Controller\OrderController.class.php 第 138 行.
NOTIC: [8] Undefined variable: freesum E:\code\PHP\shop\Application\Home\Controller\OrderController.class.php 第 145 行.
INFO: [ view_parse ] --START--
INFO: [ template_filter ] --START--
INFO: Run Behavior\ContentReplaceBehavior [ RunTime:0.000148s ]
INFO: [ template_filter ] --END-- [ RunTime:0.000243s ]
NOTIC: [8] Undefined variable: page_seo E:\code\PHP\shop\Application\Runtime\Cache\Home\0005287ed6e3377e32761d877773a5f9.php 第 6 行.
NOTIC: [8] Undefined variable: page_seo E:\code\PHP\shop\Application\Runtime\Cache\Home\0005287ed6e3377e32761d877773a5f9.php 第 7 行.
NOTIC: [8] Undefined variable: category E:\code\PHP\shop\Application\Runtime\Cache\Home\0005287ed6e3377e32761d877773a5f9.php 第 47 行.
NOTIC: [8] Undefined index: sheng E:\code\PHP\shop\Application\Runtime\Cache\Home\0005287ed6e3377e32761d877773a5f9.php 第 198 行.
NOTIC: [8] Undefined index: shi E:\code\PHP\shop\Application\Runtime\Cache\Home\0005287ed6e3377e32761d877773a5f9.php 第 198 行.
NOTIC: [8] Undefined index: qu E:\code\PHP\shop\Application\Runtime\Cache\Home\0005287ed6e3377e32761d877773a5f9.php 第 198 行.
NOTIC: [8] Undefined index: sheng E:\code\PHP\shop\Application\Runtime\Cache\Home\0005287ed6e3377e32761d877773a5f9.php 第 198 行.
NOTIC: [8] Undefined index: shi E:\code\PHP\shop\Application\Runtime\Cache\Home\0005287ed6e3377e32761d877773a5f9.php 第 198 行.
NOTIC: [8] Undefined index: qu E:\code\PHP\shop\Application\Runtime\Cache\Home\0005287ed6e3377e32761d877773a5f9.php 第 198 行.
NOTIC: [8] Undefined variable: visitor E:\code\PHP\shop\Application\Runtime\Cache\Home\0005287ed6e3377e32761d877773a5f9.php 第 368 行.
NOTIC: [8] Undefined variable: async_sendmail E:\code\PHP\shop\Application\Runtime\Cache\Home\0005287ed6e3377e32761d877773a5f9.php 第 369 行.
INFO: Run Behavior\ParseTemplateBehavior [ RunTime:0.111591s ]
INFO: [ view_parse ] --END-- [ RunTime:0.111688s ]
INFO: [ view_filter ] --START--
INFO: Run Behavior\WriteHtmlCacheBehavior [ RunTime:0.000575s ]
INFO: [ view_filter ] --END-- [ RunTime:0.000678s ]
INFO: [ app_end ] --START--
INFO: Run Behavior\ShowPageTraceBehavior [ RunTime:0.000717s ]
INFO: [ app_end ] --END-- [ RunTime:0.000812s ]

[ 2018-02-26T23:15:56+08:00 ] 127.0.0.1 /index.php/Home/User/index.html
INFO: [ app_init ] --START--
INFO: Run Behavior\BuildLiteBehavior [ RunTime:0.000021s ]
INFO: [ app_init ] --END-- [ RunTime:0.000453s ]
INFO: [ app_begin ] --START--
INFO: Run Behavior\ReadHtmlCacheBehavior [ RunTime:0.000536s ]
INFO: [ app_begin ] --END-- [ RunTime:0.000619s ]
SQL: SHOW COLUMNS FROM `shop_order` [ RunTime:0.0147s ]
SQL: SELECT * FROM `shop_order` WHERE `status` = 1 AND `uid` = 3 ORDER BY id desc  [ RunTime:0.0004s ]
SQL: SHOW COLUMNS FROM `shop_order_detail` [ RunTime:0.0098s ]
INFO: [ view_parse ] --START--
INFO: [ template_filter ] --START--
INFO: Run Behavior\ContentReplaceBehavior [ RunTime:0.000099s ]
INFO: [ template_filter ] --END-- [ RunTime:0.000171s ]
NOTIC: [8] Undefined variable: page_seo E:\code\PHP\shop\Application\Runtime\Cache\Home\6830cbac89ff06451c77cd8769d6d4ca.php 第 6 行.
NOTIC: [8] Undefined variable: page_seo E:\code\PHP\shop\Application\Runtime\Cache\Home\6830cbac89ff06451c77cd8769d6d4ca.php 第 7 行.
NOTIC: [8] Undefined variable: category E:\code\PHP\shop\Application\Runtime\Cache\Home\6830cbac89ff06451c77cd8769d6d4ca.php 第 53 行.
NOTIC: [8] Undefined variable: visitor E:\code\PHP\shop\Application\Runtime\Cache\Home\6830cbac89ff06451c77cd8769d6d4ca.php 第 86 行.
NOTIC: [8] Undefined variable: visitor E:\code\PHP\shop\Application\Runtime\Cache\Home\6830cbac89ff06451c77cd8769d6d4ca.php 第 189 行.
NOTIC: [8] Undefined variable: async_sendmail E:\code\PHP\shop\Application\Runtime\Cache\Home\6830cbac89ff06451c77cd8769d6d4ca.php 第 190 行.
INFO: Run Behavior\ParseTemplateBehavior [ RunTime:0.078050s ]
INFO: [ view_parse ] --END-- [ RunTime:0.078123s ]
INFO: [ view_filter ] --START--
INFO: Run Behavior\WriteHtmlCacheBehavior [ RunTime:0.000277s ]
INFO: [ view_filter ] --END-- [ RunTime:0.000342s ]
INFO: [ app_end ] --START--
INFO: Run Behavior\ShowPageTraceBehavior [ RunTime:0.000446s ]
INFO: [ app_end ] --END-- [ RunTime:0.000507s ]

[ 2018-02-26T23:15:58+08:00 ] 127.0.0.1 /index.php/Home/user/address.html
INFO: [ app_init ] --START--
INFO: Run Behavior\BuildLiteBehavior [ RunTime:0.000017s ]
INFO: [ app_init ] --END-- [ RunTime:0.000358s ]
INFO: [ app_begin ] --START--
INFO: Run Behavior\ReadHtmlCacheBehavior [ RunTime:0.000410s ]
INFO: [ app_begin ] --END-- [ RunTime:0.000473s ]
SQL: SHOW COLUMNS FROM `shop_user_address` [ RunTime:0.0126s ]
SQL: SELECT * FROM `shop_user_address` WHERE `uid` = 3  [ RunTime:0.0003s ]
INFO: [ view_parse ] --START--
INFO: [ template_filter ] --START--
INFO: Run Behavior\ContentReplaceBehavior [ RunTime:0.000079s ]
INFO: [ template_filter ] --END-- [ RunTime:0.000152s ]
NOTIC: [8] Undefined variable: page_seo E:\code\PHP\shop\Application\Runtime\Cache\Home\91ff2879d03c8adb319575e54346df8a.php 第 6 行.
NOTIC: [8] Undefined variable: page_seo E:\code\PHP\shop\Application\Runtime\Cache\Home\91ff2879d03c8adb319575e54346df8a.php 第 7 行.
NOTIC: [8] Undefined variable: category E:\code\PHP\shop\Application\Runtime\Cache\Home\91ff2879d03c8adb319575e54346df8a.php 第 51 行.
NOTIC: [8] Undefined variable: visitor E:\code\PHP\shop\Application\Runtime\Cache\Home\91ff2879d03c8adb319575e54346df8a.php 第 138 行.
NOTIC: [8] Undefined variable: async_sendmail E:\code\PHP\shop\Application\Runtime\Cache\Home\91ff2879d03c8adb319575e54346df8a.php 第 139 行.
INFO: Run Behavior\ParseTemplateBehavior [ RunTime:0.056054s ]
INFO: [ view_parse ] --END-- [ RunTime:0.056152s ]
INFO: [ view_filter ] --START--
INFO: Run Behavior\WriteHtmlCacheBehavior [ RunTime:0.000366s ]
INFO: [ view_filter ] --END-- [ RunTime:0.000451s ]
INFO: [ app_end ] --START--
INFO: Run Behavior\ShowPageTraceBehavior [ RunTime:0.000587s ]
INFO: [ app_end ] --END-- [ RunTime:0.000668s ]

[ 2018-02-26T23:19:15+08:00 ] 127.0.0.1 /index.php/Home/user/address.html
INFO: [ app_init ] --START--
INFO: Run Behavior\BuildLiteBehavior [ RunTime:0.000019s ]
INFO: [ app_init ] --END-- [ RunTime:0.000480s ]
INFO: [ app_begin ] --START--
INFO: Run Behavior\ReadHtmlCacheBehavior [ RunTime:0.000676s ]
INFO: [ app_begin ] --END-- [ RunTime:0.000748s ]
SQL: SHOW COLUMNS FROM `shop_user_address` [ RunTime:0.0122s ]
SQL: SELECT * FROM `shop_user_address` WHERE `uid` = 3  [ RunTime:0.0003s ]
INFO: [ view_parse ] --START--
INFO: [ template_filter ] --START--
INFO: Run Behavior\ContentReplaceBehavior [ RunTime:0.000078s ]
INFO: [ template_filter ] --END-- [ RunTime:0.000145s ]
NOTIC: [8] Undefined variable: page_seo E:\code\PHP\shop\Application\Runtime\Cache\Home\91ff2879d03c8adb319575e54346df8a.php 第 6 行.
NOTIC: [8] Undefined variable: page_seo E:\code\PHP\shop\Application\Runtime\Cache\Home\91ff2879d03c8adb319575e54346df8a.php 第 7 行.
NOTIC: [8] Undefined variable: category E:\code\PHP\shop\Application\Runtime\Cache\Home\91ff2879d03c8adb319575e54346df8a.php 第 51 行.
NOTIC: [8] Undefined variable: visitor E:\code\PHP\shop\Application\Runtime\Cache\Home\91ff2879d03c8adb319575e54346df8a.php 第 138 行.
NOTIC: [8] Undefined variable: async_sendmail E:\code\PHP\shop\Application\Runtime\Cache\Home\91ff2879d03c8adb319575e54346df8a.php 第 139 行.
INFO: Run Behavior\ParseTemplateBehavior [ RunTime:0.012267s ]
INFO: [ view_parse ] --END-- [ RunTime:0.012341s ]
INFO: [ view_filter ] --START--
INFO: Run Behavior\WriteHtmlCacheBehavior [ RunTime:0.000429s ]
INFO: [ view_filter ] --END-- [ RunTime:0.000494s ]
INFO: [ app_end ] --START--
INFO: Run Behavior\ShowPageTraceBehavior [ RunTime:0.000594s ]
INFO: [ app_end ] --END-- [ RunTime:0.000656s ]

[ 2018-02-26T23:19:18+08:00 ] 127.0.0.1 /index.php/Home/Index/index.html
INFO: [ app_init ] --START--
INFO: Run Behavior\BuildLiteBehavior [ RunTime:0.000021s ]
INFO: [ app_init ] --END-- [ RunTime:0.000466s ]
INFO: [ app_begin ] --START--
INFO: Run Behavior\ReadHtmlCacheBehavior [ RunTime:0.000519s ]
INFO: [ app_begin ] --END-- [ RunTime:0.000604s ]
SQL: SHOW COLUMNS FROM `shop_ad` [ RunTime:0.0158s ]
SQL: SELECT * FROM `shop_ad`  [ RunTime:0.0002s ]
SQL: SHOW COLUMNS FROM `shop_goods` [ RunTime:0.0101s ]
SQL: SELECT * FROM `shop_goods` WHERE `is_hot` = 1 AND `is_delete` = 0 LIMIT 4   [ RunTime:0.0003s ]
SQL: SELECT * FROM `shop_goods` WHERE `is_new` = 1 AND `is_delete` = 0 LIMIT 4   [ RunTime:0.0002s ]
SQL: SELECT * FROM `shop_goods` WHERE `is_delete` = 0  [ RunTime:0.0002s ]
SQL: SHOW COLUMNS FROM `shop_category` [ RunTime:0.0108s ]
SQL: SELECT * FROM `shop_category`  [ RunTime:0.0002s ]
INFO: [ view_parse ] --START--
INFO: [ template_filter ] --START--
INFO: Run Behavior\ContentReplaceBehavior [ RunTime:0.000092s ]
INFO: [ template_filter ] --END-- [ RunTime:0.000157s ]
NOTIC: [8] Undefined variable: page_seo E:\code\PHP\shop\Application\Runtime\Cache\Home\2a94b8bda04ff446dcedd42276fc99ee.php 第 5 行.
NOTIC: [8] Undefined variable: page_seo E:\code\PHP\shop\Application\Runtime\Cache\Home\2a94b8bda04ff446dcedd42276fc99ee.php 第 6 行.
NOTIC: [8] Undefined variable: visitor E:\code\PHP\shop\Application\Runtime\Cache\Home\2a94b8bda04ff446dcedd42276fc99ee.php 第 251 行.
NOTIC: [8] Undefined variable: async_sendmail E:\code\PHP\shop\Application\Runtime\Cache\Home\2a94b8bda04ff446dcedd42276fc99ee.php 第 252 行.
INFO: Run Behavior\ParseTemplateBehavior [ RunTime:0.085913s ]
INFO: [ view_parse ] --END-- [ RunTime:0.086005s ]
INFO: [ view_filter ] --START--
INFO: Run Behavior\WriteHtmlCacheBehavior [ RunTime:0.000391s ]
INFO: [ view_filter ] --END-- [ RunTime:0.000460s ]
INFO: [ app_end ] --START--
INFO: Run Behavior\ShowPageTraceBehavior [ RunTime:0.000670s ]
INFO: [ app_end ] --END-- [ RunTime:0.000748s ]

[ 2018-02-26T23:19:28+08:00 ] 127.0.0.1 /index.php/Home/Index/index.html
INFO: [ app_init ] --START--
INFO: Run Behavior\BuildLiteBehavior [ RunTime:0.000020s ]
INFO: [ app_init ] --END-- [ RunTime:0.000451s ]
INFO: [ app_begin ] --START--
INFO: Run Behavior\ReadHtmlCacheBehavior [ RunTime:0.000684s ]
INFO: [ app_begin ] --END-- [ RunTime:0.000778s ]
SQL: SHOW COLUMNS FROM `shop_ad` [ RunTime:0.0160s ]
SQL: SELECT * FROM `shop_ad`  [ RunTime:0.0003s ]
SQL: SHOW COLUMNS FROM `shop_goods` [ RunTime:0.0124s ]
SQL: SELECT * FROM `shop_goods` WHERE `is_hot` = 1 AND `is_delete` = 0 LIMIT 4   [ RunTime:0.0003s ]
SQL: SELECT * FROM `shop_goods` WHERE `is_new` = 1 AND `is_delete` = 0 LIMIT 4   [ RunTime:0.0003s ]
SQL: SELECT * FROM `shop_goods` WHERE `is_delete` = 0  [ RunTime:0.0003s ]
SQL: SHOW COLUMNS FROM `shop_category` [ RunTime:0.0126s ]
SQL: SELECT * FROM `shop_category`  [ RunTime:0.0003s ]
INFO: [ view_parse ] --START--
INFO: [ template_filter ] --START--
INFO: Run Behavior\ContentReplaceBehavior [ RunTime:0.000124s ]
INFO: [ template_filter ] --END-- [ RunTime:0.000216s ]
NOTIC: [8] Undefined variable: page_seo E:\code\PHP\shop\Application\Runtime\Cache\Home\2a94b8bda04ff446dcedd42276fc99ee.php 第 5 行.
NOTIC: [8] Undefined variable: page_seo E:\code\PHP\shop\Application\Runtime\Cache\Home\2a94b8bda04ff446dcedd42276fc99ee.php 第 6 行.
NOTIC: [8] Undefined variable: visitor E:\code\PHP\shop\Application\Runtime\Cache\Home\2a94b8bda04ff446dcedd42276fc99ee.php 第 251 行.
NOTIC: [8] Undefined variable: async_sendmail E:\code\PHP\shop\Application\Runtime\Cache\Home\2a94b8bda04ff446dcedd42276fc99ee.php 第 252 行.
INFO: Run Behavior\ParseTemplateBehavior [ RunTime:0.100196s ]
INFO: [ view_parse ] --END-- [ RunTime:0.100280s ]
INFO: [ view_filter ] --START--
INFO: Run Behavior\WriteHtmlCacheBehavior [ RunTime:0.000293s ]
INFO: [ view_filter ] --END-- [ RunTime:0.000364s ]
INFO: [ app_end ] --START--
INFO: Run Behavior\ShowPageTraceBehavior [ RunTime:0.001183s ]
INFO: [ app_end ] --END-- [ RunTime:0.001324s ]

[ 2018-02-26T23:19:34+08:00 ] 127.0.0.1 /index.php/Home/Index/index.html
INFO: [ app_init ] --START--
INFO: Run Behavior\BuildLiteBehavior [ RunTime:0.000017s ]
INFO: [ app_init ] --END-- [ RunTime:0.000386s ]
INFO: [ app_begin ] --START--
INFO: Run Behavior\ReadHtmlCacheBehavior [ RunTime:0.000404s ]
INFO: [ app_begin ] --END-- [ RunTime:0.000466s ]
SQL: SHOW COLUMNS FROM `shop_ad` [ RunTime:0.0131s ]
SQL: SELECT * FROM `shop_ad`  [ RunTime:0.0003s ]
SQL: SHOW COLUMNS FROM `shop_goods` [ RunTime:0.0114s ]
SQL: SELECT * FROM `shop_goods` WHERE `is_hot` = 1 AND `is_delete` = 0 LIMIT 4   [ RunTime:0.0003s ]
SQL: SELECT * FROM `shop_goods` WHERE `is_new` = 1 AND `is_delete` = 0 LIMIT 4   [ RunTime:0.0002s ]
SQL: SELECT * FROM `shop_goods` WHERE `is_delete` = 0  [ RunTime:0.0002s ]
SQL: SHOW COLUMNS FROM `shop_category` [ RunTime:0.0117s ]
SQL: SELECT * FROM `shop_category`  [ RunTime:0.0002s ]
INFO: [ view_parse ] --START--
INFO: [ template_filter ] --START--
INFO: Run Behavior\ContentReplaceBehavior [ RunTime:0.000094s ]
INFO: [ template_filter ] --END-- [ RunTime:0.000162s ]
NOTIC: [8] Undefined variable: page_seo E:\code\PHP\shop\Application\Runtime\Cache\Home\2a94b8bda04ff446dcedd42276fc99ee.php 第 5 行.
NOTIC: [8] Undefined variable: page_seo E:\code\PHP\shop\Application\Runtime\Cache\Home\2a94b8bda04ff446dcedd42276fc99ee.php 第 6 行.
NOTIC: [8] Undefined variable: visitor E:\code\PHP\shop\Application\Runtime\Cache\Home\2a94b8bda04ff446dcedd42276fc99ee.php 第 251 行.
NOTIC: [8] Undefined variable: async_sendmail E:\code\PHP\shop\Application\Runtime\Cache\Home\2a94b8bda04ff446dcedd42276fc99ee.php 第 252 行.
INFO: Run Behavior\ParseTemplateBehavior [ RunTime:0.090098s ]
INFO: [ view_parse ] --END-- [ RunTime:0.090171s ]
INFO: [ view_filter ] --START--
INFO: Run Behavior\WriteHtmlCacheBehavior [ RunTime:0.000302s ]
INFO: [ view_filter ] --END-- [ RunTime:0.000369s ]
INFO: [ app_end ] --START--
INFO: Run Behavior\ShowPageTraceBehavior [ RunTime:0.000654s ]
INFO: [ app_end ] --END-- [ RunTime:0.000761s ]

[ 2018-02-26T23:19:39+08:00 ] 127.0.0.1 /index.php/Home/Index/index.html
INFO: [ app_init ] --START--
INFO: Run Behavior\BuildLiteBehavior [ RunTime:0.000023s ]
INFO: [ app_init ] --END-- [ RunTime:0.000534s ]
INFO: [ app_begin ] --START--
INFO: Run Behavior\ReadHtmlCacheBehavior [ RunTime:0.000554s ]
INFO: [ app_begin ] --END-- [ RunTime:0.000639s ]
NOTIC: [8] Constant TOKEN already defined E:\code\PHP\shop\Application\Home\Common\Wechat.class.php 第 3 行.
ERR: Think\Controller:getUserDetail方法不存在！

[ 2018-02-26T23:19:57+08:00 ] 127.0.0.1 /index.php/Home/Index/index.html
INFO: [ app_init ] --START--
INFO: Run Behavior\BuildLiteBehavior [ RunTime:0.000022s ]
INFO: [ app_init ] --END-- [ RunTime:0.000459s ]
INFO: [ app_begin ] --START--
INFO: Run Behavior\ReadHtmlCacheBehavior [ RunTime:0.000531s ]
INFO: [ app_begin ] --END-- [ RunTime:0.000613s ]
NOTIC: [8] Constant TOKEN already defined E:\code\PHP\shop\Application\Home\Common\Wechat.class.php 第 3 行.
ERR: Think\Controller:getUserDetail方法不存在！

[ 2018-02-26T23:26:13+08:00 ] 127.0.0.1 /index.php/Home/Index/login.html
INFO: [ app_init ] --START--
INFO: Run Behavior\BuildLiteBehavior [ RunTime:0.000018s ]
INFO: [ app_init ] --END-- [ RunTime:0.000447s ]
INFO: [ app_begin ] --START--
INFO: Run Behavior\ReadHtmlCacheBehavior [ RunTime:0.000787s ]
INFO: [ app_begin ] --END-- [ RunTime:0.000872s ]
NOTIC: [8] Constant TOKEN already defined E:\code\PHP\shop\Application\Home\Common\Wechat.class.php 第 3 行.
ERR: Think\Controller:getUserDetail方法不存在！

[ 2018-02-26T23:26:19+08:00 ] 127.0.0.1 /index.php/Home/user/login.html
INFO: [ app_init ] --START--
INFO: Run Behavior\BuildLiteBehavior [ RunTime:0.000019s ]
INFO: [ app_init ] --END-- [ RunTime:0.000466s ]
INFO: [ app_begin ] --START--
INFO: Run Behavior\ReadHtmlCacheBehavior [ RunTime:0.000687s ]
INFO: [ app_begin ] --END-- [ RunTime:0.000763s ]
INFO: [ view_parse ] --START--
INFO: [ template_filter ] --START--
INFO: Run Behavior\ContentReplaceBehavior [ RunTime:0.000088s ]
INFO: [ template_filter ] --END-- [ RunTime:0.000162s ]
NOTIC: [8] Undefined variable: page_seo E:\code\PHP\shop\Application\Runtime\Cache\Home\5c9ee6d19cd41add49f97afe3aef0b25.php 第 6 行.
NOTIC: [8] Undefined variable: category E:\code\PHP\shop\Application\Runtime\Cache\Home\5c9ee6d19cd41add49f97afe3aef0b25.php 第 27 行.
NOTIC: [8] Undefined variable: visitor E:\code\PHP\shop\Application\Runtime\Cache\Home\5c9ee6d19cd41add49f97afe3aef0b25.php 第 127 行.
NOTIC: [8] Undefined variable: async_sendmail E:\code\PHP\shop\Application\Runtime\Cache\Home\5c9ee6d19cd41add49f97afe3aef0b25.php 第 128 行.
INFO: Run Behavior\ParseTemplateBehavior [ RunTime:0.037780s ]
INFO: [ view_parse ] --END-- [ RunTime:0.037850s ]
INFO: [ view_filter ] --START--
INFO: Run Behavior\WriteHtmlCacheBehavior [ RunTime:0.000445s ]
INFO: [ view_filter ] --END-- [ RunTime:0.000506s ]
INFO: [ app_end ] --START--
INFO: Run Behavior\ShowPageTraceBehavior [ RunTime:0.000629s ]
INFO: [ app_end ] --END-- [ RunTime:0.000690s ]

[ 2018-02-26T23:26:22+08:00 ] 127.0.0.1 /index.php/Home/User/register.html
INFO: [ app_init ] --START--
INFO: Run Behavior\BuildLiteBehavior [ RunTime:0.000024s ]
INFO: [ app_init ] --END-- [ RunTime:0.000499s ]
INFO: [ app_begin ] --START--
INFO: Run Behavior\ReadHtmlCacheBehavior [ RunTime:0.000663s ]
INFO: [ app_begin ] --END-- [ RunTime:0.000735s ]
INFO: [ view_parse ] --START--
INFO: [ template_filter ] --START--
INFO: Run Behavior\ContentReplaceBehavior [ RunTime:0.000076s ]
INFO: [ template_filter ] --END-- [ RunTime:0.000151s ]
NOTIC: [8] Undefined variable: page_seo E:\code\PHP\shop\Application\Runtime\Cache\Home\3359adbadf95118621a5c500fb3ff893.php 第 6 行.
NOTIC: [8] Undefined variable: category E:\code\PHP\shop\Application\Runtime\Cache\Home\3359adbadf95118621a5c500fb3ff893.php 第 43 行.
NOTIC: [8] Undefined variable: visitor E:\code\PHP\shop\Application\Runtime\Cache\Home\3359adbadf95118621a5c500fb3ff893.php 第 178 行.
NOTIC: [8] Undefined variable: async_sendmail E:\code\PHP\shop\Application\Runtime\Cache\Home\3359adbadf95118621a5c500fb3ff893.php 第 179 行.
INFO: Run Behavior\ParseTemplateBehavior [ RunTime:0.040505s ]
INFO: [ view_parse ] --END-- [ RunTime:0.040576s ]
INFO: [ view_filter ] --START--
INFO: Run Behavior\WriteHtmlCacheBehavior [ RunTime:0.000519s ]
INFO: [ view_filter ] --END-- [ RunTime:0.000580s ]
INFO: [ app_end ] --START--
INFO: Run Behavior\ShowPageTraceBehavior [ RunTime:0.000779s ]
INFO: [ app_end ] --END-- [ RunTime:0.000854s ]

[ 2018-02-26T23:26:28+08:00 ] 127.0.0.1 /index.php/Home/Index/index.html
INFO: [ app_init ] --START--
INFO: Run Behavior\BuildLiteBehavior [ RunTime:0.000026s ]
INFO: [ app_init ] --END-- [ RunTime:0.000460s ]
INFO: [ app_begin ] --START--
INFO: Run Behavior\ReadHtmlCacheBehavior [ RunTime:0.000538s ]
INFO: [ app_begin ] --END-- [ RunTime:0.000621s ]
NOTIC: [8] Constant TOKEN already defined E:\code\PHP\shop\Application\Home\Common\Wechat.class.php 第 3 行.
ERR: Think\Controller:getUserDetail方法不存在！

[ 2018-02-26T23:26:29+08:00 ] 127.0.0.1 /index.php/Home/User/index.html
INFO: [ app_init ] --START--
INFO: Run Behavior\BuildLiteBehavior [ RunTime:0.000023s ]
INFO: [ app_init ] --END-- [ RunTime:0.000467s ]
INFO: [ app_begin ] --START--
INFO: Run Behavior\ReadHtmlCacheBehavior [ RunTime:0.000533s ]
INFO: [ app_begin ] --END-- [ RunTime:0.000617s ]
SQL: SHOW COLUMNS FROM `shop_order` [ RunTime:0.0253s ]
SQL: SELECT * FROM `shop_order` WHERE `status` = 1 AND `uid` = null ORDER BY id desc  [ RunTime:0.0007s ]
SQL: SHOW COLUMNS FROM `shop_order_detail` [ RunTime:0.0282s ]
INFO: [ view_parse ] --START--
INFO: [ template_filter ] --START--
INFO: Run Behavior\ContentReplaceBehavior [ RunTime:0.000135s ]
INFO: [ template_filter ] --END-- [ RunTime:0.000235s ]
NOTIC: [8] Undefined variable: page_seo E:\code\PHP\shop\Application\Runtime\Cache\Home\6830cbac89ff06451c77cd8769d6d4ca.php 第 6 行.
NOTIC: [8] Undefined variable: page_seo E:\code\PHP\shop\Application\Runtime\Cache\Home\6830cbac89ff06451c77cd8769d6d4ca.php 第 7 行.
NOTIC: [8] Undefined variable: category E:\code\PHP\shop\Application\Runtime\Cache\Home\6830cbac89ff06451c77cd8769d6d4ca.php 第 53 行.
NOTIC: [8] Undefined variable: visitor E:\code\PHP\shop\Application\Runtime\Cache\Home\6830cbac89ff06451c77cd8769d6d4ca.php 第 86 行.
NOTIC: [8] Undefined variable: visitor E:\code\PHP\shop\Application\Runtime\Cache\Home\6830cbac89ff06451c77cd8769d6d4ca.php 第 189 行.
NOTIC: [8] Undefined variable: async_sendmail E:\code\PHP\shop\Application\Runtime\Cache\Home\6830cbac89ff06451c77cd8769d6d4ca.php 第 190 行.
INFO: Run Behavior\ParseTemplateBehavior [ RunTime:0.102094s ]
INFO: [ view_parse ] --END-- [ RunTime:0.102231s ]
INFO: [ view_filter ] --START--
INFO: Run Behavior\WriteHtmlCacheBehavior [ RunTime:0.000284s ]
INFO: [ view_filter ] --END-- [ RunTime:0.000346s ]
INFO: [ app_end ] --START--
INFO: Run Behavior\ShowPageTraceBehavior [ RunTime:0.000448s ]
INFO: [ app_end ] --END-- [ RunTime:0.000510s ]

[ 2018-02-26T23:26:30+08:00 ] 127.0.0.1 /index.php/Home/Cart/index.html
INFO: [ app_init ] --START--
INFO: Run Behavior\BuildLiteBehavior [ RunTime:0.000027s ]
INFO: [ app_init ] --END-- [ RunTime:0.000513s ]
INFO: [ app_begin ] --START--
INFO: Run Behavior\ReadHtmlCacheBehavior [ RunTime:0.000538s ]
INFO: [ app_begin ] --END-- [ RunTime:0.000626s ]
NOTIC: [8] Constant TOKEN already defined E:\code\PHP\shop\Application\Home\Common\Wechat.class.php 第 3 行.
ERR: Think\Controller:getUserDetail方法不存在！

[ 2018-02-26T23:26:31+08:00 ] 127.0.0.1 /index.php/Home/User/index.html
INFO: [ app_init ] --START--
INFO: Run Behavior\BuildLiteBehavior [ RunTime:0.000023s ]
INFO: [ app_init ] --END-- [ RunTime:0.000481s ]
INFO: [ app_begin ] --START--
INFO: Run Behavior\ReadHtmlCacheBehavior [ RunTime:0.000435s ]
INFO: [ app_begin ] --END-- [ RunTime:0.000500s ]
SQL: SHOW COLUMNS FROM `shop_order` [ RunTime:0.0279s ]
SQL: SELECT * FROM `shop_order` WHERE `status` = 1 AND `uid` = null ORDER BY id desc  [ RunTime:0.0004s ]
SQL: SHOW COLUMNS FROM `shop_order_detail` [ RunTime:0.0136s ]
INFO: [ view_parse ] --START--
INFO: [ template_filter ] --START--
INFO: Run Behavior\ContentReplaceBehavior [ RunTime:0.000100s ]
INFO: [ template_filter ] --END-- [ RunTime:0.000176s ]
NOTIC: [8] Undefined variable: page_seo E:\code\PHP\shop\Application\Runtime\Cache\Home\6830cbac89ff06451c77cd8769d6d4ca.php 第 6 行.
NOTIC: [8] Undefined variable: page_seo E:\code\PHP\shop\Application\Runtime\Cache\Home\6830cbac89ff06451c77cd8769d6d4ca.php 第 7 行.
NOTIC: [8] Undefined variable: category E:\code\PHP\shop\Application\Runtime\Cache\Home\6830cbac89ff06451c77cd8769d6d4ca.php 第 53 行.
NOTIC: [8] Undefined variable: visitor E:\code\PHP\shop\Application\Runtime\Cache\Home\6830cbac89ff06451c77cd8769d6d4ca.php 第 86 行.
NOTIC: [8] Undefined variable: visitor E:\code\PHP\shop\Application\Runtime\Cache\Home\6830cbac89ff06451c77cd8769d6d4ca.php 第 189 行.
NOTIC: [8] Undefined variable: async_sendmail E:\code\PHP\shop\Application\Runtime\Cache\Home\6830cbac89ff06451c77cd8769d6d4ca.php 第 190 行.
INFO: Run Behavior\ParseTemplateBehavior [ RunTime:0.076356s ]
INFO: [ view_parse ] --END-- [ RunTime:0.076461s ]
INFO: [ view_filter ] --START--
INFO: Run Behavior\WriteHtmlCacheBehavior [ RunTime:0.000434s ]
INFO: [ view_filter ] --END-- [ RunTime:0.000520s ]
INFO: [ app_end ] --START--
INFO: Run Behavior\ShowPageTraceBehavior [ RunTime:0.000481s ]
INFO: [ app_end ] --END-- [ RunTime:0.000541s ]

[ 2018-02-26T23:26:32+08:00 ] 127.0.0.1 /index.php/Home/Index/index.html
INFO: [ app_init ] --START--
INFO: Run Behavior\BuildLiteBehavior [ RunTime:0.000023s ]
INFO: [ app_init ] --END-- [ RunTime:0.000481s ]
INFO: [ app_begin ] --START--
INFO: Run Behavior\ReadHtmlCacheBehavior [ RunTime:0.000554s ]
INFO: [ app_begin ] --END-- [ RunTime:0.000642s ]
NOTIC: [8] Constant TOKEN already defined E:\code\PHP\shop\Application\Home\Common\Wechat.class.php 第 3 行.
ERR: Think\Controller:getUserDetail方法不存在！

[ 2018-02-26T23:26:34+08:00 ] 127.0.0.1 /index.php/Home/Cart/index.html
INFO: [ app_init ] --START--
INFO: Run Behavior\BuildLiteBehavior [ RunTime:0.000023s ]
INFO: [ app_init ] --END-- [ RunTime:0.000460s ]
INFO: [ app_begin ] --START--
INFO: Run Behavior\ReadHtmlCacheBehavior [ RunTime:0.000532s ]
INFO: [ app_begin ] --END-- [ RunTime:0.000616s ]
NOTIC: [8] Constant TOKEN already defined E:\code\PHP\shop\Application\Home\Common\Wechat.class.php 第 3 行.
ERR: Think\Controller:getUserDetail方法不存在！

[ 2018-02-26T23:26:36+08:00 ] 127.0.0.1 /index.php/Home/Index/index.html
INFO: [ app_init ] --START--
INFO: Run Behavior\BuildLiteBehavior [ RunTime:0.000022s ]
INFO: [ app_init ] --END-- [ RunTime:0.000462s ]
INFO: [ app_begin ] --START--
INFO: Run Behavior\ReadHtmlCacheBehavior [ RunTime:0.000524s ]
INFO: [ app_begin ] --END-- [ RunTime:0.000614s ]
NOTIC: [8] Constant TOKEN already defined E:\code\PHP\shop\Application\Home\Common\Wechat.class.php 第 3 行.
ERR: Think\Controller:getUserDetail方法不存在！

