[ 2018-02-26T23:34:42+08:00 ] 127.0.0.1 /index.php/Admin/Index/index.html
INFO: [ app_init ] --START--
INFO: Run Behavior\BuildLiteBehavior [ RunTime:0.000027s ]
INFO: [ app_init ] --END-- [ RunTime:0.000572s ]
INFO: [ app_begin ] --START--
INFO: Run Behavior\ReadHtmlCacheBehavior [ RunTime:0.000873s ]
INFO: [ app_begin ] --END-- [ RunTime:0.000975s ]

[ 2018-02-26T23:34:42+08:00 ] 127.0.0.1 /index.php/Admin/Admin/login.html
INFO: [ app_init ] --START--
INFO: Run Behavior\BuildLiteBehavior [ RunTime:0.000019s ]
INFO: [ app_init ] --END-- [ RunTime:0.000379s ]
INFO: [ app_begin ] --START--
INFO: Run Behavior\ReadHtmlCacheBehavior [ RunTime:0.000422s ]
INFO: [ app_begin ] --END-- [ RunTime:0.000489s ]
INFO: [ view_parse ] --START--
INFO: [ template_filter ] --START--
INFO: Run Behavior\ContentReplaceBehavior [ RunTime:0.000044s ]
INFO: [ template_filter ] --END-- [ RunTime:0.000104s ]
INFO: Run Behavior\ParseTemplateBehavior [ RunTime:0.021886s ]
INFO: [ view_parse ] --END-- [ RunTime:0.021966s ]
INFO: [ view_filter ] --START--
INFO: Run Behavior\WriteHtmlCacheBehavior [ RunTime:0.000564s ]
INFO: [ view_filter ] --END-- [ RunTime:0.000632s ]
INFO: [ app_end ] --START--
INFO: Run Behavior\ShowPageTraceBehavior [ RunTime:0.000640s ]
INFO: [ app_end ] --END-- [ RunTime:0.000707s ]

[ 2018-02-26T23:34:43+08:00 ] 127.0.0.1 /index.php/Admin/Admin/verify_code/t/1519659282.html
INFO: [ app_init ] --START--
INFO: Run Behavior\BuildLiteBehavior [ RunTime:0.000023s ]
INFO: [ app_init ] --END-- [ RunTime:0.000537s ]
INFO: [ app_begin ] --START--
INFO: Run Behavior\ReadHtmlCacheBehavior [ RunTime:0.000747s ]
INFO: [ app_begin ] --END-- [ RunTime:0.000826s ]
INFO: [ app_end ] --START--
INFO: Run Behavior\ShowPageTraceBehavior [ RunTime:0.000775s ]
INFO: [ app_end ] --END-- [ RunTime:0.000867s ]

[ 2018-02-26T23:34:58+08:00 ] 127.0.0.1 /index.php/Admin/Admin/login.html
INFO: [ app_init ] --START--
INFO: Run Behavior\BuildLiteBehavior [ RunTime:0.000038s ]
INFO: [ app_init ] --END-- [ RunTime:0.000957s ]
INFO: [ app_begin ] --START--
INFO: Run Behavior\ReadHtmlCacheBehavior [ RunTime:0.000805s ]
INFO: [ app_begin ] --END-- [ RunTime:0.000885s ]
SQL: SHOW COLUMNS FROM `shop_admin` [ RunTime:0.0135s ]
NOTIC: [8] Undefined index: auto E:\code\PHP\shop\ThinkPHP\Library\Think\Model.class.php 第 1128 行.
SQL: SELECT * FROM `shop_admin` WHERE `username` = 'root' LIMIT 1   [ RunTime:0.0002s ]

[ 2018-02-26T23:34:58+08:00 ] 127.0.0.1 /index.php/Admin/Index/index.html
INFO: [ app_init ] --START--
INFO: Run Behavior\BuildLiteBehavior [ RunTime:0.000018s ]
INFO: [ app_init ] --END-- [ RunTime:0.000346s ]
INFO: [ app_begin ] --START--
INFO: Run Behavior\ReadHtmlCacheBehavior [ RunTime:0.000402s ]
INFO: [ app_begin ] --END-- [ RunTime:0.000466s ]
INFO: [ view_parse ] --START--
INFO: [ template_filter ] --START--
INFO: Run Behavior\ContentReplaceBehavior [ RunTime:0.000068s ]
INFO: [ template_filter ] --END-- [ RunTime:0.000130s ]
NOTIC: [8] Undefined variable: my_admin E:\code\PHP\shop\Application\Runtime\Cache\Admin\b595b808c2ebeeeb0478ffc30bb4e87a.php 第 24 行.
NOTIC: [8] Undefined variable: my_admin E:\code\PHP\shop\Application\Runtime\Cache\Admin\b595b808c2ebeeeb0478ffc30bb4e87a.php 第 24 行.
NOTIC: [8] Undefined variable: top_menus E:\code\PHP\shop\Application\Runtime\Cache\Admin\b595b808c2ebeeeb0478ffc30bb4e87a.php 第 30 行.
INFO: Run Behavior\ParseTemplateBehavior [ RunTime:0.027350s ]
INFO: [ view_parse ] --END-- [ RunTime:0.027430s ]
INFO: [ view_filter ] --START--
INFO: Run Behavior\WriteHtmlCacheBehavior [ RunTime:0.000605s ]
INFO: [ view_filter ] --END-- [ RunTime:0.000680s ]
INFO: [ app_end ] --START--
INFO: Run Behavior\ShowPageTraceBehavior [ RunTime:0.000617s ]
INFO: [ app_end ] --END-- [ RunTime:0.000678s ]

[ 2018-02-26T23:34:58+08:00 ] 127.0.0.1 /index.php/Admin/index/panel.html
INFO: [ app_init ] --START--
INFO: Run Behavior\BuildLiteBehavior [ RunTime:0.000021s ]
INFO: [ app_init ] --END-- [ RunTime:0.000452s ]
INFO: [ app_begin ] --START--
INFO: Run Behavior\ReadHtmlCacheBehavior [ RunTime:0.000901s ]
INFO: [ app_begin ] --END-- [ RunTime:0.001011s ]
INFO: [ view_parse ] --START--
INFO: [ template_filter ] --START--
INFO: Run Behavior\ContentReplaceBehavior [ RunTime:0.000107s ]
INFO: [ template_filter ] --END-- [ RunTime:0.000233s ]
NOTIC: [8] Undefined variable: count E:\code\PHP\shop\Application\Runtime\Cache\Admin\994df3e744bd6bb61eebf50545c50499.php 第 72 行.
NOTIC: [8] Undefined variable: count E:\code\PHP\shop\Application\Runtime\Cache\Admin\994df3e744bd6bb61eebf50545c50499.php 第 73 行.
NOTIC: [8] Undefined variable: count E:\code\PHP\shop\Application\Runtime\Cache\Admin\994df3e744bd6bb61eebf50545c50499.php 第 74 行.
NOTIC: [8] Undefined variable: count E:\code\PHP\shop\Application\Runtime\Cache\Admin\994df3e744bd6bb61eebf50545c50499.php 第 77 行.
NOTIC: [8] Undefined variable: count E:\code\PHP\shop\Application\Runtime\Cache\Admin\994df3e744bd6bb61eebf50545c50499.php 第 80 行.
INFO: Run Behavior\ParseTemplateBehavior [ RunTime:0.058633s ]
INFO: [ view_parse ] --END-- [ RunTime:0.058742s ]
INFO: [ view_filter ] --START--
INFO: Run Behavior\WriteHtmlCacheBehavior [ RunTime:0.000827s ]
INFO: [ view_filter ] --END-- [ RunTime:0.000964s ]
INFO: [ app_end ] --START--
INFO: Run Behavior\ShowPageTraceBehavior [ RunTime:0.001942s ]
INFO: [ app_end ] --END-- [ RunTime:0.002053s ]

[ 2018-02-26T23:34:58+08:00 ] 127.0.0.1 /index.php/Admin/Index/left.html
INFO: [ app_init ] --START--
INFO: Run Behavior\BuildLiteBehavior [ RunTime:0.000041s ]
INFO: [ app_init ] --END-- [ RunTime:0.000707s ]
INFO: [ app_begin ] --START--
INFO: Run Behavior\ReadHtmlCacheBehavior [ RunTime:0.000906s ]
INFO: [ app_begin ] --END-- [ RunTime:0.001021s ]
INFO: [ view_parse ] --START--
INFO: [ template_filter ] --START--
INFO: Run Behavior\ContentReplaceBehavior [ RunTime:0.000084s ]
INFO: [ template_filter ] --END-- [ RunTime:0.000213s ]
NOTIC: [8] Undefined variable: left_menu E:\code\PHP\shop\Application\Runtime\Cache\Admin\6778f0baf40e879d2b8c18d2052abd0c.php 第 1 行.
NOTIC: [8] Undefined variable: sval E:\code\PHP\shop\Application\Runtime\Cache\Admin\6778f0baf40e879d2b8c18d2052abd0c.php 第 22 行.
INFO: Run Behavior\ParseTemplateBehavior [ RunTime:0.014246s ]
INFO: [ view_parse ] --END-- [ RunTime:0.014334s ]
INFO: [ view_filter ] --START--
INFO: Run Behavior\WriteHtmlCacheBehavior [ RunTime:0.000365s ]
INFO: [ view_filter ] --END-- [ RunTime:0.000424s ]
INFO: [ app_end ] --START--
INFO: Run Behavior\ShowPageTraceBehavior [ RunTime:0.000506s ]
INFO: [ app_end ] --END-- [ RunTime:0.000563s ]

[ 2018-02-26T23:35:06+08:00 ] 127.0.0.1 /index.php/Admin/Index/index.html
INFO: [ app_init ] --START--
INFO: Run Behavior\BuildLiteBehavior [ RunTime:0.000022s ]
INFO: [ app_init ] --END-- [ RunTime:0.000530s ]
INFO: [ app_begin ] --START--
INFO: Run Behavior\ReadHtmlCacheBehavior [ RunTime:0.001091s ]
INFO: [ app_begin ] --END-- [ RunTime:0.001220s ]
INFO: [ view_parse ] --START--
INFO: [ template_filter ] --START--
INFO: Run Behavior\ContentReplaceBehavior [ RunTime:0.000087s ]
INFO: [ template_filter ] --END-- [ RunTime:0.000171s ]
NOTIC: [8] Undefined variable: my_admin E:\code\PHP\shop\Application\Runtime\Cache\Admin\b595b808c2ebeeeb0478ffc30bb4e87a.php 第 24 行.
NOTIC: [8] Undefined variable: my_admin E:\code\PHP\shop\Application\Runtime\Cache\Admin\b595b808c2ebeeeb0478ffc30bb4e87a.php 第 24 行.
NOTIC: [8] Undefined variable: top_menus E:\code\PHP\shop\Application\Runtime\Cache\Admin\b595b808c2ebeeeb0478ffc30bb4e87a.php 第 30 行.
INFO: Run Behavior\ParseTemplateBehavior [ RunTime:0.019927s ]
INFO: [ view_parse ] --END-- [ RunTime:0.020034s ]
INFO: [ view_filter ] --START--
INFO: Run Behavior\WriteHtmlCacheBehavior [ RunTime:0.000428s ]
INFO: [ view_filter ] --END-- [ RunTime:0.000489s ]
INFO: [ app_end ] --START--
INFO: Run Behavior\ShowPageTraceBehavior [ RunTime:0.000598s ]
INFO: [ app_end ] --END-- [ RunTime:0.000664s ]

[ 2018-02-26T23:35:06+08:00 ] 127.0.0.1 /index.php/Admin/Index/index.html
INFO: [ app_init ] --START--
INFO: Run Behavior\BuildLiteBehavior [ RunTime:0.000021s ]
INFO: [ app_init ] --END-- [ RunTime:0.000460s ]
INFO: [ app_begin ] --START--
INFO: Run Behavior\ReadHtmlCacheBehavior [ RunTime:0.000537s ]
INFO: [ app_begin ] --END-- [ RunTime:0.000619s ]
INFO: [ view_parse ] --START--
INFO: [ template_filter ] --START--
INFO: Run Behavior\ContentReplaceBehavior [ RunTime:0.000069s ]
INFO: [ template_filter ] --END-- [ RunTime:0.000136s ]
NOTIC: [8] Undefined variable: my_admin E:\code\PHP\shop\Application\Runtime\Cache\Admin\b595b808c2ebeeeb0478ffc30bb4e87a.php 第 24 行.
NOTIC: [8] Undefined variable: my_admin E:\code\PHP\shop\Application\Runtime\Cache\Admin\b595b808c2ebeeeb0478ffc30bb4e87a.php 第 24 行.
NOTIC: [8] Undefined variable: top_menus E:\code\PHP\shop\Application\Runtime\Cache\Admin\b595b808c2ebeeeb0478ffc30bb4e87a.php 第 30 行.
INFO: Run Behavior\ParseTemplateBehavior [ RunTime:0.007994s ]
INFO: [ view_parse ] --END-- [ RunTime:0.008075s ]
INFO: [ view_filter ] --START--
INFO: Run Behavior\WriteHtmlCacheBehavior [ RunTime:0.000268s ]
INFO: [ view_filter ] --END-- [ RunTime:0.000327s ]
INFO: [ app_end ] --START--
INFO: Run Behavior\ShowPageTraceBehavior [ RunTime:0.000452s ]
INFO: [ app_end ] --END-- [ RunTime:0.000513s ]

[ 2018-02-26T23:35:06+08:00 ] 127.0.0.1 /index.php/Admin/index/panel.html
INFO: [ app_init ] --START--
INFO: Run Behavior\BuildLiteBehavior [ RunTime:0.000032s ]
INFO: [ app_init ] --END-- [ RunTime:0.000514s ]
INFO: [ app_begin ] --START--
INFO: Run Behavior\ReadHtmlCacheBehavior [ RunTime:0.000594s ]
INFO: [ app_begin ] --END-- [ RunTime:0.000672s ]
INFO: [ view_parse ] --START--
INFO: [ template_filter ] --START--
INFO: Run Behavior\ContentReplaceBehavior [ RunTime:0.000102s ]
INFO: [ template_filter ] --END-- [ RunTime:0.000221s ]
NOTIC: [8] Undefined variable: count E:\code\PHP\shop\Application\Runtime\Cache\Admin\994df3e744bd6bb61eebf50545c50499.php 第 72 行.
NOTIC: [8] Undefined variable: count E:\code\PHP\shop\Application\Runtime\Cache\Admin\994df3e744bd6bb61eebf50545c50499.php 第 73 行.
NOTIC: [8] Undefined variable: count E:\code\PHP\shop\Application\Runtime\Cache\Admin\994df3e744bd6bb61eebf50545c50499.php 第 74 行.
NOTIC: [8] Undefined variable: count E:\code\PHP\shop\Application\Runtime\Cache\Admin\994df3e744bd6bb61eebf50545c50499.php 第 77 行.
NOTIC: [8] Undefined variable: count E:\code\PHP\shop\Application\Runtime\Cache\Admin\994df3e744bd6bb61eebf50545c50499.php 第 80 行.
INFO: Run Behavior\ParseTemplateBehavior [ RunTime:0.048239s ]
INFO: [ view_parse ] --END-- [ RunTime:0.048334s ]
INFO: [ view_filter ] --START--
INFO: Run Behavior\WriteHtmlCacheBehavior [ RunTime:0.000442s ]
INFO: [ view_filter ] --END-- [ RunTime:0.000529s ]
INFO: [ app_end ] --START--
INFO: Run Behavior\ShowPageTraceBehavior [ RunTime:0.000948s ]
INFO: [ app_end ] --END-- [ RunTime:0.001081s ]

[ 2018-02-26T23:35:07+08:00 ] 127.0.0.1 /index.php/Admin/Index/left.html
INFO: [ app_init ] --START--
INFO: Run Behavior\BuildLiteBehavior [ RunTime:0.000020s ]
INFO: [ app_init ] --END-- [ RunTime:0.000491s ]
INFO: [ app_begin ] --START--
INFO: Run Behavior\ReadHtmlCacheBehavior [ RunTime:0.000583s ]
INFO: [ app_begin ] --END-- [ RunTime:0.000661s ]
INFO: [ view_parse ] --START--
INFO: [ template_filter ] --START--
INFO: Run Behavior\ContentReplaceBehavior [ RunTime:0.000114s ]
INFO: [ template_filter ] --END-- [ RunTime:0.000271s ]
NOTIC: [8] Undefined variable: left_menu E:\code\PHP\shop\Application\Runtime\Cache\Admin\6778f0baf40e879d2b8c18d2052abd0c.php 第 1 行.
NOTIC: [8] Undefined variable: sval E:\code\PHP\shop\Application\Runtime\Cache\Admin\6778f0baf40e879d2b8c18d2052abd0c.php 第 22 行.
INFO: Run Behavior\ParseTemplateBehavior [ RunTime:0.013923s ]
INFO: [ view_parse ] --END-- [ RunTime:0.014043s ]
INFO: [ view_filter ] --START--
INFO: Run Behavior\WriteHtmlCacheBehavior [ RunTime:0.000532s ]
INFO: [ view_filter ] --END-- [ RunTime:0.000608s ]
INFO: [ app_end ] --START--
INFO: Run Behavior\ShowPageTraceBehavior [ RunTime:0.000585s ]
INFO: [ app_end ] --END-- [ RunTime:0.000646s ]

[ 2018-02-26T23:35:08+08:00 ] 127.0.0.1 /index.php/Admin/Goods/index.html
INFO: [ app_init ] --START--
INFO: Run Behavior\BuildLiteBehavior [ RunTime:0.000023s ]
INFO: [ app_init ] --END-- [ RunTime:0.000467s ]
INFO: [ app_begin ] --START--
INFO: Run Behavior\ReadHtmlCacheBehavior [ RunTime:0.000535s ]
INFO: [ app_begin ] --END-- [ RunTime:0.000622s ]
NOTIC: [2] Declaration of Admin\Model\GoodsModel::_after_insert(&$data, $option) should be compatible with Think\Model::_after_insert($data, $options) E:\code\PHP\shop\Application\Admin\Model\GoodsModel.class.php 第 5 行.
SQL: SHOW COLUMNS FROM `shop_goods` [ RunTime:0.0132s ]
SQL: SELECT COUNT(*) AS tp_count FROM shop_goods a JOIN shop_category b ON a.cat_id=b.id  WHERE `is_on_sale` = 1 AND `is_delete` = 0 LIMIT 1   [ RunTime:0.0003s ]
SQL: SELECT a.*,b.cat_name FROM shop_goods a JOIN shop_category b ON a.cat_id=b.id  WHERE `is_on_sale` = 1 AND `is_delete` = 0 LIMIT 0,5   [ RunTime:0.0003s ]
INFO: [ view_parse ] --START--
INFO: [ template_filter ] --START--
INFO: Run Behavior\ContentReplaceBehavior [ RunTime:0.000070s ]
INFO: [ template_filter ] --END-- [ RunTime:0.000134s ]
NOTIC: [8] Undefined index: iframe E:\code\PHP\shop\Application\Runtime\Cache\Admin\7460c3bd08e8aaf3e719467d6ea19bd3.php 第 14 行.
NOTIC: [8] Undefined index: iframe E:\code\PHP\shop\Application\Runtime\Cache\Admin\7460c3bd08e8aaf3e719467d6ea19bd3.php 第 14 行.
NOTIC: [8] Undefined index: id E:\code\PHP\shop\Application\Runtime\Cache\Admin\7460c3bd08e8aaf3e719467d6ea19bd3.php 第 14 行.
NOTIC: [8] Undefined index: width E:\code\PHP\shop\Application\Runtime\Cache\Admin\7460c3bd08e8aaf3e719467d6ea19bd3.php 第 14 行.
NOTIC: [8] Undefined index: height E:\code\PHP\shop\Application\Runtime\Cache\Admin\7460c3bd08e8aaf3e719467d6ea19bd3.php 第 14 行.
NOTIC: [8] Undefined variable: menuid E:\code\PHP\shop\Application\Runtime\Cache\Admin\7460c3bd08e8aaf3e719467d6ea19bd3.php 第 28 行.
NOTIC: [8] Undefined variable: sm E:\code\PHP\shop\Application\Runtime\Cache\Admin\7460c3bd08e8aaf3e719467d6ea19bd3.php 第 30 行.
NOTIC: [8] Undefined index: selected_ids E:\code\PHP\shop\Application\Runtime\Cache\Admin\7460c3bd08e8aaf3e719467d6ea19bd3.php 第 37 行.
NOTIC: [8] Undefined index: cate_id E:\code\PHP\shop\Application\Runtime\Cache\Admin\7460c3bd08e8aaf3e719467d6ea19bd3.php 第 38 行.
NOTIC: [8] Undefined index: colors E:\code\PHP\shop\Application\Runtime\Cache\Admin\7460c3bd08e8aaf3e719467d6ea19bd3.php 第 99 行.
NOTIC: [8] Undefined variable: menuid E:\code\PHP\shop\Application\Runtime\Cache\Admin\7460c3bd08e8aaf3e719467d6ea19bd3.php 第 108 行.
NOTIC: [8] Undefined index: colors E:\code\PHP\shop\Application\Runtime\Cache\Admin\7460c3bd08e8aaf3e719467d6ea19bd3.php 第 99 行.
NOTIC: [8] Undefined variable: menuid E:\code\PHP\shop\Application\Runtime\Cache\Admin\7460c3bd08e8aaf3e719467d6ea19bd3.php 第 108 行.
NOTIC: [8] Undefined index: colors E:\code\PHP\shop\Application\Runtime\Cache\Admin\7460c3bd08e8aaf3e719467d6ea19bd3.php 第 99 行.
NOTIC: [8] Undefined variable: menuid E:\code\PHP\shop\Application\Runtime\Cache\Admin\7460c3bd08e8aaf3e719467d6ea19bd3.php 第 108 行.
INFO: Run Behavior\ParseTemplateBehavior [ RunTime:0.039755s ]
INFO: [ view_parse ] --END-- [ RunTime:0.039831s ]
INFO: [ view_filter ] --START--
INFO: Run Behavior\WriteHtmlCacheBehavior [ RunTime:0.000460s ]
INFO: [ view_filter ] --END-- [ RunTime:0.000528s ]
INFO: [ app_end ] --START--
INFO: Run Behavior\ShowPageTraceBehavior [ RunTime:0.000481s ]
INFO: [ app_end ] --END-- [ RunTime:0.000546s ]

[ 2018-02-26T23:35:08+08:00 ] 127.0.0.1 /index.php/Admin/Goods/index.html
INFO: [ app_init ] --START--
INFO: Run Behavior\BuildLiteBehavior [ RunTime:0.000020s ]
INFO: [ app_init ] --END-- [ RunTime:0.000460s ]
INFO: [ app_begin ] --START--
INFO: Run Behavior\ReadHtmlCacheBehavior [ RunTime:0.000531s ]
INFO: [ app_begin ] --END-- [ RunTime:0.000613s ]
NOTIC: [2] Declaration of Admin\Model\GoodsModel::_after_insert(&$data, $option) should be compatible with Think\Model::_after_insert($data, $options) E:\code\PHP\shop\Application\Admin\Model\GoodsModel.class.php 第 5 行.
SQL: SHOW COLUMNS FROM `shop_goods` [ RunTime:0.0092s ]
SQL: SELECT COUNT(*) AS tp_count FROM shop_goods a JOIN shop_category b ON a.cat_id=b.id  WHERE `is_on_sale` = 1 AND `is_delete` = 0 LIMIT 1   [ RunTime:0.0003s ]
SQL: SELECT a.*,b.cat_name FROM shop_goods a JOIN shop_category b ON a.cat_id=b.id  WHERE `is_on_sale` = 1 AND `is_delete` = 0 LIMIT 0,5   [ RunTime:0.0003s ]
INFO: [ view_parse ] --START--
INFO: [ template_filter ] --START--
INFO: Run Behavior\ContentReplaceBehavior [ RunTime:0.000075s ]
INFO: [ template_filter ] --END-- [ RunTime:0.000147s ]
NOTIC: [8] Undefined index: iframe E:\code\PHP\shop\Application\Runtime\Cache\Admin\7460c3bd08e8aaf3e719467d6ea19bd3.php 第 14 行.
NOTIC: [8] Undefined index: iframe E:\code\PHP\shop\Application\Runtime\Cache\Admin\7460c3bd08e8aaf3e719467d6ea19bd3.php 第 14 行.
NOTIC: [8] Undefined index: id E:\code\PHP\shop\Application\Runtime\Cache\Admin\7460c3bd08e8aaf3e719467d6ea19bd3.php 第 14 行.
NOTIC: [8] Undefined index: width E:\code\PHP\shop\Application\Runtime\Cache\Admin\7460c3bd08e8aaf3e719467d6ea19bd3.php 第 14 行.
NOTIC: [8] Undefined index: height E:\code\PHP\shop\Application\Runtime\Cache\Admin\7460c3bd08e8aaf3e719467d6ea19bd3.php 第 14 行.
NOTIC: [8] Undefined variable: menuid E:\code\PHP\shop\Application\Runtime\Cache\Admin\7460c3bd08e8aaf3e719467d6ea19bd3.php 第 28 行.
NOTIC: [8] Undefined variable: sm E:\code\PHP\shop\Application\Runtime\Cache\Admin\7460c3bd08e8aaf3e719467d6ea19bd3.php 第 30 行.
NOTIC: [8] Undefined index: selected_ids E:\code\PHP\shop\Application\Runtime\Cache\Admin\7460c3bd08e8aaf3e719467d6ea19bd3.php 第 37 行.
NOTIC: [8] Undefined index: cate_id E:\code\PHP\shop\Application\Runtime\Cache\Admin\7460c3bd08e8aaf3e719467d6ea19bd3.php 第 38 行.
NOTIC: [8] Undefined index: colors E:\code\PHP\shop\Application\Runtime\Cache\Admin\7460c3bd08e8aaf3e719467d6ea19bd3.php 第 99 行.
NOTIC: [8] Undefined variable: menuid E:\code\PHP\shop\Application\Runtime\Cache\Admin\7460c3bd08e8aaf3e719467d6ea19bd3.php 第 108 行.
NOTIC: [8] Undefined index: colors E:\code\PHP\shop\Application\Runtime\Cache\Admin\7460c3bd08e8aaf3e719467d6ea19bd3.php 第 99 行.
NOTIC: [8] Undefined variable: menuid E:\code\PHP\shop\Application\Runtime\Cache\Admin\7460c3bd08e8aaf3e719467d6ea19bd3.php 第 108 行.
NOTIC: [8] Undefined index: colors E:\code\PHP\shop\Application\Runtime\Cache\Admin\7460c3bd08e8aaf3e719467d6ea19bd3.php 第 99 行.
NOTIC: [8] Undefined variable: menuid E:\code\PHP\shop\Application\Runtime\Cache\Admin\7460c3bd08e8aaf3e719467d6ea19bd3.php 第 108 行.
INFO: Run Behavior\ParseTemplateBehavior [ RunTime:0.037581s ]
INFO: [ view_parse ] --END-- [ RunTime:0.037647s ]
INFO: [ view_filter ] --START--
INFO: Run Behavior\WriteHtmlCacheBehavior [ RunTime:0.000278s ]
INFO: [ view_filter ] --END-- [ RunTime:0.000346s ]
INFO: [ app_end ] --START--
INFO: Run Behavior\ShowPageTraceBehavior [ RunTime:0.000504s ]
INFO: [ app_end ] --END-- [ RunTime:0.000587s ]

[ 2018-02-26T23:35:10+08:00 ] 127.0.0.1 /index.php/Admin/Category/index.html
INFO: [ app_init ] --START--
INFO: Run Behavior\BuildLiteBehavior [ RunTime:0.000032s ]
INFO: [ app_init ] --END-- [ RunTime:0.000510s ]
INFO: [ app_begin ] --START--
INFO: Run Behavior\ReadHtmlCacheBehavior [ RunTime:0.000572s ]
INFO: [ app_begin ] --END-- [ RunTime:0.000663s ]
SQL: SHOW COLUMNS FROM `shop_category` [ RunTime:0.0141s ]
SQL: SELECT * FROM `shop_category`  [ RunTime:0.0002s ]
INFO: [ view_parse ] --START--
INFO: [ template_filter ] --START--
INFO: Run Behavior\ContentReplaceBehavior [ RunTime:0.000051s ]
INFO: [ template_filter ] --END-- [ RunTime:0.000115s ]
NOTIC: [8] Undefined index: id E:\code\PHP\shop\Application\Runtime\Cache\Admin\9bfef0f9f473c596f668b6c9a32bfd5c.php 第 14 行.
NOTIC: [8] Undefined index: width E:\code\PHP\shop\Application\Runtime\Cache\Admin\9bfef0f9f473c596f668b6c9a32bfd5c.php 第 14 行.
NOTIC: [8] Undefined index: height E:\code\PHP\shop\Application\Runtime\Cache\Admin\9bfef0f9f473c596f668b6c9a32bfd5c.php 第 14 行.
NOTIC: [8] Undefined variable: page E:\code\PHP\shop\Application\Runtime\Cache\Admin\9bfef0f9f473c596f668b6c9a32bfd5c.php 第 46 行.
INFO: Run Behavior\ParseTemplateBehavior [ RunTime:0.035723s ]
INFO: [ view_parse ] --END-- [ RunTime:0.035800s ]
INFO: [ view_filter ] --START--
INFO: Run Behavior\WriteHtmlCacheBehavior [ RunTime:0.000269s ]
INFO: [ view_filter ] --END-- [ RunTime:0.000329s ]
INFO: [ app_end ] --START--
INFO: Run Behavior\ShowPageTraceBehavior [ RunTime:0.000464s ]
INFO: [ app_end ] --END-- [ RunTime:0.000526s ]

[ 2018-02-26T23:35:10+08:00 ] 127.0.0.1 /index.php/Admin/Category/index.html
INFO: [ app_init ] --START--
INFO: Run Behavior\BuildLiteBehavior [ RunTime:0.000022s ]
INFO: [ app_init ] --END-- [ RunTime:0.000479s ]
INFO: [ app_begin ] --START--
INFO: Run Behavior\ReadHtmlCacheBehavior [ RunTime:0.000546s ]
INFO: [ app_begin ] --END-- [ RunTime:0.000628s ]
SQL: SHOW COLUMNS FROM `shop_category` [ RunTime:0.0119s ]
SQL: SELECT * FROM `shop_category`  [ RunTime:0.0002s ]
INFO: [ view_parse ] --START--
INFO: [ template_filter ] --START--
INFO: Run Behavior\ContentReplaceBehavior [ RunTime:0.000052s ]
INFO: [ template_filter ] --END-- [ RunTime:0.000117s ]
NOTIC: [8] Undefined index: id E:\code\PHP\shop\Application\Runtime\Cache\Admin\9bfef0f9f473c596f668b6c9a32bfd5c.php 第 14 行.
NOTIC: [8] Undefined index: width E:\code\PHP\shop\Application\Runtime\Cache\Admin\9bfef0f9f473c596f668b6c9a32bfd5c.php 第 14 行.
NOTIC: [8] Undefined index: height E:\code\PHP\shop\Application\Runtime\Cache\Admin\9bfef0f9f473c596f668b6c9a32bfd5c.php 第 14 行.
NOTIC: [8] Undefined variable: page E:\code\PHP\shop\Application\Runtime\Cache\Admin\9bfef0f9f473c596f668b6c9a32bfd5c.php 第 46 行.
INFO: Run Behavior\ParseTemplateBehavior [ RunTime:0.009491s ]
INFO: [ view_parse ] --END-- [ RunTime:0.009565s ]
INFO: [ view_filter ] --START--
INFO: Run Behavior\WriteHtmlCacheBehavior [ RunTime:0.000266s ]
INFO: [ view_filter ] --END-- [ RunTime:0.000326s ]
INFO: [ app_end ] --START--
INFO: Run Behavior\ShowPageTraceBehavior [ RunTime:0.000690s ]
INFO: [ app_end ] --END-- [ RunTime:0.000796s ]

[ 2018-02-26T23:35:11+08:00 ] 127.0.0.1 /index.php/Admin/Goods/add.html
INFO: [ app_init ] --START--
INFO: Run Behavior\BuildLiteBehavior [ RunTime:0.000021s ]
INFO: [ app_init ] --END-- [ RunTime:0.000475s ]
INFO: [ app_begin ] --START--
INFO: Run Behavior\ReadHtmlCacheBehavior [ RunTime:0.000527s ]
INFO: [ app_begin ] --END-- [ RunTime:0.000609s ]
SQL: SHOW COLUMNS FROM `shop_category` [ RunTime:0.0095s ]
SQL: SELECT * FROM `shop_category`  [ RunTime:0.0003s ]
SQL: SHOW COLUMNS FROM `shop_attribute` [ RunTime:0.0121s ]
SQL: SELECT * FROM `shop_attribute`  [ RunTime:0.0002s ]
INFO: [ view_parse ] --START--
INFO: [ template_filter ] --START--
INFO: Run Behavior\ContentReplaceBehavior [ RunTime:0.000078s ]
INFO: [ template_filter ] --END-- [ RunTime:0.000149s ]
INFO: Run Behavior\ParseTemplateBehavior [ RunTime:0.048528s ]
INFO: [ view_parse ] --END-- [ RunTime:0.048609s ]
INFO: [ view_filter ] --START--
INFO: Run Behavior\WriteHtmlCacheBehavior [ RunTime:0.000278s ]
INFO: [ view_filter ] --END-- [ RunTime:0.000337s ]
INFO: [ app_end ] --START--
INFO: Run Behavior\ShowPageTraceBehavior [ RunTime:0.000465s ]
INFO: [ app_end ] --END-- [ RunTime:0.000539s ]

[ 2018-02-26T23:35:11+08:00 ] 127.0.0.1 /index.php/Admin/Goods/add.html
INFO: [ app_init ] --START--
INFO: Run Behavior\BuildLiteBehavior [ RunTime:0.000022s ]
INFO: [ app_init ] --END-- [ RunTime:0.000505s ]
INFO: [ app_begin ] --START--
INFO: Run Behavior\ReadHtmlCacheBehavior [ RunTime:0.000520s ]
INFO: [ app_begin ] --END-- [ RunTime:0.000594s ]
SQL: SHOW COLUMNS FROM `shop_category` [ RunTime:0.0094s ]
SQL: SELECT * FROM `shop_category`  [ RunTime:0.0002s ]
SQL: SHOW COLUMNS FROM `shop_attribute` [ RunTime:0.0083s ]
SQL: SELECT * FROM `shop_attribute`  [ RunTime:0.0001s ]
INFO: [ view_parse ] --START--
INFO: [ template_filter ] --START--
INFO: Run Behavior\ContentReplaceBehavior [ RunTime:0.000078s ]
INFO: [ template_filter ] --END-- [ RunTime:0.000151s ]
INFO: Run Behavior\ParseTemplateBehavior [ RunTime:0.046308s ]
INFO: [ view_parse ] --END-- [ RunTime:0.046381s ]
INFO: [ view_filter ] --START--
INFO: Run Behavior\WriteHtmlCacheBehavior [ RunTime:0.000276s ]
INFO: [ view_filter ] --END-- [ RunTime:0.000336s ]
INFO: [ app_end ] --START--
INFO: Run Behavior\ShowPageTraceBehavior [ RunTime:0.000538s ]
INFO: [ app_end ] --END-- [ RunTime:0.000621s ]

[ 2018-02-26T23:35:12+08:00 ] 127.0.0.1 /index.php/Admin/Attribute/index.html
INFO: [ app_init ] --START--
INFO: Run Behavior\BuildLiteBehavior [ RunTime:0.000023s ]
INFO: [ app_init ] --END-- [ RunTime:0.000466s ]
INFO: [ app_begin ] --START--
INFO: Run Behavior\ReadHtmlCacheBehavior [ RunTime:0.000527s ]
INFO: [ app_begin ] --END-- [ RunTime:0.000615s ]
SQL: SHOW COLUMNS FROM `shop_attribute` [ RunTime:0.0093s ]
SQL: SELECT COUNT(*) AS tp_count FROM `shop_attribute` LIMIT 1   [ RunTime:0.0002s ]
SQL: SELECT * FROM `shop_attribute` LIMIT 0,2   [ RunTime:0.0002s ]
INFO: [ view_parse ] --START--
INFO: [ template_filter ] --START--
INFO: Run Behavior\ContentReplaceBehavior [ RunTime:0.000059s ]
INFO: [ template_filter ] --END-- [ RunTime:0.000130s ]
NOTIC: [8] Undefined index: id E:\code\PHP\shop\Application\Runtime\Cache\Admin\7799ca8999b7af3521e02a2920b31d5a.php 第 14 行.
NOTIC: [8] Undefined index: width E:\code\PHP\shop\Application\Runtime\Cache\Admin\7799ca8999b7af3521e02a2920b31d5a.php 第 14 行.
NOTIC: [8] Undefined index: height E:\code\PHP\shop\Application\Runtime\Cache\Admin\7799ca8999b7af3521e02a2920b31d5a.php 第 14 行.
NOTIC: [8] Undefined index: attr_name E:\code\PHP\shop\Application\Runtime\Cache\Admin\7799ca8999b7af3521e02a2920b31d5a.php 第 26 行.
INFO: Run Behavior\ParseTemplateBehavior [ RunTime:0.033232s ]
INFO: [ view_parse ] --END-- [ RunTime:0.033303s ]
INFO: [ view_filter ] --START--
INFO: Run Behavior\WriteHtmlCacheBehavior [ RunTime:0.000268s ]
INFO: [ view_filter ] --END-- [ RunTime:0.000343s ]
INFO: [ app_end ] --START--
INFO: Run Behavior\ShowPageTraceBehavior [ RunTime:0.000633s ]
INFO: [ app_end ] --END-- [ RunTime:0.000741s ]

[ 2018-02-26T23:35:12+08:00 ] 127.0.0.1 /index.php/Admin/Attribute/index.html
INFO: [ app_init ] --START--
INFO: Run Behavior\BuildLiteBehavior [ RunTime:0.000030s ]
INFO: [ app_init ] --END-- [ RunTime:0.000578s ]
INFO: [ app_begin ] --START--
INFO: Run Behavior\ReadHtmlCacheBehavior [ RunTime:0.000559s ]
INFO: [ app_begin ] --END-- [ RunTime:0.000649s ]
SQL: SHOW COLUMNS FROM `shop_attribute` [ RunTime:0.0117s ]
SQL: SELECT COUNT(*) AS tp_count FROM `shop_attribute` LIMIT 1   [ RunTime:0.0002s ]
SQL: SELECT * FROM `shop_attribute` LIMIT 0,2   [ RunTime:0.0002s ]
INFO: [ view_parse ] --START--
INFO: [ template_filter ] --START--
INFO: Run Behavior\ContentReplaceBehavior [ RunTime:0.000057s ]
INFO: [ template_filter ] --END-- [ RunTime:0.000125s ]
NOTIC: [8] Undefined index: id E:\code\PHP\shop\Application\Runtime\Cache\Admin\7799ca8999b7af3521e02a2920b31d5a.php 第 14 行.
NOTIC: [8] Undefined index: width E:\code\PHP\shop\Application\Runtime\Cache\Admin\7799ca8999b7af3521e02a2920b31d5a.php 第 14 行.
NOTIC: [8] Undefined index: height E:\code\PHP\shop\Application\Runtime\Cache\Admin\7799ca8999b7af3521e02a2920b31d5a.php 第 14 行.
NOTIC: [8] Undefined index: attr_name E:\code\PHP\shop\Application\Runtime\Cache\Admin\7799ca8999b7af3521e02a2920b31d5a.php 第 26 行.
INFO: Run Behavior\ParseTemplateBehavior [ RunTime:0.007884s ]
INFO: [ view_parse ] --END-- [ RunTime:0.007962s ]
INFO: [ view_filter ] --START--
INFO: Run Behavior\WriteHtmlCacheBehavior [ RunTime:0.000344s ]
INFO: [ view_filter ] --END-- [ RunTime:0.000422s ]
INFO: [ app_end ] --START--
INFO: Run Behavior\ShowPageTraceBehavior [ RunTime:0.000468s ]
INFO: [ app_end ] --END-- [ RunTime:0.000537s ]

[ 2018-02-26T23:35:14+08:00 ] 127.0.0.1 /index.php/Admin/Goods/recyclelist.html
INFO: [ app_init ] --START--
INFO: Run Behavior\BuildLiteBehavior [ RunTime:0.000019s ]
INFO: [ app_init ] --END-- [ RunTime:0.000382s ]
INFO: [ app_begin ] --START--
INFO: Run Behavior\ReadHtmlCacheBehavior [ RunTime:0.000425s ]
INFO: [ app_begin ] --END-- [ RunTime:0.000492s ]
NOTIC: [2] Declaration of Admin\Model\GoodsModel::_after_insert(&$data, $option) should be compatible with Think\Model::_after_insert($data, $options) E:\code\PHP\shop\Application\Admin\Model\GoodsModel.class.php 第 5 行.
SQL: SHOW COLUMNS FROM `shop_goods` [ RunTime:0.0131s ]
SQL: SELECT COUNT(*) AS tp_count FROM shop_goods a JOIN shop_category b ON a.cat_id=b.id  WHERE `is_on_sale` = 0 AND `is_delete` = 1 LIMIT 1   [ RunTime:0.0003s ]
SQL: SELECT a.*,b.cat_name FROM shop_goods a JOIN shop_category b ON a.cat_id=b.id  WHERE `is_on_sale` = 0 AND `is_delete` = 1 LIMIT 0,5   [ RunTime:0.0002s ]
INFO: [ view_parse ] --START--
INFO: [ template_filter ] --START--
INFO: Run Behavior\ContentReplaceBehavior [ RunTime:0.000075s ]
INFO: [ template_filter ] --END-- [ RunTime:0.000144s ]
NOTIC: [8] Undefined variable: menuid E:\code\PHP\shop\Application\Runtime\Cache\Admin\827a179b8b00ac6f92de676f4b274406.php 第 28 行.
NOTIC: [8] Undefined variable: sm E:\code\PHP\shop\Application\Runtime\Cache\Admin\827a179b8b00ac6f92de676f4b274406.php 第 30 行.
NOTIC: [8] Undefined index: selected_ids E:\code\PHP\shop\Application\Runtime\Cache\Admin\827a179b8b00ac6f92de676f4b274406.php 第 37 行.
NOTIC: [8] Undefined index: cate_id E:\code\PHP\shop\Application\Runtime\Cache\Admin\827a179b8b00ac6f92de676f4b274406.php 第 38 行.
INFO: Run Behavior\ParseTemplateBehavior [ RunTime:0.037598s ]
INFO: [ view_parse ] --END-- [ RunTime:0.037665s ]
INFO: [ view_filter ] --START--
INFO: Run Behavior\WriteHtmlCacheBehavior [ RunTime:0.000294s ]
INFO: [ view_filter ] --END-- [ RunTime:0.000355s ]
INFO: [ app_end ] --START--
INFO: Run Behavior\ShowPageTraceBehavior [ RunTime:0.000496s ]
INFO: [ app_end ] --END-- [ RunTime:0.000575s ]

[ 2018-02-26T23:35:14+08:00 ] 127.0.0.1 /index.php/Admin/Goods/recyclelist.html
INFO: [ app_init ] --START--
INFO: Run Behavior\BuildLiteBehavior [ RunTime:0.000018s ]
INFO: [ app_init ] --END-- [ RunTime:0.000373s ]
INFO: [ app_begin ] --START--
INFO: Run Behavior\ReadHtmlCacheBehavior [ RunTime:0.000432s ]
INFO: [ app_begin ] --END-- [ RunTime:0.000503s ]
NOTIC: [2] Declaration of Admin\Model\GoodsModel::_after_insert(&$data, $option) should be compatible with Think\Model::_after_insert($data, $options) E:\code\PHP\shop\Application\Admin\Model\GoodsModel.class.php 第 5 行.
SQL: SHOW COLUMNS FROM `shop_goods` [ RunTime:0.0069s ]
SQL: SELECT COUNT(*) AS tp_count FROM shop_goods a JOIN shop_category b ON a.cat_id=b.id  WHERE `is_on_sale` = 0 AND `is_delete` = 1 LIMIT 1   [ RunTime:0.0003s ]
SQL: SELECT a.*,b.cat_name FROM shop_goods a JOIN shop_category b ON a.cat_id=b.id  WHERE `is_on_sale` = 0 AND `is_delete` = 1 LIMIT 0,5   [ RunTime:0.0002s ]
INFO: [ view_parse ] --START--
INFO: [ template_filter ] --START--
INFO: Run Behavior\ContentReplaceBehavior [ RunTime:0.000073s ]
INFO: [ template_filter ] --END-- [ RunTime:0.000140s ]
NOTIC: [8] Undefined variable: menuid E:\code\PHP\shop\Application\Runtime\Cache\Admin\827a179b8b00ac6f92de676f4b274406.php 第 28 行.
NOTIC: [8] Undefined variable: sm E:\code\PHP\shop\Application\Runtime\Cache\Admin\827a179b8b00ac6f92de676f4b274406.php 第 30 行.
NOTIC: [8] Undefined index: selected_ids E:\code\PHP\shop\Application\Runtime\Cache\Admin\827a179b8b00ac6f92de676f4b274406.php 第 37 行.
NOTIC: [8] Undefined index: cate_id E:\code\PHP\shop\Application\Runtime\Cache\Admin\827a179b8b00ac6f92de676f4b274406.php 第 38 行.
INFO: Run Behavior\ParseTemplateBehavior [ RunTime:0.045475s ]
INFO: [ view_parse ] --END-- [ RunTime:0.045557s ]
INFO: [ view_filter ] --START--
INFO: Run Behavior\WriteHtmlCacheBehavior [ RunTime:0.000350s ]
INFO: [ view_filter ] --END-- [ RunTime:0.000429s ]
INFO: [ app_end ] --START--
INFO: Run Behavior\ShowPageTraceBehavior [ RunTime:0.000579s ]
INFO: [ app_end ] --END-- [ RunTime:0.000659s ]

[ 2018-02-26T23:35:15+08:00 ] 127.0.0.1 /index.php/Admin/Order/index.html
INFO: [ app_init ] --START--
INFO: Run Behavior\BuildLiteBehavior [ RunTime:0.000022s ]
INFO: [ app_init ] --END-- [ RunTime:0.000468s ]
INFO: [ app_begin ] --START--
INFO: Run Behavior\ReadHtmlCacheBehavior [ RunTime:0.000558s ]
INFO: [ app_begin ] --END-- [ RunTime:0.000649s ]
SQL: SHOW COLUMNS FROM `shop_order` [ RunTime:0.0312s ]
SQL: SELECT * FROM `shop_order`  [ RunTime:0.0003s ]
INFO: [ view_parse ] --START--
INFO: [ template_filter ] --START--
INFO: Run Behavior\ContentReplaceBehavior [ RunTime:0.000073s ]
INFO: [ template_filter ] --END-- [ RunTime:0.000144s ]
NOTIC: [8] Undefined variable: menuid E:\code\PHP\shop\Application\Runtime\Cache\Admin\18bc66a7b6334412ab8e61a2539ecfbd.php 第 28 行.
NOTIC: [8] Undefined variable: search E:\code\PHP\shop\Application\Runtime\Cache\Admin\18bc66a7b6334412ab8e61a2539ecfbd.php 第 30 行.
NOTIC: [8] Undefined variable: search E:\code\PHP\shop\Application\Runtime\Cache\Admin\18bc66a7b6334412ab8e61a2539ecfbd.php 第 32 行.
NOTIC: [8] Undefined variable: search E:\code\PHP\shop\Application\Runtime\Cache\Admin\18bc66a7b6334412ab8e61a2539ecfbd.php 第 37 行.
NOTIC: [8] Undefined variable: search E:\code\PHP\shop\Application\Runtime\Cache\Admin\18bc66a7b6334412ab8e61a2539ecfbd.php 第 37 行.
NOTIC: [8] Undefined variable: search E:\code\PHP\shop\Application\Runtime\Cache\Admin\18bc66a7b6334412ab8e61a2539ecfbd.php 第 37 行.
NOTIC: [8] Undefined variable: search E:\code\PHP\shop\Application\Runtime\Cache\Admin\18bc66a7b6334412ab8e61a2539ecfbd.php 第 37 行.
NOTIC: [8] Undefined variable: search E:\code\PHP\shop\Application\Runtime\Cache\Admin\18bc66a7b6334412ab8e61a2539ecfbd.php 第 37 行.
NOTIC: [8] Undefined variable: sm E:\code\PHP\shop\Application\Runtime\Cache\Admin\18bc66a7b6334412ab8e61a2539ecfbd.php 第 42 行.
NOTIC: [8] Undefined variable: search E:\code\PHP\shop\Application\Runtime\Cache\Admin\18bc66a7b6334412ab8e61a2539ecfbd.php 第 44 行.
NOTIC: [8] Undefined variable: search E:\code\PHP\shop\Application\Runtime\Cache\Admin\18bc66a7b6334412ab8e61a2539ecfbd.php 第 46 行.
NOTIC: [8] Undefined variable: search E:\code\PHP\shop\Application\Runtime\Cache\Admin\18bc66a7b6334412ab8e61a2539ecfbd.php 第 48 行.
NOTIC: [8] Undefined variable: search E:\code\PHP\shop\Application\Runtime\Cache\Admin\18bc66a7b6334412ab8e61a2539ecfbd.php 第 50 行.
NOTIC: [8] Undefined variable: search E:\code\PHP\shop\Application\Runtime\Cache\Admin\18bc66a7b6334412ab8e61a2539ecfbd.php 第 54 行.
NOTIC: [8] Undefined variable: search E:\code\PHP\shop\Application\Runtime\Cache\Admin\18bc66a7b6334412ab8e61a2539ecfbd.php 第 56 行.
NOTIC: [8] Undefined variable: menuid E:\code\PHP\shop\Application\Runtime\Cache\Admin\18bc66a7b6334412ab8e61a2539ecfbd.php 第 89 行.
NOTIC: [8] Undefined index: sellerRemark E:\code\PHP\shop\Application\Runtime\Cache\Admin\18bc66a7b6334412ab8e61a2539ecfbd.php 第 90 行.
NOTIC: [8] Undefined variable: menuid E:\code\PHP\shop\Application\Runtime\Cache\Admin\18bc66a7b6334412ab8e61a2539ecfbd.php 第 112 行.
NOTIC: [8] Undefined index: orderId E:\code\PHP\shop\Application\Runtime\Cache\Admin\18bc66a7b6334412ab8e61a2539ecfbd.php 第 112 行.
NOTIC: [8] Undefined variable: menuid E:\code\PHP\shop\Application\Runtime\Cache\Admin\18bc66a7b6334412ab8e61a2539ecfbd.php 第 89 行.
NOTIC: [8] Undefined index: sellerRemark E:\code\PHP\shop\Application\Runtime\Cache\Admin\18bc66a7b6334412ab8e61a2539ecfbd.php 第 90 行.
NOTIC: [8] Undefined variable: menuid E:\code\PHP\shop\Application\Runtime\Cache\Admin\18bc66a7b6334412ab8e61a2539ecfbd.php 第 112 行.
NOTIC: [8] Undefined index: orderId E:\code\PHP\shop\Application\Runtime\Cache\Admin\18bc66a7b6334412ab8e61a2539ecfbd.php 第 112 行.
NOTIC: [8] Undefined variable: menuid E:\code\PHP\shop\Application\Runtime\Cache\Admin\18bc66a7b6334412ab8e61a2539ecfbd.php 第 89 行.
NOTIC: [8] Undefined index: sellerRemark E:\code\PHP\shop\Application\Runtime\Cache\Admin\18bc66a7b6334412ab8e61a2539ecfbd.php 第 90 行.
NOTIC: [8] Undefined variable: menuid E:\code\PHP\shop\Application\Runtime\Cache\Admin\18bc66a7b6334412ab8e61a2539ecfbd.php 第 112 行.
NOTIC: [8] Undefined index: orderId E:\code\PHP\shop\Application\Runtime\Cache\Admin\18bc66a7b6334412ab8e61a2539ecfbd.php 第 112 行.
NOTIC: [8] Undefined variable: menuid E:\code\PHP\shop\Application\Runtime\Cache\Admin\18bc66a7b6334412ab8e61a2539ecfbd.php 第 89 行.
NOTIC: [8] Undefined index: sellerRemark E:\code\PHP\shop\Application\Runtime\Cache\Admin\18bc66a7b6334412ab8e61a2539ecfbd.php 第 90 行.
NOTIC: [8] Undefined variable: menuid E:\code\PHP\shop\Application\Runtime\Cache\Admin\18bc66a7b6334412ab8e61a2539ecfbd.php 第 112 行.
NOTIC: [8] Undefined index: orderId E:\code\PHP\shop\Application\Runtime\Cache\Admin\18bc66a7b6334412ab8e61a2539ecfbd.php 第 112 行.
NOTIC: [8] Undefined variable: menuid E:\code\PHP\shop\Application\Runtime\Cache\Admin\18bc66a7b6334412ab8e61a2539ecfbd.php 第 89 行.
NOTIC: [8] Undefined index: sellerRemark E:\code\PHP\shop\Application\Runtime\Cache\Admin\18bc66a7b6334412ab8e61a2539ecfbd.php 第 90 行.
NOTIC: [8] Undefined variable: menuid E:\code\PHP\shop\Application\Runtime\Cache\Admin\18bc66a7b6334412ab8e61a2539ecfbd.php 第 112 行.
NOTIC: [8] Undefined index: orderId E:\code\PHP\shop\Application\Runtime\Cache\Admin\18bc66a7b6334412ab8e61a2539ecfbd.php 第 112 行.
NOTIC: [8] Undefined variable: menuid E:\code\PHP\shop\Application\Runtime\Cache\Admin\18bc66a7b6334412ab8e61a2539ecfbd.php 第 89 行.
NOTIC: [8] Undefined index: sellerRemark E:\code\PHP\shop\Application\Runtime\Cache\Admin\18bc66a7b6334412ab8e61a2539ecfbd.php 第 90 行.
NOTIC: [8] Undefined variable: menuid E:\code\PHP\shop\Application\Runtime\Cache\Admin\18bc66a7b6334412ab8e61a2539ecfbd.php 第 112 行.
NOTIC: [8] Undefined index: orderId E:\code\PHP\shop\Application\Runtime\Cache\Admin\18bc66a7b6334412ab8e61a2539ecfbd.php 第 112 行.
NOTIC: [8] Undefined variable: menuid E:\code\PHP\shop\Application\Runtime\Cache\Admin\18bc66a7b6334412ab8e61a2539ecfbd.php 第 89 行.
NOTIC: [8] Undefined index: sellerRemark E:\code\PHP\shop\Application\Runtime\Cache\Admin\18bc66a7b6334412ab8e61a2539ecfbd.php 第 90 行.
NOTIC: [8] Undefined variable: menuid E:\code\PHP\shop\Application\Runtime\Cache\Admin\18bc66a7b6334412ab8e61a2539ecfbd.php 第 112 行.
NOTIC: [8] Undefined index: orderId E:\code\PHP\shop\Application\Runtime\Cache\Admin\18bc66a7b6334412ab8e61a2539ecfbd.php 第 112 行.
NOTIC: [8] Undefined variable: menuid E:\code\PHP\shop\Application\Runtime\Cache\Admin\18bc66a7b6334412ab8e61a2539ecfbd.php 第 89 行.
NOTIC: [8] Undefined index: sellerRemark E:\code\PHP\shop\Application\Runtime\Cache\Admin\18bc66a7b6334412ab8e61a2539ecfbd.php 第 90 行.
NOTIC: [8] Undefined variable: menuid E:\code\PHP\shop\Application\Runtime\Cache\Admin\18bc66a7b6334412ab8e61a2539ecfbd.php 第 112 行.
NOTIC: [8] Undefined index: orderId E:\code\PHP\shop\Application\Runtime\Cache\Admin\18bc66a7b6334412ab8e61a2539ecfbd.php 第 112 行.
NOTIC: [8] Undefined variable: page E:\code\PHP\shop\Application\Runtime\Cache\Admin\18bc66a7b6334412ab8e61a2539ecfbd.php 第 121 行.
INFO: Run Behavior\ParseTemplateBehavior [ RunTime:0.063261s ]
INFO: [ view_parse ] --END-- [ RunTime:0.063334s ]
INFO: [ view_filter ] --START--
INFO: Run Behavior\WriteHtmlCacheBehavior [ RunTime:0.000302s ]
INFO: [ view_filter ] --END-- [ RunTime:0.000359s ]
NOTIC: [2] Cannot modify header information - headers already sent by (output started at E:\code\PHP\shop\Application\Admin\Controller\OrderController.class.php:18) E:\code\PHP\shop\ThinkPHP\Library\Think\View.class.php 第 91 行.
NOTIC: [2] Cannot modify header information - headers already sent by (output started at E:\code\PHP\shop\Application\Admin\Controller\OrderController.class.php:18) E:\code\PHP\shop\ThinkPHP\Library\Think\View.class.php 第 92 行.
NOTIC: [2] Cannot modify header information - headers already sent by (output started at E:\code\PHP\shop\Application\Admin\Controller\OrderController.class.php:18) E:\code\PHP\shop\ThinkPHP\Library\Think\View.class.php 第 93 行.

[ 2018-02-26T23:35:15+08:00 ] 127.0.0.1 /index.php/Admin/Order/index.html
INFO: [ app_init ] --START--
INFO: Run Behavior\BuildLiteBehavior [ RunTime:0.000022s ]
INFO: [ app_init ] --END-- [ RunTime:0.000485s ]
INFO: [ app_begin ] --START--
INFO: Run Behavior\ReadHtmlCacheBehavior [ RunTime:0.000544s ]
INFO: [ app_begin ] --END-- [ RunTime:0.000629s ]
SQL: SHOW COLUMNS FROM `shop_order` [ RunTime:0.0083s ]
SQL: SELECT * FROM `shop_order`  [ RunTime:0.0003s ]
INFO: [ view_parse ] --START--
INFO: [ template_filter ] --START--
INFO: Run Behavior\ContentReplaceBehavior [ RunTime:0.000185s ]
INFO: [ template_filter ] --END-- [ RunTime:0.000394s ]
NOTIC: [8] Undefined variable: menuid E:\code\PHP\shop\Application\Runtime\Cache\Admin\18bc66a7b6334412ab8e61a2539ecfbd.php 第 28 行.
NOTIC: [8] Undefined variable: search E:\code\PHP\shop\Application\Runtime\Cache\Admin\18bc66a7b6334412ab8e61a2539ecfbd.php 第 30 行.
NOTIC: [8] Undefined variable: search E:\code\PHP\shop\Application\Runtime\Cache\Admin\18bc66a7b6334412ab8e61a2539ecfbd.php 第 32 行.
NOTIC: [8] Undefined variable: search E:\code\PHP\shop\Application\Runtime\Cache\Admin\18bc66a7b6334412ab8e61a2539ecfbd.php 第 37 行.
NOTIC: [8] Undefined variable: search E:\code\PHP\shop\Application\Runtime\Cache\Admin\18bc66a7b6334412ab8e61a2539ecfbd.php 第 37 行.
NOTIC: [8] Undefined variable: search E:\code\PHP\shop\Application\Runtime\Cache\Admin\18bc66a7b6334412ab8e61a2539ecfbd.php 第 37 行.
NOTIC: [8] Undefined variable: search E:\code\PHP\shop\Application\Runtime\Cache\Admin\18bc66a7b6334412ab8e61a2539ecfbd.php 第 37 行.
NOTIC: [8] Undefined variable: search E:\code\PHP\shop\Application\Runtime\Cache\Admin\18bc66a7b6334412ab8e61a2539ecfbd.php 第 37 行.
NOTIC: [8] Undefined variable: sm E:\code\PHP\shop\Application\Runtime\Cache\Admin\18bc66a7b6334412ab8e61a2539ecfbd.php 第 42 行.
NOTIC: [8] Undefined variable: search E:\code\PHP\shop\Application\Runtime\Cache\Admin\18bc66a7b6334412ab8e61a2539ecfbd.php 第 44 行.
NOTIC: [8] Undefined variable: search E:\code\PHP\shop\Application\Runtime\Cache\Admin\18bc66a7b6334412ab8e61a2539ecfbd.php 第 46 行.
NOTIC: [8] Undefined variable: search E:\code\PHP\shop\Application\Runtime\Cache\Admin\18bc66a7b6334412ab8e61a2539ecfbd.php 第 48 行.
NOTIC: [8] Undefined variable: search E:\code\PHP\shop\Application\Runtime\Cache\Admin\18bc66a7b6334412ab8e61a2539ecfbd.php 第 50 行.
NOTIC: [8] Undefined variable: search E:\code\PHP\shop\Application\Runtime\Cache\Admin\18bc66a7b6334412ab8e61a2539ecfbd.php 第 54 行.
NOTIC: [8] Undefined variable: search E:\code\PHP\shop\Application\Runtime\Cache\Admin\18bc66a7b6334412ab8e61a2539ecfbd.php 第 56 行.
NOTIC: [8] Undefined variable: menuid E:\code\PHP\shop\Application\Runtime\Cache\Admin\18bc66a7b6334412ab8e61a2539ecfbd.php 第 89 行.
NOTIC: [8] Undefined index: sellerRemark E:\code\PHP\shop\Application\Runtime\Cache\Admin\18bc66a7b6334412ab8e61a2539ecfbd.php 第 90 行.
NOTIC: [8] Undefined variable: menuid E:\code\PHP\shop\Application\Runtime\Cache\Admin\18bc66a7b6334412ab8e61a2539ecfbd.php 第 112 行.
NOTIC: [8] Undefined index: orderId E:\code\PHP\shop\Application\Runtime\Cache\Admin\18bc66a7b6334412ab8e61a2539ecfbd.php 第 112 行.
NOTIC: [8] Undefined variable: menuid E:\code\PHP\shop\Application\Runtime\Cache\Admin\18bc66a7b6334412ab8e61a2539ecfbd.php 第 89 行.
NOTIC: [8] Undefined index: sellerRemark E:\code\PHP\shop\Application\Runtime\Cache\Admin\18bc66a7b6334412ab8e61a2539ecfbd.php 第 90 行.
NOTIC: [8] Undefined variable: menuid E:\code\PHP\shop\Application\Runtime\Cache\Admin\18bc66a7b6334412ab8e61a2539ecfbd.php 第 112 行.
NOTIC: [8] Undefined index: orderId E:\code\PHP\shop\Application\Runtime\Cache\Admin\18bc66a7b6334412ab8e61a2539ecfbd.php 第 112 行.
NOTIC: [8] Undefined variable: menuid E:\code\PHP\shop\Application\Runtime\Cache\Admin\18bc66a7b6334412ab8e61a2539ecfbd.php 第 89 行.
NOTIC: [8] Undefined index: sellerRemark E:\code\PHP\shop\Application\Runtime\Cache\Admin\18bc66a7b6334412ab8e61a2539ecfbd.php 第 90 行.
NOTIC: [8] Undefined variable: menuid E:\code\PHP\shop\Application\Runtime\Cache\Admin\18bc66a7b6334412ab8e61a2539ecfbd.php 第 112 行.
NOTIC: [8] Undefined index: orderId E:\code\PHP\shop\Application\Runtime\Cache\Admin\18bc66a7b6334412ab8e61a2539ecfbd.php 第 112 行.
NOTIC: [8] Undefined variable: menuid E:\code\PHP\shop\Application\Runtime\Cache\Admin\18bc66a7b6334412ab8e61a2539ecfbd.php 第 89 行.
NOTIC: [8] Undefined index: sellerRemark E:\code\PHP\shop\Application\Runtime\Cache\Admin\18bc66a7b6334412ab8e61a2539ecfbd.php 第 90 行.
NOTIC: [8] Undefined variable: menuid E:\code\PHP\shop\Application\Runtime\Cache\Admin\18bc66a7b6334412ab8e61a2539ecfbd.php 第 112 行.
NOTIC: [8] Undefined index: orderId E:\code\PHP\shop\Application\Runtime\Cache\Admin\18bc66a7b6334412ab8e61a2539ecfbd.php 第 112 行.
NOTIC: [8] Undefined variable: menuid E:\code\PHP\shop\Application\Runtime\Cache\Admin\18bc66a7b6334412ab8e61a2539ecfbd.php 第 89 行.
NOTIC: [8] Undefined index: sellerRemark E:\code\PHP\shop\Application\Runtime\Cache\Admin\18bc66a7b6334412ab8e61a2539ecfbd.php 第 90 行.
NOTIC: [8] Undefined variable: menuid E:\code\PHP\shop\Application\Runtime\Cache\Admin\18bc66a7b6334412ab8e61a2539ecfbd.php 第 112 行.
NOTIC: [8] Undefined index: orderId E:\code\PHP\shop\Application\Runtime\Cache\Admin\18bc66a7b6334412ab8e61a2539ecfbd.php 第 112 行.
NOTIC: [8] Undefined variable: menuid E:\code\PHP\shop\Application\Runtime\Cache\Admin\18bc66a7b6334412ab8e61a2539ecfbd.php 第 89 行.
NOTIC: [8] Undefined index: sellerRemark E:\code\PHP\shop\Application\Runtime\Cache\Admin\18bc66a7b6334412ab8e61a2539ecfbd.php 第 90 行.
NOTIC: [8] Undefined variable: menuid E:\code\PHP\shop\Application\Runtime\Cache\Admin\18bc66a7b6334412ab8e61a2539ecfbd.php 第 112 行.
NOTIC: [8] Undefined index: orderId E:\code\PHP\shop\Application\Runtime\Cache\Admin\18bc66a7b6334412ab8e61a2539ecfbd.php 第 112 行.
NOTIC: [8] Undefined variable: menuid E:\code\PHP\shop\Application\Runtime\Cache\Admin\18bc66a7b6334412ab8e61a2539ecfbd.php 第 89 行.
NOTIC: [8] Undefined index: sellerRemark E:\code\PHP\shop\Application\Runtime\Cache\Admin\18bc66a7b6334412ab8e61a2539ecfbd.php 第 90 行.
NOTIC: [8] Undefined variable: menuid E:\code\PHP\shop\Application\Runtime\Cache\Admin\18bc66a7b6334412ab8e61a2539ecfbd.php 第 112 行.
NOTIC: [8] Undefined index: orderId E:\code\PHP\shop\Application\Runtime\Cache\Admin\18bc66a7b6334412ab8e61a2539ecfbd.php 第 112 行.
NOTIC: [8] Undefined variable: menuid E:\code\PHP\shop\Application\Runtime\Cache\Admin\18bc66a7b6334412ab8e61a2539ecfbd.php 第 89 行.
NOTIC: [8] Undefined index: sellerRemark E:\code\PHP\shop\Application\Runtime\Cache\Admin\18bc66a7b6334412ab8e61a2539ecfbd.php 第 90 行.
NOTIC: [8] Undefined variable: menuid E:\code\PHP\shop\Application\Runtime\Cache\Admin\18bc66a7b6334412ab8e61a2539ecfbd.php 第 112 行.
NOTIC: [8] Undefined index: orderId E:\code\PHP\shop\Application\Runtime\Cache\Admin\18bc66a7b6334412ab8e61a2539ecfbd.php 第 112 行.
NOTIC: [8] Undefined variable: page E:\code\PHP\shop\Application\Runtime\Cache\Admin\18bc66a7b6334412ab8e61a2539ecfbd.php 第 121 行.
INFO: Run Behavior\ParseTemplateBehavior [ RunTime:0.085696s ]
INFO: [ view_parse ] --END-- [ RunTime:0.085792s ]
INFO: [ view_filter ] --START--
INFO: Run Behavior\WriteHtmlCacheBehavior [ RunTime:0.000392s ]
INFO: [ view_filter ] --END-- [ RunTime:0.000453s ]
NOTIC: [2] Cannot modify header information - headers already sent by (output started at E:\code\PHP\shop\Application\Admin\Controller\OrderController.class.php:18) E:\code\PHP\shop\ThinkPHP\Library\Think\View.class.php 第 91 行.
NOTIC: [2] Cannot modify header information - headers already sent by (output started at E:\code\PHP\shop\Application\Admin\Controller\OrderController.class.php:18) E:\code\PHP\shop\ThinkPHP\Library\Think\View.class.php 第 92 行.
NOTIC: [2] Cannot modify header information - headers already sent by (output started at E:\code\PHP\shop\Application\Admin\Controller\OrderController.class.php:18) E:\code\PHP\shop\ThinkPHP\Library\Think\View.class.php 第 93 行.
INFO: [ app_end ] --START--
INFO: Run Behavior\ShowPageTraceBehavior [ RunTime:0.000501s ]
INFO: [ app_end ] --END-- [ RunTime:0.000565s ]

[ 2018-02-26T23:35:21+08:00 ] 127.0.0.1 /index.php/Admin/Index/index.html
INFO: [ app_init ] --START--
INFO: Run Behavior\BuildLiteBehavior [ RunTime:0.000024s ]
INFO: [ app_init ] --END-- [ RunTime:0.000465s ]
INFO: [ app_begin ] --START--
INFO: Run Behavior\ReadHtmlCacheBehavior [ RunTime:0.000543s ]
INFO: [ app_begin ] --END-- [ RunTime:0.000629s ]
INFO: [ view_parse ] --START--
INFO: [ template_filter ] --START--
INFO: Run Behavior\ContentReplaceBehavior [ RunTime:0.000095s ]
INFO: [ template_filter ] --END-- [ RunTime:0.000192s ]
NOTIC: [8] Undefined variable: my_admin E:\code\PHP\shop\Application\Runtime\Cache\Admin\b595b808c2ebeeeb0478ffc30bb4e87a.php 第 24 行.
NOTIC: [8] Undefined variable: my_admin E:\code\PHP\shop\Application\Runtime\Cache\Admin\b595b808c2ebeeeb0478ffc30bb4e87a.php 第 24 行.
NOTIC: [8] Undefined variable: top_menus E:\code\PHP\shop\Application\Runtime\Cache\Admin\b595b808c2ebeeeb0478ffc30bb4e87a.php 第 30 行.
INFO: Run Behavior\ParseTemplateBehavior [ RunTime:0.010668s ]
INFO: [ view_parse ] --END-- [ RunTime:0.010762s ]
INFO: [ view_filter ] --START--
INFO: Run Behavior\WriteHtmlCacheBehavior [ RunTime:0.000378s ]
INFO: [ view_filter ] --END-- [ RunTime:0.000459s ]
INFO: [ app_end ] --START--
INFO: Run Behavior\ShowPageTraceBehavior [ RunTime:0.000588s ]
INFO: [ app_end ] --END-- [ RunTime:0.000672s ]

[ 2018-02-26T23:35:21+08:00 ] 127.0.0.1 /index.php/Admin/index/panel.html
INFO: [ app_init ] --START--
INFO: Run Behavior\BuildLiteBehavior [ RunTime:0.000026s ]
INFO: [ app_init ] --END-- [ RunTime:0.000533s ]
INFO: [ app_begin ] --START--
INFO: Run Behavior\ReadHtmlCacheBehavior [ RunTime:0.000635s ]
INFO: [ app_begin ] --END-- [ RunTime:0.000741s ]
INFO: [ view_parse ] --START--
INFO: [ template_filter ] --START--
INFO: Run Behavior\ContentReplaceBehavior [ RunTime:0.000105s ]
INFO: [ template_filter ] --END-- [ RunTime:0.000221s ]
NOTIC: [8] Undefined variable: count E:\code\PHP\shop\Application\Runtime\Cache\Admin\994df3e744bd6bb61eebf50545c50499.php 第 72 行.
NOTIC: [8] Undefined variable: count E:\code\PHP\shop\Application\Runtime\Cache\Admin\994df3e744bd6bb61eebf50545c50499.php 第 73 行.
NOTIC: [8] Undefined variable: count E:\code\PHP\shop\Application\Runtime\Cache\Admin\994df3e744bd6bb61eebf50545c50499.php 第 74 行.
NOTIC: [8] Undefined variable: count E:\code\PHP\shop\Application\Runtime\Cache\Admin\994df3e744bd6bb61eebf50545c50499.php 第 77 行.
NOTIC: [8] Undefined variable: count E:\code\PHP\shop\Application\Runtime\Cache\Admin\994df3e744bd6bb61eebf50545c50499.php 第 80 行.
INFO: Run Behavior\ParseTemplateBehavior [ RunTime:0.041306s ]
INFO: [ view_parse ] --END-- [ RunTime:0.041396s ]
INFO: [ view_filter ] --START--
INFO: Run Behavior\WriteHtmlCacheBehavior [ RunTime:0.000382s ]
INFO: [ view_filter ] --END-- [ RunTime:0.000441s ]
INFO: [ app_end ] --START--
INFO: Run Behavior\ShowPageTraceBehavior [ RunTime:0.000738s ]
INFO: [ app_end ] --END-- [ RunTime:0.000849s ]

[ 2018-02-26T23:35:21+08:00 ] 127.0.0.1 /index.php/Admin/Index/left.html
INFO: [ app_init ] --START--
INFO: Run Behavior\BuildLiteBehavior [ RunTime:0.000026s ]
INFO: [ app_init ] --END-- [ RunTime:0.000566s ]
INFO: [ app_begin ] --START--
INFO: Run Behavior\ReadHtmlCacheBehavior [ RunTime:0.000635s ]
INFO: [ app_begin ] --END-- [ RunTime:0.000721s ]
INFO: [ view_parse ] --START--
INFO: [ template_filter ] --START--
INFO: Run Behavior\ContentReplaceBehavior [ RunTime:0.000056s ]
INFO: [ template_filter ] --END-- [ RunTime:0.000133s ]
NOTIC: [8] Undefined variable: left_menu E:\code\PHP\shop\Application\Runtime\Cache\Admin\6778f0baf40e879d2b8c18d2052abd0c.php 第 1 行.
NOTIC: [8] Undefined variable: sval E:\code\PHP\shop\Application\Runtime\Cache\Admin\6778f0baf40e879d2b8c18d2052abd0c.php 第 22 行.
INFO: Run Behavior\ParseTemplateBehavior [ RunTime:0.012875s ]
INFO: [ view_parse ] --END-- [ RunTime:0.012982s ]
INFO: [ view_filter ] --START--
INFO: Run Behavior\WriteHtmlCacheBehavior [ RunTime:0.000562s ]
INFO: [ view_filter ] --END-- [ RunTime:0.000655s ]
INFO: [ app_end ] --START--
INFO: Run Behavior\ShowPageTraceBehavior [ RunTime:0.000759s ]
INFO: [ app_end ] --END-- [ RunTime:0.000858s ]

[ 2018-02-26T23:35:22+08:00 ] 127.0.0.1 /index.php/Admin/Index/index.html
INFO: [ app_init ] --START--
INFO: Run Behavior\BuildLiteBehavior [ RunTime:0.000020s ]
INFO: [ app_init ] --END-- [ RunTime:0.000444s ]
INFO: [ app_begin ] --START--
INFO: Run Behavior\ReadHtmlCacheBehavior [ RunTime:0.000516s ]
INFO: [ app_begin ] --END-- [ RunTime:0.000599s ]
INFO: [ view_parse ] --START--
INFO: [ template_filter ] --START--
INFO: Run Behavior\ContentReplaceBehavior [ RunTime:0.000087s ]
INFO: [ template_filter ] --END-- [ RunTime:0.000167s ]
NOTIC: [8] Undefined variable: my_admin E:\code\PHP\shop\Application\Runtime\Cache\Admin\b595b808c2ebeeeb0478ffc30bb4e87a.php 第 24 行.
NOTIC: [8] Undefined variable: my_admin E:\code\PHP\shop\Application\Runtime\Cache\Admin\b595b808c2ebeeeb0478ffc30bb4e87a.php 第 24 行.
NOTIC: [8] Undefined variable: top_menus E:\code\PHP\shop\Application\Runtime\Cache\Admin\b595b808c2ebeeeb0478ffc30bb4e87a.php 第 30 行.
INFO: Run Behavior\ParseTemplateBehavior [ RunTime:0.009796s ]
INFO: [ view_parse ] --END-- [ RunTime:0.009881s ]
INFO: [ view_filter ] --START--
INFO: Run Behavior\WriteHtmlCacheBehavior [ RunTime:0.000346s ]
INFO: [ view_filter ] --END-- [ RunTime:0.000427s ]
INFO: [ app_end ] --START--
INFO: Run Behavior\ShowPageTraceBehavior [ RunTime:0.000587s ]
INFO: [ app_end ] --END-- [ RunTime:0.000675s ]

[ 2018-02-26T23:35:23+08:00 ] 127.0.0.1 /index.php/Admin/index/panel.html
INFO: [ app_init ] --START--
INFO: Run Behavior\BuildLiteBehavior [ RunTime:0.000019s ]
INFO: [ app_init ] --END-- [ RunTime:0.000375s ]
INFO: [ app_begin ] --START--
INFO: Run Behavior\ReadHtmlCacheBehavior [ RunTime:0.000449s ]
INFO: [ app_begin ] --END-- [ RunTime:0.000529s ]
INFO: [ view_parse ] --START--
INFO: [ template_filter ] --START--
INFO: Run Behavior\ContentReplaceBehavior [ RunTime:0.000102s ]
INFO: [ template_filter ] --END-- [ RunTime:0.000220s ]
NOTIC: [8] Undefined variable: count E:\code\PHP\shop\Application\Runtime\Cache\Admin\994df3e744bd6bb61eebf50545c50499.php 第 72 行.
NOTIC: [8] Undefined variable: count E:\code\PHP\shop\Application\Runtime\Cache\Admin\994df3e744bd6bb61eebf50545c50499.php 第 73 行.
NOTIC: [8] Undefined variable: count E:\code\PHP\shop\Application\Runtime\Cache\Admin\994df3e744bd6bb61eebf50545c50499.php 第 74 行.
NOTIC: [8] Undefined variable: count E:\code\PHP\shop\Application\Runtime\Cache\Admin\994df3e744bd6bb61eebf50545c50499.php 第 77 行.
NOTIC: [8] Undefined variable: count E:\code\PHP\shop\Application\Runtime\Cache\Admin\994df3e744bd6bb61eebf50545c50499.php 第 80 行.
INFO: Run Behavior\ParseTemplateBehavior [ RunTime:0.051129s ]
INFO: [ view_parse ] --END-- [ RunTime:0.051199s ]
INFO: [ view_filter ] --START--
INFO: Run Behavior\WriteHtmlCacheBehavior [ RunTime:0.000282s ]
INFO: [ view_filter ] --END-- [ RunTime:0.000342s ]
INFO: [ app_end ] --START--
INFO: Run Behavior\ShowPageTraceBehavior [ RunTime:0.000498s ]
INFO: [ app_end ] --END-- [ RunTime:0.000564s ]

[ 2018-02-26T23:35:23+08:00 ] 127.0.0.1 /index.php/Admin/Index/left.html
INFO: [ app_init ] --START--
INFO: Run Behavior\BuildLiteBehavior [ RunTime:0.000030s ]
INFO: [ app_init ] --END-- [ RunTime:0.000624s ]
INFO: [ app_begin ] --START--
INFO: Run Behavior\ReadHtmlCacheBehavior [ RunTime:0.000654s ]
INFO: [ app_begin ] --END-- [ RunTime:0.000773s ]
INFO: [ view_parse ] --START--
INFO: [ template_filter ] --START--
INFO: Run Behavior\ContentReplaceBehavior [ RunTime:0.000062s ]
INFO: [ template_filter ] --END-- [ RunTime:0.000140s ]
NOTIC: [8] Undefined variable: left_menu E:\code\PHP\shop\Application\Runtime\Cache\Admin\6778f0baf40e879d2b8c18d2052abd0c.php 第 1 行.
NOTIC: [8] Undefined variable: sval E:\code\PHP\shop\Application\Runtime\Cache\Admin\6778f0baf40e879d2b8c18d2052abd0c.php 第 22 行.
INFO: Run Behavior\ParseTemplateBehavior [ RunTime:0.010898s ]
INFO: [ view_parse ] --END-- [ RunTime:0.010963s ]
INFO: [ view_filter ] --START--
INFO: Run Behavior\WriteHtmlCacheBehavior [ RunTime:0.000289s ]
INFO: [ view_filter ] --END-- [ RunTime:0.000340s ]
INFO: [ app_end ] --START--
INFO: Run Behavior\ShowPageTraceBehavior [ RunTime:0.000438s ]
INFO: [ app_end ] --END-- [ RunTime:0.000493s ]

[ 2018-02-26T23:35:23+08:00 ] 127.0.0.1 /index.php/Admin/Keyword/addkeyword.html
INFO: [ app_init ] --START--
INFO: Run Behavior\BuildLiteBehavior [ RunTime:0.000021s ]
INFO: [ app_init ] --END-- [ RunTime:0.000455s ]
INFO: [ app_begin ] --START--
INFO: Run Behavior\ReadHtmlCacheBehavior [ RunTime:0.000527s ]
INFO: [ app_begin ] --END-- [ RunTime:0.000610s ]
SQL: SHOW COLUMNS FROM `shop_keyword` [ RunTime:0.0148s ]
NOTIC: [8] Undefined index: op E:\code\PHP\shop\Application\Admin\Controller\KeywordController.class.php 第 16 行.
SQL: SHOW COLUMNS FROM `shop_keyword` [ RunTime:0.0081s ]
SQL: SELECT * FROM `shop_keyword` WHERE ( iskey=1 ) ORDER BY id desc  [ RunTime:0.0002s ]
INFO: [ view_parse ] --START--
INFO: [ template_filter ] --START--
INFO: Run Behavior\ContentReplaceBehavior [ RunTime:0.000047s ]
INFO: [ template_filter ] --END-- [ RunTime:0.000116s ]
INFO: Run Behavior\ParseTemplateBehavior [ RunTime:0.016195s ]
INFO: [ view_parse ] --END-- [ RunTime:0.016287s ]
INFO: [ view_filter ] --START--
INFO: Run Behavior\WriteHtmlCacheBehavior [ RunTime:0.000360s ]
INFO: [ view_filter ] --END-- [ RunTime:0.000438s ]
INFO: [ app_end ] --START--
INFO: Run Behavior\ShowPageTraceBehavior [ RunTime:0.000448s ]
INFO: [ app_end ] --END-- [ RunTime:0.000510s ]

[ 2018-02-26T23:35:23+08:00 ] 127.0.0.1 /index.php/Admin/Keyword/addkeyword.html
INFO: [ app_init ] --START--
INFO: Run Behavior\BuildLiteBehavior [ RunTime:0.000046s ]
INFO: [ app_init ] --END-- [ RunTime:0.000600s ]
INFO: [ app_begin ] --START--
INFO: Run Behavior\ReadHtmlCacheBehavior [ RunTime:0.000624s ]
INFO: [ app_begin ] --END-- [ RunTime:0.000757s ]
SQL: SHOW COLUMNS FROM `shop_keyword` [ RunTime:0.0077s ]
NOTIC: [8] Undefined index: op E:\code\PHP\shop\Application\Admin\Controller\KeywordController.class.php 第 16 行.
SQL: SHOW COLUMNS FROM `shop_keyword` [ RunTime:0.0076s ]
SQL: SELECT * FROM `shop_keyword` WHERE ( iskey=1 ) ORDER BY id desc  [ RunTime:0.0002s ]
INFO: [ view_parse ] --START--
INFO: [ template_filter ] --START--
INFO: Run Behavior\ContentReplaceBehavior [ RunTime:0.000047s ]
INFO: [ template_filter ] --END-- [ RunTime:0.000115s ]
INFO: Run Behavior\ParseTemplateBehavior [ RunTime:0.006842s ]
INFO: [ view_parse ] --END-- [ RunTime:0.006923s ]
INFO: [ view_filter ] --START--
INFO: Run Behavior\WriteHtmlCacheBehavior [ RunTime:0.000279s ]
INFO: [ view_filter ] --END-- [ RunTime:0.000346s ]
INFO: [ app_end ] --START--
INFO: Run Behavior\ShowPageTraceBehavior [ RunTime:0.000457s ]
INFO: [ app_end ] --END-- [ RunTime:0.000517s ]

[ 2018-02-26T23:35:24+08:00 ] 127.0.0.1 /index.php/Admin/Keyword/ajaxupload.html
INFO: [ app_init ] --START--
INFO: Run Behavior\BuildLiteBehavior [ RunTime:0.000020s ]
INFO: [ app_init ] --END-- [ RunTime:0.000395s ]
INFO: [ app_begin ] --START--
INFO: Run Behavior\ReadHtmlCacheBehavior [ RunTime:0.000525s ]
INFO: [ app_begin ] --END-- [ RunTime:0.000598s ]
SQL: SHOW COLUMNS FROM `shop_keyword` [ RunTime:0.0131s ]
INFO: [ app_end ] --START--
INFO: Run Behavior\ShowPageTraceBehavior [ RunTime:0.000563s ]
INFO: [ app_end ] --END-- [ RunTime:0.000637s ]

[ 2018-02-26T23:35:24+08:00 ] 127.0.0.1 /index.php/Admin/Keyword/addmess.html
INFO: [ app_init ] --START--
INFO: Run Behavior\BuildLiteBehavior [ RunTime:0.000023s ]
INFO: [ app_init ] --END-- [ RunTime:0.000482s ]
INFO: [ app_begin ] --START--
INFO: Run Behavior\ReadHtmlCacheBehavior [ RunTime:0.000556s ]
INFO: [ app_begin ] --END-- [ RunTime:0.000641s ]
SQL: SHOW COLUMNS FROM `shop_keyword` [ RunTime:0.0091s ]
NOTIC: [8] Undefined index: op E:\code\PHP\shop\Application\Admin\Controller\KeywordController.class.php 第 154 行.
INFO: [ view_parse ] --START--
INFO: [ template_filter ] --START--
INFO: Run Behavior\ContentReplaceBehavior [ RunTime:0.000042s ]
INFO: [ template_filter ] --END-- [ RunTime:0.000108s ]
INFO: Run Behavior\ParseTemplateBehavior [ RunTime:0.014904s ]
INFO: [ view_parse ] --END-- [ RunTime:0.015002s ]
INFO: [ view_filter ] --START--
INFO: Run Behavior\WriteHtmlCacheBehavior [ RunTime:0.000317s ]
INFO: [ view_filter ] --END-- [ RunTime:0.000387s ]
INFO: [ app_end ] --START--
INFO: Run Behavior\ShowPageTraceBehavior [ RunTime:0.000498s ]
INFO: [ app_end ] --END-- [ RunTime:0.000557s ]

[ 2018-02-26T23:35:24+08:00 ] 127.0.0.1 /index.php/Admin/Keyword/addmess.html
INFO: [ app_init ] --START--
INFO: Run Behavior\BuildLiteBehavior [ RunTime:0.000021s ]
INFO: [ app_init ] --END-- [ RunTime:0.000460s ]
INFO: [ app_begin ] --START--
INFO: Run Behavior\ReadHtmlCacheBehavior [ RunTime:0.000536s ]
INFO: [ app_begin ] --END-- [ RunTime:0.000619s ]
SQL: SHOW COLUMNS FROM `shop_keyword` [ RunTime:0.0074s ]
NOTIC: [8] Undefined index: op E:\code\PHP\shop\Application\Admin\Controller\KeywordController.class.php 第 154 行.
INFO: [ view_parse ] --START--
INFO: [ template_filter ] --START--
INFO: Run Behavior\ContentReplaceBehavior [ RunTime:0.000048s ]
INFO: [ template_filter ] --END-- [ RunTime:0.000118s ]
INFO: Run Behavior\ParseTemplateBehavior [ RunTime:0.005848s ]
INFO: [ view_parse ] --END-- [ RunTime:0.005922s ]
INFO: [ view_filter ] --START--
INFO: Run Behavior\WriteHtmlCacheBehavior [ RunTime:0.000302s ]
INFO: [ view_filter ] --END-- [ RunTime:0.000364s ]
INFO: [ app_end ] --START--
INFO: Run Behavior\ShowPageTraceBehavior [ RunTime:0.000466s ]
INFO: [ app_end ] --END-- [ RunTime:0.000527s ]

[ 2018-02-26T23:35:25+08:00 ] 127.0.0.1 /index.php/Admin/keyword/ajaxupload.html
INFO: [ app_init ] --START--
INFO: Run Behavior\BuildLiteBehavior [ RunTime:0.000018s ]
INFO: [ app_init ] --END-- [ RunTime:0.000366s ]
INFO: [ app_begin ] --START--
INFO: Run Behavior\ReadHtmlCacheBehavior [ RunTime:0.000418s ]
INFO: [ app_begin ] --END-- [ RunTime:0.000481s ]
SQL: SHOW COLUMNS FROM `shop_keyword` [ RunTime:0.0128s ]
INFO: [ app_end ] --START--
INFO: Run Behavior\ShowPageTraceBehavior [ RunTime:0.000537s ]
INFO: [ app_end ] --END-- [ RunTime:0.000600s ]

[ 2018-02-26T23:35:28+08:00 ] 127.0.0.1 /index.php/Admin/Keyword/addfollow.html
INFO: [ app_init ] --START--
INFO: Run Behavior\BuildLiteBehavior [ RunTime:0.000021s ]
INFO: [ app_init ] --END-- [ RunTime:0.000464s ]
INFO: [ app_begin ] --START--
INFO: Run Behavior\ReadHtmlCacheBehavior [ RunTime:0.000843s ]
INFO: [ app_begin ] --END-- [ RunTime:0.000934s ]
SQL: SHOW COLUMNS FROM `shop_keyword` [ RunTime:0.0204s ]
NOTIC: [8] Undefined index: op E:\code\PHP\shop\Application\Admin\Controller\KeywordController.class.php 第 213 行.
INFO: [ view_parse ] --START--
INFO: [ template_filter ] --START--
INFO: Run Behavior\ContentReplaceBehavior [ RunTime:0.000045s ]
INFO: [ template_filter ] --END-- [ RunTime:0.000119s ]
INFO: Run Behavior\ParseTemplateBehavior [ RunTime:0.023475s ]
INFO: [ view_parse ] --END-- [ RunTime:0.023563s ]
INFO: [ view_filter ] --START--
INFO: Run Behavior\WriteHtmlCacheBehavior [ RunTime:0.000543s ]
INFO: [ view_filter ] --END-- [ RunTime:0.000612s ]
INFO: [ app_end ] --START--
INFO: Run Behavior\ShowPageTraceBehavior [ RunTime:0.000637s ]
INFO: [ app_end ] --END-- [ RunTime:0.000698s ]

[ 2018-02-26T23:35:28+08:00 ] 127.0.0.1 /index.php/Admin/Keyword/addfollow.html
INFO: [ app_init ] --START--
INFO: Run Behavior\BuildLiteBehavior [ RunTime:0.000022s ]
INFO: [ app_init ] --END-- [ RunTime:0.000456s ]
INFO: [ app_begin ] --START--
INFO: Run Behavior\ReadHtmlCacheBehavior [ RunTime:0.000541s ]
INFO: [ app_begin ] --END-- [ RunTime:0.000624s ]
SQL: SHOW COLUMNS FROM `shop_keyword` [ RunTime:0.0084s ]
NOTIC: [8] Undefined index: op E:\code\PHP\shop\Application\Admin\Controller\KeywordController.class.php 第 213 行.
INFO: [ view_parse ] --START--
INFO: [ template_filter ] --START--
INFO: Run Behavior\ContentReplaceBehavior [ RunTime:0.000045s ]
INFO: [ template_filter ] --END-- [ RunTime:0.000110s ]
INFO: Run Behavior\ParseTemplateBehavior [ RunTime:0.005671s ]
INFO: [ view_parse ] --END-- [ RunTime:0.005743s ]
INFO: [ view_filter ] --START--
INFO: Run Behavior\WriteHtmlCacheBehavior [ RunTime:0.000266s ]
INFO: [ view_filter ] --END-- [ RunTime:0.000328s ]
INFO: [ app_end ] --START--
INFO: Run Behavior\ShowPageTraceBehavior [ RunTime:0.000460s ]
INFO: [ app_end ] --END-- [ RunTime:0.000521s ]

[ 2018-02-26T23:35:29+08:00 ] 127.0.0.1 /index.php/Admin/keyword/ajaxupload.html
INFO: [ app_init ] --START--
INFO: Run Behavior\BuildLiteBehavior [ RunTime:0.000021s ]
INFO: [ app_init ] --END-- [ RunTime:0.000404s ]
INFO: [ app_begin ] --START--
INFO: Run Behavior\ReadHtmlCacheBehavior [ RunTime:0.000728s ]
INFO: [ app_begin ] --END-- [ RunTime:0.000860s ]
SQL: SHOW COLUMNS FROM `shop_keyword` [ RunTime:0.0167s ]
INFO: [ app_end ] --START--
INFO: Run Behavior\ShowPageTraceBehavior [ RunTime:0.000535s ]
INFO: [ app_end ] --END-- [ RunTime:0.000600s ]

[ 2018-02-26T23:35:29+08:00 ] 127.0.0.1 /index.php/Admin/Keyword/static/weixin/images/dingcan/bigimg.jpg
INFO: [ app_init ] --START--
INFO: Run Behavior\BuildLiteBehavior [ RunTime:0.000028s ]
INFO: [ app_init ] --END-- [ RunTime:0.000552s ]

[ 2018-02-26T23:35:29+08:00 ] 127.0.0.1 /index.php/Admin/Keyword/static/weixin/images/dingcan/keywords_28.jpg
INFO: [ app_init ] --START--
INFO: Run Behavior\BuildLiteBehavior [ RunTime:0.000031s ]
INFO: [ app_init ] --END-- [ RunTime:0.000621s ]

[ 2018-02-26T23:35:29+08:00 ] 127.0.0.1 /index.php/Admin/Keyword/static/weixin/images/dingcan/keywords_15.jpg
INFO: [ app_init ] --START--
INFO: Run Behavior\BuildLiteBehavior [ RunTime:0.000027s ]
INFO: [ app_init ] --END-- [ RunTime:0.000542s ]

[ 2018-02-26T23:35:29+08:00 ] 127.0.0.1 /index.php/Admin/Keyword/static/weixin/images/dingcan/op-modify.png
INFO: [ app_init ] --START--
INFO: Run Behavior\BuildLiteBehavior [ RunTime:0.000019s ]
INFO: [ app_init ] --END-- [ RunTime:0.000383s ]

[ 2018-02-26T23:35:29+08:00 ] 127.0.0.1 /index.php/Admin/Keyword/static/weixin/images/dingcan/keywords_19.jpg
INFO: [ app_init ] --START--
INFO: Run Behavior\BuildLiteBehavior [ RunTime:0.000027s ]
INFO: [ app_init ] --END-- [ RunTime:0.000456s ]

[ 2018-02-26T23:35:29+08:00 ] 127.0.0.1 /index.php/Admin/Keyword/addfollow.html
INFO: [ app_init ] --START--
INFO: Run Behavior\BuildLiteBehavior [ RunTime:0.000021s ]
INFO: [ app_init ] --END-- [ RunTime:0.000449s ]
INFO: [ app_begin ] --START--
INFO: Run Behavior\ReadHtmlCacheBehavior [ RunTime:0.000528s ]
INFO: [ app_begin ] --END-- [ RunTime:0.000610s ]
SQL: SHOW COLUMNS FROM `shop_keyword` [ RunTime:0.0095s ]
NOTIC: [8] Undefined index: op E:\code\PHP\shop\Application\Admin\Controller\KeywordController.class.php 第 213 行.
INFO: [ view_parse ] --START--
INFO: [ template_filter ] --START--
INFO: Run Behavior\ContentReplaceBehavior [ RunTime:0.000045s ]
INFO: [ template_filter ] --END-- [ RunTime:0.000118s ]
INFO: Run Behavior\ParseTemplateBehavior [ RunTime:0.005959s ]
INFO: [ view_parse ] --END-- [ RunTime:0.006034s ]
INFO: [ view_filter ] --START--
INFO: Run Behavior\WriteHtmlCacheBehavior [ RunTime:0.000273s ]
INFO: [ view_filter ] --END-- [ RunTime:0.000333s ]
INFO: [ app_end ] --START--
INFO: Run Behavior\ShowPageTraceBehavior [ RunTime:0.000460s ]
INFO: [ app_end ] --END-- [ RunTime:0.000521s ]

[ 2018-02-26T23:35:29+08:00 ] 127.0.0.1 /index.php/Admin/keyword/ajaxupload.html
INFO: [ app_init ] --START--
INFO: Run Behavior\BuildLiteBehavior [ RunTime:0.000018s ]
INFO: [ app_init ] --END-- [ RunTime:0.000357s ]
INFO: [ app_begin ] --START--
INFO: Run Behavior\ReadHtmlCacheBehavior [ RunTime:0.000421s ]
INFO: [ app_begin ] --END-- [ RunTime:0.000485s ]
SQL: SHOW COLUMNS FROM `shop_keyword` [ RunTime:0.0079s ]
INFO: [ app_end ] --START--
INFO: Run Behavior\ShowPageTraceBehavior [ RunTime:0.000534s ]
INFO: [ app_end ] --END-- [ RunTime:0.000598s ]

[ 2018-02-26T23:35:30+08:00 ] 127.0.0.1 /index.php/Admin/Keyword/static/weixin/images/dingcan/op-modify.png
INFO: [ app_init ] --START--
INFO: Run Behavior\BuildLiteBehavior [ RunTime:0.000029s ]
INFO: [ app_init ] --END-- [ RunTime:0.000546s ]

[ 2018-02-26T23:35:30+08:00 ] 127.0.0.1 /index.php/Admin/Keyword/static/weixin/images/dingcan/keywords_19.jpg
INFO: [ app_init ] --START--
INFO: Run Behavior\BuildLiteBehavior [ RunTime:0.000026s ]
INFO: [ app_init ] --END-- [ RunTime:0.000520s ]

[ 2018-02-26T23:35:30+08:00 ] 127.0.0.1 /index.php/Admin/Keyword/static/weixin/images/dingcan/keywords_15.jpg
INFO: [ app_init ] --START--
INFO: Run Behavior\BuildLiteBehavior [ RunTime:0.000027s ]
INFO: [ app_init ] --END-- [ RunTime:0.000520s ]

[ 2018-02-26T23:35:30+08:00 ] 127.0.0.1 /index.php/Admin/Keyword/static/weixin/images/dingcan/keywords_28.jpg
INFO: [ app_init ] --START--
INFO: Run Behavior\BuildLiteBehavior [ RunTime:0.000026s ]
INFO: [ app_init ] --END-- [ RunTime:0.000537s ]

[ 2018-02-26T23:35:30+08:00 ] 127.0.0.1 /index.php/Admin/Keyword/static/weixin/images/dingcan/bigimg.jpg
INFO: [ app_init ] --START--
INFO: Run Behavior\BuildLiteBehavior [ RunTime:0.000028s ]
INFO: [ app_init ] --END-- [ RunTime:0.000564s ]

[ 2018-02-26T23:35:30+08:00 ] 127.0.0.1 /index.php/Admin/Ad/add.html
INFO: [ app_init ] --START--
INFO: Run Behavior\BuildLiteBehavior [ RunTime:0.000104s ]
INFO: [ app_init ] --END-- [ RunTime:0.001397s ]
INFO: [ app_begin ] --START--
INFO: Run Behavior\ReadHtmlCacheBehavior [ RunTime:0.000511s ]
INFO: [ app_begin ] --END-- [ RunTime:0.000590s ]
INFO: [ view_parse ] --START--
INFO: [ template_filter ] --START--
INFO: Run Behavior\ContentReplaceBehavior [ RunTime:0.000038s ]
INFO: [ template_filter ] --END-- [ RunTime:0.000106s ]
INFO: Run Behavior\ParseTemplateBehavior [ RunTime:0.005551s ]
INFO: [ view_parse ] --END-- [ RunTime:0.005642s ]
INFO: [ view_filter ] --START--
INFO: Run Behavior\WriteHtmlCacheBehavior [ RunTime:0.000296s ]
INFO: [ view_filter ] --END-- [ RunTime:0.000373s ]
INFO: [ app_end ] --START--
INFO: Run Behavior\ShowPageTraceBehavior [ RunTime:0.000477s ]
INFO: [ app_end ] --END-- [ RunTime:0.000540s ]

[ 2018-02-26T23:35:30+08:00 ] 127.0.0.1 /index.php/Admin/Ad/add.html
INFO: [ app_init ] --START--
INFO: Run Behavior\BuildLiteBehavior [ RunTime:0.000017s ]
INFO: [ app_init ] --END-- [ RunTime:0.000356s ]
INFO: [ app_begin ] --START--
INFO: Run Behavior\ReadHtmlCacheBehavior [ RunTime:0.000412s ]
INFO: [ app_begin ] --END-- [ RunTime:0.000478s ]
INFO: [ view_parse ] --START--
INFO: [ template_filter ] --START--
INFO: Run Behavior\ContentReplaceBehavior [ RunTime:0.000039s ]
INFO: [ template_filter ] --END-- [ RunTime:0.000105s ]
INFO: Run Behavior\ParseTemplateBehavior [ RunTime:0.005587s ]
INFO: [ view_parse ] --END-- [ RunTime:0.005670s ]
INFO: [ view_filter ] --START--
INFO: Run Behavior\WriteHtmlCacheBehavior [ RunTime:0.000294s ]
INFO: [ view_filter ] --END-- [ RunTime:0.000363s ]
INFO: [ app_end ] --START--
INFO: Run Behavior\ShowPageTraceBehavior [ RunTime:0.000489s ]
INFO: [ app_end ] --END-- [ RunTime:0.000553s ]

[ 2018-02-26T23:35:31+08:00 ] 127.0.0.1 /index.php/Admin/Keyword/addkeyword.html
INFO: [ app_init ] --START--
INFO: Run Behavior\BuildLiteBehavior [ RunTime:0.000021s ]
INFO: [ app_init ] --END-- [ RunTime:0.000448s ]
INFO: [ app_begin ] --START--
INFO: Run Behavior\ReadHtmlCacheBehavior [ RunTime:0.000525s ]
INFO: [ app_begin ] --END-- [ RunTime:0.000608s ]
SQL: SHOW COLUMNS FROM `shop_keyword` [ RunTime:0.0164s ]
NOTIC: [8] Undefined index: op E:\code\PHP\shop\Application\Admin\Controller\KeywordController.class.php 第 16 行.
SQL: SHOW COLUMNS FROM `shop_keyword` [ RunTime:0.0095s ]
SQL: SELECT * FROM `shop_keyword` WHERE ( iskey=1 ) ORDER BY id desc  [ RunTime:0.0003s ]
INFO: [ view_parse ] --START--
INFO: [ template_filter ] --START--
INFO: Run Behavior\ContentReplaceBehavior [ RunTime:0.000060s ]
INFO: [ template_filter ] --END-- [ RunTime:0.000154s ]
INFO: Run Behavior\ParseTemplateBehavior [ RunTime:0.008929s ]
INFO: [ view_parse ] --END-- [ RunTime:0.009028s ]
INFO: [ view_filter ] --START--
INFO: Run Behavior\WriteHtmlCacheBehavior [ RunTime:0.000347s ]
INFO: [ view_filter ] --END-- [ RunTime:0.000432s ]
INFO: [ app_end ] --START--
INFO: Run Behavior\ShowPageTraceBehavior [ RunTime:0.000582s ]
INFO: [ app_end ] --END-- [ RunTime:0.000662s ]

[ 2018-02-26T23:35:31+08:00 ] 127.0.0.1 /index.php/Admin/Keyword/ajaxupload.html
INFO: [ app_init ] --START--
INFO: Run Behavior\BuildLiteBehavior [ RunTime:0.000017s ]
INFO: [ app_init ] --END-- [ RunTime:0.000355s ]
INFO: [ app_begin ] --START--
INFO: Run Behavior\ReadHtmlCacheBehavior [ RunTime:0.000408s ]
INFO: [ app_begin ] --END-- [ RunTime:0.000470s ]
SQL: SHOW COLUMNS FROM `shop_keyword` [ RunTime:0.0087s ]
INFO: [ app_end ] --START--
INFO: Run Behavior\ShowPageTraceBehavior [ RunTime:0.000540s ]
INFO: [ app_end ] --END-- [ RunTime:0.000609s ]

[ 2018-02-26T23:35:31+08:00 ] 127.0.0.1 /index.php/Admin/Keyword/addmess.html
INFO: [ app_init ] --START--
INFO: Run Behavior\BuildLiteBehavior [ RunTime:0.000023s ]
INFO: [ app_init ] --END-- [ RunTime:0.000459s ]
INFO: [ app_begin ] --START--
INFO: Run Behavior\ReadHtmlCacheBehavior [ RunTime:0.000528s ]
INFO: [ app_begin ] --END-- [ RunTime:0.000611s ]
SQL: SHOW COLUMNS FROM `shop_keyword` [ RunTime:0.0086s ]
NOTIC: [8] Undefined index: op E:\code\PHP\shop\Application\Admin\Controller\KeywordController.class.php 第 154 行.
INFO: [ view_parse ] --START--
INFO: [ template_filter ] --START--
INFO: Run Behavior\ContentReplaceBehavior [ RunTime:0.000043s ]
INFO: [ template_filter ] --END-- [ RunTime:0.000111s ]
INFO: Run Behavior\ParseTemplateBehavior [ RunTime:0.005807s ]
INFO: [ view_parse ] --END-- [ RunTime:0.005883s ]
INFO: [ view_filter ] --START--
INFO: Run Behavior\WriteHtmlCacheBehavior [ RunTime:0.000271s ]
INFO: [ view_filter ] --END-- [ RunTime:0.000337s ]
INFO: [ app_end ] --START--
INFO: Run Behavior\ShowPageTraceBehavior [ RunTime:0.000462s ]
INFO: [ app_end ] --END-- [ RunTime:0.000523s ]

[ 2018-02-26T23:35:31+08:00 ] 127.0.0.1 /index.php/Admin/keyword/ajaxupload.html
INFO: [ app_init ] --START--
INFO: Run Behavior\BuildLiteBehavior [ RunTime:0.000019s ]
INFO: [ app_init ] --END-- [ RunTime:0.000426s ]
INFO: [ app_begin ] --START--
INFO: Run Behavior\ReadHtmlCacheBehavior [ RunTime:0.000472s ]
INFO: [ app_begin ] --END-- [ RunTime:0.000540s ]
SQL: SHOW COLUMNS FROM `shop_keyword` [ RunTime:0.0090s ]
INFO: [ app_end ] --START--
INFO: Run Behavior\ShowPageTraceBehavior [ RunTime:0.000528s ]
INFO: [ app_end ] --END-- [ RunTime:0.000597s ]

